[1.286s] Invoking command in '/home/ubuntu/ros2_ws/src/duckie_led_pkg': PYTHONPATH=/home/ubuntu/ros2_ws/build/duckie_led_pkg/prefix_override:/usr/lib/python3/dist-packages/colcon_core/task/python/colcon_distutils_commands:/home/ubuntu/ros2_ws/install/duckie_led_pkg/lib/python3.10/site-packages:${PYTHONPATH} /usr/bin/python3 -W ignore:setup.py install is deprecated -W ignore:easy_install command is deprecated setup.py egg_info --egg-base ../../build/duckie_led_pkg build --build-base /home/ubuntu/ros2_ws/build/duckie_led_pkg/build install --record /home/ubuntu/ros2_ws/build/duckie_led_pkg/install.log --single-version-externally-managed install_data
[1.671s] running egg_info
[1.672s] writing ../../build/duckie_led_pkg/duckie_led_pkg.egg-info/PKG-INFO
[1.673s] writing dependency_links to ../../build/duckie_led_pkg/duckie_led_pkg.egg-info/dependency_links.txt
[1.673s] writing entry points to ../../build/duckie_led_pkg/duckie_led_pkg.egg-info/entry_points.txt
[1.673s] writing requirements to ../../build/duckie_led_pkg/duckie_led_pkg.egg-info/requires.txt
[1.673s] writing top-level names to ../../build/duckie_led_pkg/duckie_led_pkg.egg-info/top_level.txt
[1.686s] reading manifest file '../../build/duckie_led_pkg/duckie_led_pkg.egg-info/SOURCES.txt'
[1.691s] writing manifest file '../../build/duckie_led_pkg/duckie_led_pkg.egg-info/SOURCES.txt'
[1.691s] running build
[1.691s] running build_py
[1.691s] running install
[1.692s] running install_lib
[1.695s] running install_data
[1.696s] running install_egg_info
[1.698s] removing '/home/ubuntu/ros2_ws/install/duckie_led_pkg/lib/python3.10/site-packages/duckie_led_pkg-0.0.0-py3.10.egg-info' (and everything under it)
[1.698s] Copying ../../build/duckie_led_pkg/duckie_led_pkg.egg-info to /home/ubuntu/ros2_ws/install/duckie_led_pkg/lib/python3.10/site-packages/duckie_led_pkg-0.0.0-py3.10.egg-info
[1.700s] running install_scripts
[1.734s] Installing led_service script to /home/ubuntu/ros2_ws/install/duckie_led_pkg/lib/duckie_led_pkg
[1.734s] writing list of installed files to '/home/ubuntu/ros2_ws/build/duckie_led_pkg/install.log'
[1.765s] Invoked command in '/home/ubuntu/ros2_ws/src/duckie_led_pkg' returned '0': PYTHONPATH=/home/ubuntu/ros2_ws/build/duckie_led_pkg/prefix_override:/usr/lib/python3/dist-packages/colcon_core/task/python/colcon_distutils_commands:/home/ubuntu/ros2_ws/install/duckie_led_pkg/lib/python3.10/site-packages:${PYTHONPATH} /usr/bin/python3 -W ignore:setup.py install is deprecated -W ignore:easy_install command is deprecated setup.py egg_info --egg-base ../../build/duckie_led_pkg build --build-base /home/ubuntu/ros2_ws/build/duckie_led_pkg/build install --record /home/ubuntu/ros2_ws/build/duckie_led_pkg/install.log --single-version-externally-managed install_data
