[0.411s] DEBUG:colcon:Command line arguments: ['/usr/bin/colcon', 'build']
[0.412s] DEBUG:colcon:Parsed command line arguments: Namespace(log_base=None, log_level=None, verb_name='build', build_base='build', install_base='install', merge_install=False, symlink_install=False, test_result_base=None, continue_on_error=False, executor='parallel', parallel_workers=16, event_handlers=None, ignore_user_meta=False, metas=['./colcon.meta'], base_paths=['.'], packages_ignore=None, packages_ignore_regex=None, paths=None, packages_up_to=None, packages_up_to_regex=None, packages_above=None, packages_above_and_dependencies=None, packages_above_depth=None, packages_select_by_dep=None, packages_skip_by_dep=None, packages_skip_up_to=None, packages_select_build_failed=False, packages_skip_build_finished=False, packages_select_test_failures=False, packages_skip_test_passed=False, packages_select=None, packages_skip=None, packages_select_regex=None, packages_skip_regex=None, packages_start=None, packages_end=None, allow_overriding=[], cmake_args=None, cmake_target=None, cmake_target_skip_unavailable=False, cmake_clean_cache=False, cmake_clean_first=False, cmake_force_configure=False, ament_cmake_args=None, catkin_cmake_args=None, catkin_skip_building_tests=False, verb_parser=<colcon_defaults.argument_parser.defaults.DefaultArgumentsDecorator object at 0x786d89323340>, verb_extension=<colcon_core.verb.build.BuildVerb object at 0x786d89468790>, main=<bound method BuildVerb.main of <colcon_core.verb.build.BuildVerb object at 0x786d89468790>>)
[1.008s] Level 1:colcon.colcon_core.package_discovery:discover_packages(colcon_meta) check parameters
[1.008s] Level 1:colcon.colcon_core.package_discovery:discover_packages(recursive) check parameters
[1.008s] Level 1:colcon.colcon_core.package_discovery:discover_packages(ignore) check parameters
[1.008s] Level 1:colcon.colcon_core.package_discovery:discover_packages(path) check parameters
[1.008s] Level 1:colcon.colcon_core.package_discovery:discover_packages(colcon_meta) discover
[1.008s] Level 1:colcon.colcon_core.package_discovery:discover_packages(recursive) discover
[1.008s] INFO:colcon.colcon_core.package_discovery:Crawling recursively for packages in '/home/ubuntu/ros2_ws'
[1.009s] Level 1:colcon.colcon_core.package_identification:_identify(.) by extensions ['ignore', 'ignore_ament_install']
[1.009s] Level 1:colcon.colcon_core.package_identification:_identify(.) by extension 'ignore'
[1.009s] Level 1:colcon.colcon_core.package_identification:_identify(.) by extension 'ignore_ament_install'
[1.009s] Level 1:colcon.colcon_core.package_identification:_identify(.) by extensions ['colcon_pkg']
[1.009s] Level 1:colcon.colcon_core.package_identification:_identify(.) by extension 'colcon_pkg'
[1.010s] Level 1:colcon.colcon_core.package_identification:_identify(.) by extensions ['colcon_meta']
[1.010s] Level 1:colcon.colcon_core.package_identification:_identify(.) by extension 'colcon_meta'
[1.010s] Level 1:colcon.colcon_core.package_identification:_identify(.) by extensions ['ros']
[1.010s] Level 1:colcon.colcon_core.package_identification:_identify(.) by extension 'ros'
[1.033s] Level 1:colcon.colcon_core.package_identification:_identify(.) by extensions ['cmake', 'python']
[1.033s] Level 1:colcon.colcon_core.package_identification:_identify(.) by extension 'cmake'
[1.033s] Level 1:colcon.colcon_core.package_identification:_identify(.) by extension 'python'
[1.033s] Level 1:colcon.colcon_core.package_identification:_identify(.) by extensions ['python_setup_py']
[1.033s] Level 1:colcon.colcon_core.package_identification:_identify(.) by extension 'python_setup_py'
[1.035s] Level 1:colcon.colcon_core.package_identification:_identify(build) by extensions ['ignore', 'ignore_ament_install']
[1.036s] Level 1:colcon.colcon_core.package_identification:_identify(build) by extension 'ignore'
[1.036s] Level 1:colcon.colcon_core.package_identification:_identify(build) ignored
[1.037s] Level 1:colcon.colcon_core.package_identification:_identify(install) by extensions ['ignore', 'ignore_ament_install']
[1.037s] Level 1:colcon.colcon_core.package_identification:_identify(install) by extension 'ignore'
[1.037s] Level 1:colcon.colcon_core.package_identification:_identify(install) ignored
[1.037s] Level 1:colcon.colcon_core.package_identification:_identify(log) by extensions ['ignore', 'ignore_ament_install']
[1.037s] Level 1:colcon.colcon_core.package_identification:_identify(log) by extension 'ignore'
[1.037s] Level 1:colcon.colcon_core.package_identification:_identify(log) ignored
[1.038s] Level 1:colcon.colcon_core.package_identification:_identify(src) by extensions ['ignore', 'ignore_ament_install']
[1.038s] Level 1:colcon.colcon_core.package_identification:_identify(src) by extension 'ignore'
[1.038s] Level 1:colcon.colcon_core.package_identification:_identify(src) by extension 'ignore_ament_install'
[1.038s] Level 1:colcon.colcon_core.package_identification:_identify(src) by extensions ['colcon_pkg']
[1.038s] Level 1:colcon.colcon_core.package_identification:_identify(src) by extension 'colcon_pkg'
[1.038s] Level 1:colcon.colcon_core.package_identification:_identify(src) by extensions ['colcon_meta']
[1.038s] Level 1:colcon.colcon_core.package_identification:_identify(src) by extension 'colcon_meta'
[1.038s] Level 1:colcon.colcon_core.package_identification:_identify(src) by extensions ['ros']
[1.038s] Level 1:colcon.colcon_core.package_identification:_identify(src) by extension 'ros'
[1.038s] Level 1:colcon.colcon_core.package_identification:_identify(src) by extensions ['cmake', 'python']
[1.038s] Level 1:colcon.colcon_core.package_identification:_identify(src) by extension 'cmake'
[1.038s] Level 1:colcon.colcon_core.package_identification:_identify(src) by extension 'python'
[1.038s] Level 1:colcon.colcon_core.package_identification:_identify(src) by extensions ['python_setup_py']
[1.038s] Level 1:colcon.colcon_core.package_identification:_identify(src) by extension 'python_setup_py'
[1.038s] Level 1:colcon.colcon_core.package_identification:_identify(src/duckie_led_interfaces) by extensions ['ignore', 'ignore_ament_install']
[1.039s] Level 1:colcon.colcon_core.package_identification:_identify(src/duckie_led_interfaces) by extension 'ignore'
[1.039s] Level 1:colcon.colcon_core.package_identification:_identify(src/duckie_led_interfaces) by extension 'ignore_ament_install'
[1.039s] Level 1:colcon.colcon_core.package_identification:_identify(src/duckie_led_interfaces) by extensions ['colcon_pkg']
[1.039s] Level 1:colcon.colcon_core.package_identification:_identify(src/duckie_led_interfaces) by extension 'colcon_pkg'
[1.039s] Level 1:colcon.colcon_core.package_identification:_identify(src/duckie_led_interfaces) by extensions ['colcon_meta']
[1.039s] Level 1:colcon.colcon_core.package_identification:_identify(src/duckie_led_interfaces) by extension 'colcon_meta'
[1.039s] Level 1:colcon.colcon_core.package_identification:_identify(src/duckie_led_interfaces) by extensions ['ros']
[1.039s] Level 1:colcon.colcon_core.package_identification:_identify(src/duckie_led_interfaces) by extension 'ros'
[1.043s] DEBUG:colcon.colcon_core.package_identification:Package 'src/duckie_led_interfaces' with type 'ros.ament_cmake' and name 'duckie_led_interfaces'
[1.044s] Level 1:colcon.colcon_core.package_identification:_identify(src/duckie_led_pkg) by extensions ['ignore', 'ignore_ament_install']
[1.044s] Level 1:colcon.colcon_core.package_identification:_identify(src/duckie_led_pkg) by extension 'ignore'
[1.044s] Level 1:colcon.colcon_core.package_identification:_identify(src/duckie_led_pkg) by extension 'ignore_ament_install'
[1.044s] Level 1:colcon.colcon_core.package_identification:_identify(src/duckie_led_pkg) by extensions ['colcon_pkg']
[1.044s] Level 1:colcon.colcon_core.package_identification:_identify(src/duckie_led_pkg) by extension 'colcon_pkg'
[1.044s] Level 1:colcon.colcon_core.package_identification:_identify(src/duckie_led_pkg) by extensions ['colcon_meta']
[1.044s] Level 1:colcon.colcon_core.package_identification:_identify(src/duckie_led_pkg) by extension 'colcon_meta'
[1.044s] Level 1:colcon.colcon_core.package_identification:_identify(src/duckie_led_pkg) by extensions ['ros']
[1.044s] Level 1:colcon.colcon_core.package_identification:_identify(src/duckie_led_pkg) by extension 'ros'
[1.045s] DEBUG:colcon.colcon_core.package_identification:Package 'src/duckie_led_pkg' with type 'ros.ament_python' and name 'duckie_led_pkg'
[1.046s] Level 1:colcon.colcon_core.package_identification:_identify(src/duckie_vision_pkg) by extensions ['ignore', 'ignore_ament_install']
[1.046s] Level 1:colcon.colcon_core.package_identification:_identify(src/duckie_vision_pkg) by extension 'ignore'
[1.046s] Level 1:colcon.colcon_core.package_identification:_identify(src/duckie_vision_pkg) by extension 'ignore_ament_install'
[1.046s] Level 1:colcon.colcon_core.package_identification:_identify(src/duckie_vision_pkg) by extensions ['colcon_pkg']
[1.046s] Level 1:colcon.colcon_core.package_identification:_identify(src/duckie_vision_pkg) by extension 'colcon_pkg'
[1.046s] Level 1:colcon.colcon_core.package_identification:_identify(src/duckie_vision_pkg) by extensions ['colcon_meta']
[1.046s] Level 1:colcon.colcon_core.package_identification:_identify(src/duckie_vision_pkg) by extension 'colcon_meta'
[1.046s] Level 1:colcon.colcon_core.package_identification:_identify(src/duckie_vision_pkg) by extensions ['ros']
[1.046s] Level 1:colcon.colcon_core.package_identification:_identify(src/duckie_vision_pkg) by extension 'ros'
[1.047s] DEBUG:colcon.colcon_core.package_identification:Package 'src/duckie_vision_pkg' with type 'ros.ament_python' and name 'duckie_vision_pkg'
[1.048s] Level 1:colcon.colcon_core.package_discovery:discover_packages(recursive) using defaults
[1.048s] Level 1:colcon.colcon_core.package_discovery:discover_packages(ignore) discover
[1.048s] Level 1:colcon.colcon_core.package_discovery:discover_packages(ignore) using defaults
[1.048s] Level 1:colcon.colcon_core.package_discovery:discover_packages(path) discover
[1.048s] Level 1:colcon.colcon_core.package_discovery:discover_packages(path) using defaults
[1.102s] Level 1:colcon.colcon_core.package_discovery:discover_packages(prefix_path) check parameters
[1.102s] Level 1:colcon.colcon_core.package_discovery:discover_packages(prefix_path) discover
[1.105s] WARNING:colcon.colcon_core.prefix_path.colcon:The path '/home/ubuntu/ros2_ws/src/duckie_led_pkg/srv/install' in the environment variable COLCON_PREFIX_PATH doesn't exist
[1.108s] DEBUG:colcon.colcon_installed_package_information.package_discovery:Found 2 installed packages in /home/ubuntu/ros2_ws/install
[1.111s] DEBUG:colcon.colcon_installed_package_information.package_discovery:Found 271 installed packages in /opt/ros/humble
[1.118s] Level 1:colcon.colcon_core.package_discovery:discover_packages(prefix_path) using defaults
[1.295s] Level 5:colcon.colcon_core.verb:set package 'duckie_led_interfaces' build argument 'cmake_args' from command line to 'None'
[1.295s] Level 5:colcon.colcon_core.verb:set package 'duckie_led_interfaces' build argument 'cmake_target' from command line to 'None'
[1.296s] Level 5:colcon.colcon_core.verb:set package 'duckie_led_interfaces' build argument 'cmake_target_skip_unavailable' from command line to 'False'
[1.296s] Level 5:colcon.colcon_core.verb:set package 'duckie_led_interfaces' build argument 'cmake_clean_cache' from command line to 'False'
[1.296s] Level 5:colcon.colcon_core.verb:set package 'duckie_led_interfaces' build argument 'cmake_clean_first' from command line to 'False'
[1.296s] Level 5:colcon.colcon_core.verb:set package 'duckie_led_interfaces' build argument 'cmake_force_configure' from command line to 'False'
[1.296s] Level 5:colcon.colcon_core.verb:set package 'duckie_led_interfaces' build argument 'ament_cmake_args' from command line to 'None'
[1.296s] Level 5:colcon.colcon_core.verb:set package 'duckie_led_interfaces' build argument 'catkin_cmake_args' from command line to 'None'
[1.296s] Level 5:colcon.colcon_core.verb:set package 'duckie_led_interfaces' build argument 'catkin_skip_building_tests' from command line to 'False'
[1.296s] DEBUG:colcon.colcon_core.verb:Building package 'duckie_led_interfaces' with the following arguments: {'ament_cmake_args': None, 'build_base': '/home/ubuntu/ros2_ws/build/duckie_led_interfaces', 'catkin_cmake_args': None, 'catkin_skip_building_tests': False, 'cmake_args': None, 'cmake_clean_cache': False, 'cmake_clean_first': False, 'cmake_force_configure': False, 'cmake_target': None, 'cmake_target_skip_unavailable': False, 'install_base': '/home/ubuntu/ros2_ws/install/duckie_led_interfaces', 'merge_install': False, 'path': '/home/ubuntu/ros2_ws/src/duckie_led_interfaces', 'symlink_install': False, 'test_result_base': None}
[1.297s] Level 5:colcon.colcon_core.verb:set package 'duckie_vision_pkg' build argument 'cmake_args' from command line to 'None'
[1.297s] Level 5:colcon.colcon_core.verb:set package 'duckie_vision_pkg' build argument 'cmake_target' from command line to 'None'
[1.297s] Level 5:colcon.colcon_core.verb:set package 'duckie_vision_pkg' build argument 'cmake_target_skip_unavailable' from command line to 'False'
[1.297s] Level 5:colcon.colcon_core.verb:set package 'duckie_vision_pkg' build argument 'cmake_clean_cache' from command line to 'False'
[1.297s] Level 5:colcon.colcon_core.verb:set package 'duckie_vision_pkg' build argument 'cmake_clean_first' from command line to 'False'
[1.297s] Level 5:colcon.colcon_core.verb:set package 'duckie_vision_pkg' build argument 'cmake_force_configure' from command line to 'False'
[1.297s] Level 5:colcon.colcon_core.verb:set package 'duckie_vision_pkg' build argument 'ament_cmake_args' from command line to 'None'
[1.297s] Level 5:colcon.colcon_core.verb:set package 'duckie_vision_pkg' build argument 'catkin_cmake_args' from command line to 'None'
[1.297s] Level 5:colcon.colcon_core.verb:set package 'duckie_vision_pkg' build argument 'catkin_skip_building_tests' from command line to 'False'
[1.297s] DEBUG:colcon.colcon_core.verb:Building package 'duckie_vision_pkg' with the following arguments: {'ament_cmake_args': None, 'build_base': '/home/ubuntu/ros2_ws/build/duckie_vision_pkg', 'catkin_cmake_args': None, 'catkin_skip_building_tests': False, 'cmake_args': None, 'cmake_clean_cache': False, 'cmake_clean_first': False, 'cmake_force_configure': False, 'cmake_target': None, 'cmake_target_skip_unavailable': False, 'install_base': '/home/ubuntu/ros2_ws/install/duckie_vision_pkg', 'merge_install': False, 'path': '/home/ubuntu/ros2_ws/src/duckie_vision_pkg', 'symlink_install': False, 'test_result_base': None}
[1.298s] Level 5:colcon.colcon_core.verb:set package 'duckie_led_pkg' build argument 'cmake_args' from command line to 'None'
[1.298s] Level 5:colcon.colcon_core.verb:set package 'duckie_led_pkg' build argument 'cmake_target' from command line to 'None'
[1.298s] Level 5:colcon.colcon_core.verb:set package 'duckie_led_pkg' build argument 'cmake_target_skip_unavailable' from command line to 'False'
[1.298s] Level 5:colcon.colcon_core.verb:set package 'duckie_led_pkg' build argument 'cmake_clean_cache' from command line to 'False'
[1.298s] Level 5:colcon.colcon_core.verb:set package 'duckie_led_pkg' build argument 'cmake_clean_first' from command line to 'False'
[1.298s] Level 5:colcon.colcon_core.verb:set package 'duckie_led_pkg' build argument 'cmake_force_configure' from command line to 'False'
[1.298s] Level 5:colcon.colcon_core.verb:set package 'duckie_led_pkg' build argument 'ament_cmake_args' from command line to 'None'
[1.298s] Level 5:colcon.colcon_core.verb:set package 'duckie_led_pkg' build argument 'catkin_cmake_args' from command line to 'None'
[1.298s] Level 5:colcon.colcon_core.verb:set package 'duckie_led_pkg' build argument 'catkin_skip_building_tests' from command line to 'False'
[1.298s] DEBUG:colcon.colcon_core.verb:Building package 'duckie_led_pkg' with the following arguments: {'ament_cmake_args': None, 'build_base': '/home/ubuntu/ros2_ws/build/duckie_led_pkg', 'catkin_cmake_args': None, 'catkin_skip_building_tests': False, 'cmake_args': None, 'cmake_clean_cache': False, 'cmake_clean_first': False, 'cmake_force_configure': False, 'cmake_target': None, 'cmake_target_skip_unavailable': False, 'install_base': '/home/ubuntu/ros2_ws/install/duckie_led_pkg', 'merge_install': False, 'path': '/home/ubuntu/ros2_ws/src/duckie_led_pkg', 'symlink_install': False, 'test_result_base': None}
[1.299s] INFO:colcon.colcon_core.executor:Executing jobs using 'parallel' executor
[1.305s] DEBUG:colcon.colcon_parallel_executor.executor.parallel:run_until_complete
[1.306s] INFO:colcon.colcon_ros.task.ament_cmake.build:Building ROS package in '/home/ubuntu/ros2_ws/src/duckie_led_interfaces' with build type 'ament_cmake'
[1.307s] INFO:colcon.colcon_cmake.task.cmake.build:Building CMake package in '/home/ubuntu/ros2_ws/src/duckie_led_interfaces'
[1.315s] INFO:colcon.colcon_core.plugin_system:Skipping extension 'colcon_core.shell.bat': Not used on non-Windows systems
[1.316s] INFO:colcon.colcon_core.shell:Skip shell extension 'powershell' for command environment: Not usable outside of PowerShell
[1.316s] DEBUG:colcon.colcon_core.shell:Skip shell extension 'dsv' for command environment
[1.325s] INFO:colcon.colcon_ros.task.ament_python.build:Building ROS package in '/home/ubuntu/ros2_ws/src/duckie_vision_pkg' with build type 'ament_python'
[1.325s] Level 1:colcon.colcon_core.shell:create_environment_hook('duckie_vision_pkg', 'ament_prefix_path')
[1.326s] INFO:colcon.colcon_core.shell:Creating environment hook '/home/ubuntu/ros2_ws/install/duckie_vision_pkg/share/duckie_vision_pkg/hook/ament_prefix_path.ps1'
[1.328s] INFO:colcon.colcon_core.shell:Creating environment descriptor '/home/ubuntu/ros2_ws/install/duckie_vision_pkg/share/duckie_vision_pkg/hook/ament_prefix_path.dsv'
[1.329s] INFO:colcon.colcon_core.shell:Creating environment hook '/home/ubuntu/ros2_ws/install/duckie_vision_pkg/share/duckie_vision_pkg/hook/ament_prefix_path.sh'
[1.331s] INFO:colcon.colcon_core.shell:Skip shell extension 'powershell' for command environment: Not usable outside of PowerShell
[1.332s] DEBUG:colcon.colcon_core.shell:Skip shell extension 'dsv' for command environment
[1.351s] DEBUG:colcon.colcon_core.event_handler.log_command:Invoking command in '/home/ubuntu/ros2_ws/build/duckie_led_interfaces': CMAKE_PREFIX_PATH=/home/ubuntu/ros2_ws/install/duckie_led_pkg:/home/ubuntu/ros2_ws/install/duckie_vision_pkg:/opt/ros/humble /usr/bin/cmake /home/ubuntu/ros2_ws/src/duckie_led_interfaces -DCMAKE_INSTALL_PREFIX=/home/ubuntu/ros2_ws/install/duckie_led_interfaces
[1.811s] INFO:colcon.colcon_core.task.python.build:Building Python package in '/home/ubuntu/ros2_ws/src/duckie_vision_pkg'
[1.811s] INFO:colcon.colcon_core.shell:Skip shell extension 'powershell' for command environment: Not usable outside of PowerShell
[1.812s] DEBUG:colcon.colcon_core.shell:Skip shell extension 'dsv' for command environment
[2.774s] DEBUG:colcon.colcon_core.event_handler.log_command:Invoking command in '/home/ubuntu/ros2_ws/src/duckie_vision_pkg': PYTHONPATH=/home/ubuntu/ros2_ws/build/duckie_vision_pkg/prefix_override:/usr/lib/python3/dist-packages/colcon_core/task/python/colcon_distutils_commands:/home/ubuntu/ros2_ws/install/duckie_vision_pkg/lib/python3.10/site-packages:${PYTHONPATH} /usr/bin/python3 -W ignore:setup.py install is deprecated -W ignore:easy_install command is deprecated setup.py egg_info --egg-base ../../build/duckie_vision_pkg build --build-base /home/ubuntu/ros2_ws/build/duckie_vision_pkg/build install --record /home/ubuntu/ros2_ws/build/duckie_vision_pkg/install.log --single-version-externally-managed install_data
[3.279s] DEBUG:colcon.colcon_core.event_handler.log_command:Invoked command in '/home/ubuntu/ros2_ws/src/duckie_vision_pkg' returned '0': PYTHONPATH=/home/ubuntu/ros2_ws/build/duckie_vision_pkg/prefix_override:/usr/lib/python3/dist-packages/colcon_core/task/python/colcon_distutils_commands:/home/ubuntu/ros2_ws/install/duckie_vision_pkg/lib/python3.10/site-packages:${PYTHONPATH} /usr/bin/python3 -W ignore:setup.py install is deprecated -W ignore:easy_install command is deprecated setup.py egg_info --egg-base ../../build/duckie_vision_pkg build --build-base /home/ubuntu/ros2_ws/build/duckie_vision_pkg/build install --record /home/ubuntu/ros2_ws/build/duckie_vision_pkg/install.log --single-version-externally-managed install_data
[3.294s] Level 1:colcon.colcon_core.environment:checking '/home/ubuntu/ros2_ws/install/duckie_vision_pkg' for CMake module files
[3.295s] Level 1:colcon.colcon_core.environment:checking '/home/ubuntu/ros2_ws/install/duckie_vision_pkg' for CMake config files
[3.299s] Level 1:colcon.colcon_core.environment:checking '/home/ubuntu/ros2_ws/install/duckie_vision_pkg/lib'
[3.299s] Level 1:colcon.colcon_core.environment:checking '/home/ubuntu/ros2_ws/install/duckie_vision_pkg/bin'
[3.299s] Level 1:colcon.colcon_core.environment:checking '/home/ubuntu/ros2_ws/install/duckie_vision_pkg/lib/pkgconfig/duckie_vision_pkg.pc'
[3.300s] Level 1:colcon.colcon_core.environment:checking '/home/ubuntu/ros2_ws/install/duckie_vision_pkg/lib/python3.10/site-packages'
[3.300s] Level 1:colcon.colcon_core.shell:create_environment_hook('duckie_vision_pkg', 'pythonpath')
[3.300s] INFO:colcon.colcon_core.shell:Creating environment hook '/home/ubuntu/ros2_ws/install/duckie_vision_pkg/share/duckie_vision_pkg/hook/pythonpath.ps1'
[3.301s] INFO:colcon.colcon_core.shell:Creating environment descriptor '/home/ubuntu/ros2_ws/install/duckie_vision_pkg/share/duckie_vision_pkg/hook/pythonpath.dsv'
[3.301s] INFO:colcon.colcon_core.shell:Creating environment hook '/home/ubuntu/ros2_ws/install/duckie_vision_pkg/share/duckie_vision_pkg/hook/pythonpath.sh'
[3.302s] Level 1:colcon.colcon_core.environment:checking '/home/ubuntu/ros2_ws/install/duckie_vision_pkg/bin'
[3.302s] Level 1:colcon.colcon_core.environment:create_environment_scripts_only(duckie_vision_pkg)
[3.303s] INFO:colcon.colcon_core.shell:Creating package script '/home/ubuntu/ros2_ws/install/duckie_vision_pkg/share/duckie_vision_pkg/package.ps1'
[3.305s] INFO:colcon.colcon_core.shell:Creating package descriptor '/home/ubuntu/ros2_ws/install/duckie_vision_pkg/share/duckie_vision_pkg/package.dsv'
[3.306s] INFO:colcon.colcon_core.shell:Creating package script '/home/ubuntu/ros2_ws/install/duckie_vision_pkg/share/duckie_vision_pkg/package.sh'
[3.308s] INFO:colcon.colcon_core.shell:Creating package script '/home/ubuntu/ros2_ws/install/duckie_vision_pkg/share/duckie_vision_pkg/package.bash'
[3.310s] INFO:colcon.colcon_core.shell:Creating package script '/home/ubuntu/ros2_ws/install/duckie_vision_pkg/share/duckie_vision_pkg/package.zsh'
[3.312s] Level 1:colcon.colcon_core.environment:create_file_with_runtime_dependencies(/home/ubuntu/ros2_ws/install/duckie_vision_pkg/share/colcon-core/packages/duckie_vision_pkg)
[6.256s] DEBUG:colcon.colcon_core.event_handler.log_command:Invoked command in '/home/ubuntu/ros2_ws/build/duckie_led_interfaces' returned '0': CMAKE_PREFIX_PATH=/home/ubuntu/ros2_ws/install/duckie_led_pkg:/home/ubuntu/ros2_ws/install/duckie_vision_pkg:/opt/ros/humble /usr/bin/cmake /home/ubuntu/ros2_ws/src/duckie_led_interfaces -DCMAKE_INSTALL_PREFIX=/home/ubuntu/ros2_ws/install/duckie_led_interfaces
[6.258s] DEBUG:colcon.colcon_core.event_handler.log_command:Invoking command in '/home/ubuntu/ros2_ws/build/duckie_led_interfaces': CMAKE_PREFIX_PATH=/home/ubuntu/ros2_ws/install/duckie_led_pkg:/home/ubuntu/ros2_ws/install/duckie_vision_pkg:/opt/ros/humble /usr/bin/cmake --build /home/ubuntu/ros2_ws/build/duckie_led_interfaces -- -j16 -l16
[10.004s] DEBUG:colcon.colcon_core.event_handler.log_command:Invoked command in '/home/ubuntu/ros2_ws/build/duckie_led_interfaces' returned '0': CMAKE_PREFIX_PATH=/home/ubuntu/ros2_ws/install/duckie_led_pkg:/home/ubuntu/ros2_ws/install/duckie_vision_pkg:/opt/ros/humble /usr/bin/cmake --build /home/ubuntu/ros2_ws/build/duckie_led_interfaces -- -j16 -l16
[10.024s] DEBUG:colcon.colcon_core.event_handler.log_command:Invoking command in '/home/ubuntu/ros2_ws/build/duckie_led_interfaces': CMAKE_PREFIX_PATH=/home/ubuntu/ros2_ws/install/duckie_led_pkg:/home/ubuntu/ros2_ws/install/duckie_vision_pkg:/opt/ros/humble /usr/bin/cmake --install /home/ubuntu/ros2_ws/build/duckie_led_interfaces
[10.153s] Level 1:colcon.colcon_core.environment:create_environment_scripts_only(duckie_led_interfaces)
[10.153s] Level 1:colcon.colcon_core.environment:checking '/home/ubuntu/ros2_ws/install/duckie_led_interfaces' for CMake module files
[10.154s] DEBUG:colcon.colcon_core.event_handler.log_command:Invoked command in '/home/ubuntu/ros2_ws/build/duckie_led_interfaces' returned '0': CMAKE_PREFIX_PATH=/home/ubuntu/ros2_ws/install/duckie_led_pkg:/home/ubuntu/ros2_ws/install/duckie_vision_pkg:/opt/ros/humble /usr/bin/cmake --install /home/ubuntu/ros2_ws/build/duckie_led_interfaces
[10.155s] Level 1:colcon.colcon_core.environment:checking '/home/ubuntu/ros2_ws/install/duckie_led_interfaces' for CMake config files
[10.156s] Level 1:colcon.colcon_core.shell:create_environment_hook('duckie_led_interfaces', 'cmake_prefix_path')
[10.157s] INFO:colcon.colcon_core.shell:Creating environment hook '/home/ubuntu/ros2_ws/install/duckie_led_interfaces/share/duckie_led_interfaces/hook/cmake_prefix_path.ps1'
[10.159s] INFO:colcon.colcon_core.shell:Creating environment descriptor '/home/ubuntu/ros2_ws/install/duckie_led_interfaces/share/duckie_led_interfaces/hook/cmake_prefix_path.dsv'
[10.159s] INFO:colcon.colcon_core.shell:Creating environment hook '/home/ubuntu/ros2_ws/install/duckie_led_interfaces/share/duckie_led_interfaces/hook/cmake_prefix_path.sh'
[10.160s] Level 1:colcon.colcon_core.environment:checking '/home/ubuntu/ros2_ws/install/duckie_led_interfaces/lib'
[10.160s] Level 1:colcon.colcon_core.shell:create_environment_hook('duckie_led_interfaces', 'ld_library_path_lib')
[10.161s] INFO:colcon.colcon_core.shell:Creating environment hook '/home/ubuntu/ros2_ws/install/duckie_led_interfaces/share/duckie_led_interfaces/hook/ld_library_path_lib.ps1'
[10.161s] INFO:colcon.colcon_core.shell:Creating environment descriptor '/home/ubuntu/ros2_ws/install/duckie_led_interfaces/share/duckie_led_interfaces/hook/ld_library_path_lib.dsv'
[10.162s] INFO:colcon.colcon_core.shell:Creating environment hook '/home/ubuntu/ros2_ws/install/duckie_led_interfaces/share/duckie_led_interfaces/hook/ld_library_path_lib.sh'
[10.162s] Level 1:colcon.colcon_core.environment:checking '/home/ubuntu/ros2_ws/install/duckie_led_interfaces/bin'
[10.163s] Level 1:colcon.colcon_core.environment:checking '/home/ubuntu/ros2_ws/install/duckie_led_interfaces/lib/pkgconfig/duckie_led_interfaces.pc'
[10.163s] Level 1:colcon.colcon_core.environment:checking '/home/ubuntu/ros2_ws/install/duckie_led_interfaces/lib/python3.10/site-packages'
[10.164s] Level 1:colcon.colcon_core.environment:checking '/home/ubuntu/ros2_ws/install/duckie_led_interfaces/bin'
[10.165s] INFO:colcon.colcon_core.shell:Creating package script '/home/ubuntu/ros2_ws/install/duckie_led_interfaces/share/duckie_led_interfaces/package.ps1'
[10.166s] INFO:colcon.colcon_core.shell:Creating package descriptor '/home/ubuntu/ros2_ws/install/duckie_led_interfaces/share/duckie_led_interfaces/package.dsv'
[10.167s] INFO:colcon.colcon_core.shell:Creating package script '/home/ubuntu/ros2_ws/install/duckie_led_interfaces/share/duckie_led_interfaces/package.sh'
[10.168s] INFO:colcon.colcon_core.shell:Creating package script '/home/ubuntu/ros2_ws/install/duckie_led_interfaces/share/duckie_led_interfaces/package.bash'
[10.169s] INFO:colcon.colcon_core.shell:Creating package script '/home/ubuntu/ros2_ws/install/duckie_led_interfaces/share/duckie_led_interfaces/package.zsh'
[10.170s] Level 1:colcon.colcon_core.environment:create_file_with_runtime_dependencies(/home/ubuntu/ros2_ws/install/duckie_led_interfaces/share/colcon-core/packages/duckie_led_interfaces)
[10.171s] Level 1:colcon.colcon_core.environment:create_environment_scripts_only(duckie_led_interfaces)
[10.171s] Level 1:colcon.colcon_core.environment:checking '/home/ubuntu/ros2_ws/install/duckie_led_interfaces' for CMake module files
[10.172s] Level 1:colcon.colcon_core.environment:checking '/home/ubuntu/ros2_ws/install/duckie_led_interfaces' for CMake config files
[10.173s] Level 1:colcon.colcon_core.shell:create_environment_hook('duckie_led_interfaces', 'cmake_prefix_path')
[10.173s] INFO:colcon.colcon_core.shell:Creating environment hook '/home/ubuntu/ros2_ws/install/duckie_led_interfaces/share/duckie_led_interfaces/hook/cmake_prefix_path.ps1'
[10.174s] INFO:colcon.colcon_core.shell:Creating environment descriptor '/home/ubuntu/ros2_ws/install/duckie_led_interfaces/share/duckie_led_interfaces/hook/cmake_prefix_path.dsv'
[10.174s] INFO:colcon.colcon_core.shell:Creating environment hook '/home/ubuntu/ros2_ws/install/duckie_led_interfaces/share/duckie_led_interfaces/hook/cmake_prefix_path.sh'
[10.175s] Level 1:colcon.colcon_core.environment:checking '/home/ubuntu/ros2_ws/install/duckie_led_interfaces/lib'
[10.175s] Level 1:colcon.colcon_core.shell:create_environment_hook('duckie_led_interfaces', 'ld_library_path_lib')
[10.175s] INFO:colcon.colcon_core.shell:Creating environment hook '/home/ubuntu/ros2_ws/install/duckie_led_interfaces/share/duckie_led_interfaces/hook/ld_library_path_lib.ps1'
[10.176s] INFO:colcon.colcon_core.shell:Creating environment descriptor '/home/ubuntu/ros2_ws/install/duckie_led_interfaces/share/duckie_led_interfaces/hook/ld_library_path_lib.dsv'
[10.176s] INFO:colcon.colcon_core.shell:Creating environment hook '/home/ubuntu/ros2_ws/install/duckie_led_interfaces/share/duckie_led_interfaces/hook/ld_library_path_lib.sh'
[10.177s] Level 1:colcon.colcon_core.environment:checking '/home/ubuntu/ros2_ws/install/duckie_led_interfaces/bin'
[10.177s] Level 1:colcon.colcon_core.environment:checking '/home/ubuntu/ros2_ws/install/duckie_led_interfaces/lib/pkgconfig/duckie_led_interfaces.pc'
[10.177s] Level 1:colcon.colcon_core.environment:checking '/home/ubuntu/ros2_ws/install/duckie_led_interfaces/lib/python3.10/site-packages'
[10.178s] Level 1:colcon.colcon_core.environment:checking '/home/ubuntu/ros2_ws/install/duckie_led_interfaces/bin'
[10.178s] INFO:colcon.colcon_core.shell:Creating package script '/home/ubuntu/ros2_ws/install/duckie_led_interfaces/share/duckie_led_interfaces/package.ps1'
[10.179s] INFO:colcon.colcon_core.shell:Creating package descriptor '/home/ubuntu/ros2_ws/install/duckie_led_interfaces/share/duckie_led_interfaces/package.dsv'
[10.180s] INFO:colcon.colcon_core.shell:Creating package script '/home/ubuntu/ros2_ws/install/duckie_led_interfaces/share/duckie_led_interfaces/package.sh'
[10.181s] INFO:colcon.colcon_core.shell:Creating package script '/home/ubuntu/ros2_ws/install/duckie_led_interfaces/share/duckie_led_interfaces/package.bash'
[10.182s] INFO:colcon.colcon_core.shell:Creating package script '/home/ubuntu/ros2_ws/install/duckie_led_interfaces/share/duckie_led_interfaces/package.zsh'
[10.182s] Level 1:colcon.colcon_core.environment:create_file_with_runtime_dependencies(/home/ubuntu/ros2_ws/install/duckie_led_interfaces/share/colcon-core/packages/duckie_led_interfaces)
[10.183s] INFO:colcon.colcon_ros.task.ament_python.build:Building ROS package in '/home/ubuntu/ros2_ws/src/duckie_led_pkg' with build type 'ament_python'
[10.183s] Level 1:colcon.colcon_core.shell:create_environment_hook('duckie_led_pkg', 'ament_prefix_path')
[10.184s] INFO:colcon.colcon_core.shell:Creating environment hook '/home/ubuntu/ros2_ws/install/duckie_led_pkg/share/duckie_led_pkg/hook/ament_prefix_path.ps1'
[10.186s] INFO:colcon.colcon_core.shell:Creating environment descriptor '/home/ubuntu/ros2_ws/install/duckie_led_pkg/share/duckie_led_pkg/hook/ament_prefix_path.dsv'
[10.186s] INFO:colcon.colcon_core.shell:Creating environment hook '/home/ubuntu/ros2_ws/install/duckie_led_pkg/share/duckie_led_pkg/hook/ament_prefix_path.sh'
[10.187s] INFO:colcon.colcon_core.shell:Skip shell extension 'powershell' for command environment: Not usable outside of PowerShell
[10.187s] DEBUG:colcon.colcon_core.shell:Skip shell extension 'dsv' for command environment
[10.692s] INFO:colcon.colcon_core.task.python.build:Building Python package in '/home/ubuntu/ros2_ws/src/duckie_led_pkg'
[10.692s] INFO:colcon.colcon_core.shell:Skip shell extension 'powershell' for command environment: Not usable outside of PowerShell
[10.692s] DEBUG:colcon.colcon_core.shell:Skip shell extension 'dsv' for command environment
[11.387s] DEBUG:colcon.colcon_core.event_handler.log_command:Invoking command in '/home/ubuntu/ros2_ws/src/duckie_led_pkg': AMENT_PREFIX_PATH=/home/ubuntu/ros2_ws/install/duckie_led_interfaces:${AMENT_PREFIX_PATH} CMAKE_PREFIX_PATH=/home/ubuntu/ros2_ws/install/duckie_led_interfaces LD_LIBRARY_PATH=/home/ubuntu/ros2_ws/install/duckie_led_interfaces/lib:${LD_LIBRARY_PATH} PYTHONPATH=/home/ubuntu/ros2_ws/build/duckie_led_pkg/prefix_override:/usr/lib/python3/dist-packages/colcon_core/task/python/colcon_distutils_commands:/home/ubuntu/ros2_ws/install/duckie_led_pkg/lib/python3.10/site-packages:/home/ubuntu/ros2_ws/install/duckie_led_interfaces/local/lib/python3.10/dist-packages:${PYTHONPATH} /usr/bin/python3 -W ignore:setup.py install is deprecated -W ignore:easy_install command is deprecated setup.py egg_info --egg-base ../../build/duckie_led_pkg build --build-base /home/ubuntu/ros2_ws/build/duckie_led_pkg/build install --record /home/ubuntu/ros2_ws/build/duckie_led_pkg/install.log --single-version-externally-managed install_data
[11.891s] Level 1:colcon.colcon_core.environment:checking '/home/ubuntu/ros2_ws/install/duckie_led_pkg' for CMake module files
[11.892s] DEBUG:colcon.colcon_core.event_handler.log_command:Invoked command in '/home/ubuntu/ros2_ws/src/duckie_led_pkg' returned '0': AMENT_PREFIX_PATH=/home/ubuntu/ros2_ws/install/duckie_led_interfaces:${AMENT_PREFIX_PATH} CMAKE_PREFIX_PATH=/home/ubuntu/ros2_ws/install/duckie_led_interfaces LD_LIBRARY_PATH=/home/ubuntu/ros2_ws/install/duckie_led_interfaces/lib:${LD_LIBRARY_PATH} PYTHONPATH=/home/ubuntu/ros2_ws/build/duckie_led_pkg/prefix_override:/usr/lib/python3/dist-packages/colcon_core/task/python/colcon_distutils_commands:/home/ubuntu/ros2_ws/install/duckie_led_pkg/lib/python3.10/site-packages:/home/ubuntu/ros2_ws/install/duckie_led_interfaces/local/lib/python3.10/dist-packages:${PYTHONPATH} /usr/bin/python3 -W ignore:setup.py install is deprecated -W ignore:easy_install command is deprecated setup.py egg_info --egg-base ../../build/duckie_led_pkg build --build-base /home/ubuntu/ros2_ws/build/duckie_led_pkg/build install --record /home/ubuntu/ros2_ws/build/duckie_led_pkg/install.log --single-version-externally-managed install_data
[11.892s] Level 1:colcon.colcon_core.environment:checking '/home/ubuntu/ros2_ws/install/duckie_led_pkg' for CMake config files
[11.895s] Level 1:colcon.colcon_core.environment:checking '/home/ubuntu/ros2_ws/install/duckie_led_pkg/lib'
[11.896s] Level 1:colcon.colcon_core.environment:checking '/home/ubuntu/ros2_ws/install/duckie_led_pkg/bin'
[11.896s] Level 1:colcon.colcon_core.environment:checking '/home/ubuntu/ros2_ws/install/duckie_led_pkg/lib/pkgconfig/duckie_led_pkg.pc'
[11.896s] Level 1:colcon.colcon_core.environment:checking '/home/ubuntu/ros2_ws/install/duckie_led_pkg/lib/python3.10/site-packages'
[11.896s] Level 1:colcon.colcon_core.shell:create_environment_hook('duckie_led_pkg', 'pythonpath')
[11.896s] INFO:colcon.colcon_core.shell:Creating environment hook '/home/ubuntu/ros2_ws/install/duckie_led_pkg/share/duckie_led_pkg/hook/pythonpath.ps1'
[11.897s] INFO:colcon.colcon_core.shell:Creating environment descriptor '/home/ubuntu/ros2_ws/install/duckie_led_pkg/share/duckie_led_pkg/hook/pythonpath.dsv'
[11.897s] INFO:colcon.colcon_core.shell:Creating environment hook '/home/ubuntu/ros2_ws/install/duckie_led_pkg/share/duckie_led_pkg/hook/pythonpath.sh'
[11.898s] Level 1:colcon.colcon_core.environment:checking '/home/ubuntu/ros2_ws/install/duckie_led_pkg/bin'
[11.898s] Level 1:colcon.colcon_core.environment:create_environment_scripts_only(duckie_led_pkg)
[11.899s] INFO:colcon.colcon_core.shell:Creating package script '/home/ubuntu/ros2_ws/install/duckie_led_pkg/share/duckie_led_pkg/package.ps1'
[11.899s] INFO:colcon.colcon_core.shell:Creating package descriptor '/home/ubuntu/ros2_ws/install/duckie_led_pkg/share/duckie_led_pkg/package.dsv'
[11.900s] INFO:colcon.colcon_core.shell:Creating package script '/home/ubuntu/ros2_ws/install/duckie_led_pkg/share/duckie_led_pkg/package.sh'
[11.900s] INFO:colcon.colcon_core.shell:Creating package script '/home/ubuntu/ros2_ws/install/duckie_led_pkg/share/duckie_led_pkg/package.bash'
[11.901s] INFO:colcon.colcon_core.shell:Creating package script '/home/ubuntu/ros2_ws/install/duckie_led_pkg/share/duckie_led_pkg/package.zsh'
[11.901s] Level 1:colcon.colcon_core.environment:create_file_with_runtime_dependencies(/home/ubuntu/ros2_ws/install/duckie_led_pkg/share/colcon-core/packages/duckie_led_pkg)
[11.902s] DEBUG:colcon.colcon_parallel_executor.executor.parallel:closing loop
[11.902s] DEBUG:colcon.colcon_parallel_executor.executor.parallel:loop closed
[11.902s] DEBUG:colcon.colcon_parallel_executor.executor.parallel:run_until_complete finished with '0'
[11.902s] DEBUG:colcon.colcon_core.event_reactor:joining thread
[11.991s] INFO:colcon.colcon_core.plugin_system:Skipping extension 'colcon_notification.desktop_notification.notify_send': Could not find 'notify-send'
[11.992s] INFO:colcon.colcon_core.plugin_system:Skipping extension 'colcon_notification.desktop_notification.terminal_notifier': Not used on non-Darwin systems
[11.992s] INFO:colcon.colcon_core.plugin_system:Skipping extension 'colcon_notification.desktop_notification.win32': Not used on non-Windows systems
[11.992s] INFO:colcon.colcon_notification.desktop_notification:Sending desktop notification using 'notify2'
[11.992s] DEBUG:colcon.colcon_notification.desktop_notification.notify2:Failed to initialize notify2: org.freedesktop.DBus.Error.FileNotFound: Failed to connect to socket /run/user/1000/bus: No such file or directory
[11.993s] DEBUG:colcon.colcon_core.event_reactor:joined thread
[11.993s] INFO:colcon.colcon_core.shell:Creating prefix script '/home/ubuntu/ros2_ws/install/local_setup.ps1'
[11.997s] INFO:colcon.colcon_core.shell:Creating prefix util module '/home/ubuntu/ros2_ws/install/_local_setup_util_ps1.py'
[12.001s] INFO:colcon.colcon_core.shell:Creating prefix chain script '/home/ubuntu/ros2_ws/install/setup.ps1'
[12.004s] INFO:colcon.colcon_core.shell:Creating prefix script '/home/ubuntu/ros2_ws/install/local_setup.sh'
[12.007s] INFO:colcon.colcon_core.shell:Creating prefix util module '/home/ubuntu/ros2_ws/install/_local_setup_util_sh.py'
[12.007s] INFO:colcon.colcon_core.shell:Creating prefix chain script '/home/ubuntu/ros2_ws/install/setup.sh'
[12.009s] INFO:colcon.colcon_core.shell:Creating prefix script '/home/ubuntu/ros2_ws/install/local_setup.bash'
[12.010s] INFO:colcon.colcon_core.shell:Creating prefix chain script '/home/ubuntu/ros2_ws/install/setup.bash'
[12.012s] INFO:colcon.colcon_core.shell:Creating prefix script '/home/ubuntu/ros2_ws/install/local_setup.zsh'
[12.013s] INFO:colcon.colcon_core.shell:Creating prefix chain script '/home/ubuntu/ros2_ws/install/setup.zsh'
