[1.888s] Invoking command in '/home/ubuntu/ros2_ws/src/compress_camera_pkg': PYTHONPATH=/home/ubuntu/ros2_ws/build/compress_camera_pkg/prefix_override:/usr/lib/python3/dist-packages/colcon_core/task/python/colcon_distutils_commands:/home/ubuntu/ros2_ws/install/compress_camera_pkg/lib/python3.10/site-packages:${PYTHONPATH} /usr/bin/python3 -W ignore:setup.py install is deprecated -W ignore:easy_install command is deprecated setup.py egg_info --egg-base ../../build/compress_camera_pkg build --build-base /home/ubuntu/ros2_ws/build/compress_camera_pkg/build install --record /home/ubuntu/ros2_ws/build/compress_camera_pkg/install.log --single-version-externally-managed install_data
[2.276s] running egg_info
[2.277s] writing ../../build/compress_camera_pkg/compress_camera_pkg.egg-info/PKG-INFO
[2.277s] writing dependency_links to ../../build/compress_camera_pkg/compress_camera_pkg.egg-info/dependency_links.txt
[2.277s] writing entry points to ../../build/compress_camera_pkg/compress_camera_pkg.egg-info/entry_points.txt
[2.278s] writing requirements to ../../build/compress_camera_pkg/compress_camera_pkg.egg-info/requires.txt
[2.278s] writing top-level names to ../../build/compress_camera_pkg/compress_camera_pkg.egg-info/top_level.txt
[2.286s] reading manifest file '../../build/compress_camera_pkg/compress_camera_pkg.egg-info/SOURCES.txt'
[2.288s] writing manifest file '../../build/compress_camera_pkg/compress_camera_pkg.egg-info/SOURCES.txt'
[2.288s] running build
[2.288s] running build_py
[2.289s] running install
[2.290s] running install_lib
[2.293s] running install_data
[2.293s] running install_egg_info
[2.295s] removing '/home/ubuntu/ros2_ws/install/compress_camera_pkg/lib/python3.10/site-packages/compress_camera_pkg-0.0.0-py3.10.egg-info' (and everything under it)
[2.296s] Copying ../../build/compress_camera_pkg/compress_camera_pkg.egg-info to /home/ubuntu/ros2_ws/install/compress_camera_pkg/lib/python3.10/site-packages/compress_camera_pkg-0.0.0-py3.10.egg-info
[2.298s] running install_scripts
[2.338s] Installing compress_camera_node script to /home/ubuntu/ros2_ws/install/compress_camera_pkg/lib/compress_camera_pkg
[2.338s] writing list of installed files to '/home/ubuntu/ros2_ws/build/compress_camera_pkg/install.log'
[2.402s] Invoked command in '/home/ubuntu/ros2_ws/src/compress_camera_pkg' returned '0': PYTHONPATH=/home/ubuntu/ros2_ws/build/compress_camera_pkg/prefix_override:/usr/lib/python3/dist-packages/colcon_core/task/python/colcon_distutils_commands:/home/ubuntu/ros2_ws/install/compress_camera_pkg/lib/python3.10/site-packages:${PYTHONPATH} /usr/bin/python3 -W ignore:setup.py install is deprecated -W ignore:easy_install command is deprecated setup.py egg_info --egg-base ../../build/compress_camera_pkg build --build-base /home/ubuntu/ros2_ws/build/compress_camera_pkg/build install --record /home/ubuntu/ros2_ws/build/compress_camera_pkg/install.log --single-version-externally-managed install_data
