running egg_info
creating ../../build/compress_camera_pkg/compress_camera_pkg.egg-info
writing ../../build/compress_camera_pkg/compress_camera_pkg.egg-info/PKG-INFO
writing dependency_links to ../../build/compress_camera_pkg/compress_camera_pkg.egg-info/dependency_links.txt
writing entry points to ../../build/compress_camera_pkg/compress_camera_pkg.egg-info/entry_points.txt
writing requirements to ../../build/compress_camera_pkg/compress_camera_pkg.egg-info/requires.txt
writing top-level names to ../../build/compress_camera_pkg/compress_camera_pkg.egg-info/top_level.txt
writing manifest file '../../build/compress_camera_pkg/compress_camera_pkg.egg-info/SOURCES.txt'
reading manifest file '../../build/compress_camera_pkg/compress_camera_pkg.egg-info/SOURCES.txt'
writing manifest file '../../build/compress_camera_pkg/compress_camera_pkg.egg-info/SOURCES.txt'
running build
running build_py
creating /home/ubuntu/ros2_ws/build/compress_camera_pkg/build
creating /home/ubuntu/ros2_ws/build/compress_camera_pkg/build/lib
creating /home/ubuntu/ros2_ws/build/compress_camera_pkg/build/lib/compress_camera_pkg
copying compress_camera_pkg/__init__.py -> /home/ubuntu/ros2_ws/build/compress_camera_pkg/build/lib/compress_camera_pkg
copying compress_camera_pkg/compress_camera_node.py -> /home/ubuntu/ros2_ws/build/compress_camera_pkg/build/lib/compress_camera_pkg
running install
running install_lib
creating /home/ubuntu/ros2_ws/install/compress_camera_pkg/lib/python3.10/site-packages/compress_camera_pkg
copying /home/ubuntu/ros2_ws/build/compress_camera_pkg/build/lib/compress_camera_pkg/__init__.py -> /home/ubuntu/ros2_ws/install/compress_camera_pkg/lib/python3.10/site-packages/compress_camera_pkg
copying /home/ubuntu/ros2_ws/build/compress_camera_pkg/build/lib/compress_camera_pkg/compress_camera_node.py -> /home/ubuntu/ros2_ws/install/compress_camera_pkg/lib/python3.10/site-packages/compress_camera_pkg
byte-compiling /home/ubuntu/ros2_ws/install/compress_camera_pkg/lib/python3.10/site-packages/compress_camera_pkg/__init__.py to __init__.cpython-310.pyc
byte-compiling /home/ubuntu/ros2_ws/install/compress_camera_pkg/lib/python3.10/site-packages/compress_camera_pkg/compress_camera_node.py to compress_camera_node.cpython-310.pyc
running install_data
creating /home/ubuntu/ros2_ws/install/compress_camera_pkg/share/ament_index
creating /home/ubuntu/ros2_ws/install/compress_camera_pkg/share/ament_index/resource_index
creating /home/ubuntu/ros2_ws/install/compress_camera_pkg/share/ament_index/resource_index/packages
copying resource/compress_camera_pkg -> /home/ubuntu/ros2_ws/install/compress_camera_pkg/share/ament_index/resource_index/packages
copying package.xml -> /home/ubuntu/ros2_ws/install/compress_camera_pkg/share/compress_camera_pkg
running install_egg_info
Copying ../../build/compress_camera_pkg/compress_camera_pkg.egg-info to /home/ubuntu/ros2_ws/install/compress_camera_pkg/lib/python3.10/site-packages/compress_camera_pkg-0.0.0-py3.10.egg-info
running install_scripts
Installing compress_camera_node script to /home/ubuntu/ros2_ws/install/compress_camera_pkg/lib/compress_camera_pkg
writing list of installed files to '/home/ubuntu/ros2_ws/build/compress_camera_pkg/install.log'
