[1.671s] Invoking command in '/home/ubuntu/ros2_ws/src/compress_camera_pkg': PYTHONPATH=/home/ubuntu/ros2_ws/build/compress_camera_pkg/prefix_override:/usr/lib/python3/dist-packages/colcon_core/task/python/colcon_distutils_commands:/home/ubuntu/ros2_ws/install/compress_camera_pkg/lib/python3.10/site-packages:${PYTHONPATH} /usr/bin/python3 -W ignore:setup.py install is deprecated -W ignore:easy_install command is deprecated setup.py egg_info --egg-base ../../build/compress_camera_pkg build --build-base /home/ubuntu/ros2_ws/build/compress_camera_pkg/build install --record /home/ubuntu/ros2_ws/build/compress_camera_pkg/install.log --single-version-externally-managed install_data
[2.022s] running egg_info
[2.023s] creating ../../build/compress_camera_pkg/compress_camera_pkg.egg-info
[2.024s] writing ../../build/compress_camera_pkg/compress_camera_pkg.egg-info/PKG-INFO
[2.024s] writing dependency_links to ../../build/compress_camera_pkg/compress_camera_pkg.egg-info/dependency_links.txt
[2.025s] writing entry points to ../../build/compress_camera_pkg/compress_camera_pkg.egg-info/entry_points.txt
[2.025s] writing requirements to ../../build/compress_camera_pkg/compress_camera_pkg.egg-info/requires.txt
[2.025s] writing top-level names to ../../build/compress_camera_pkg/compress_camera_pkg.egg-info/top_level.txt
[2.026s] writing manifest file '../../build/compress_camera_pkg/compress_camera_pkg.egg-info/SOURCES.txt'
[2.028s] reading manifest file '../../build/compress_camera_pkg/compress_camera_pkg.egg-info/SOURCES.txt'
[2.029s] writing manifest file '../../build/compress_camera_pkg/compress_camera_pkg.egg-info/SOURCES.txt'
[2.029s] running build
[2.029s] running build_py
[2.030s] creating /home/ubuntu/ros2_ws/build/compress_camera_pkg/build
[2.030s] creating /home/ubuntu/ros2_ws/build/compress_camera_pkg/build/lib
[2.030s] creating /home/ubuntu/ros2_ws/build/compress_camera_pkg/build/lib/compress_camera_pkg
[2.031s] copying compress_camera_pkg/__init__.py -> /home/ubuntu/ros2_ws/build/compress_camera_pkg/build/lib/compress_camera_pkg
[2.031s] copying compress_camera_pkg/compress_camera_node.py -> /home/ubuntu/ros2_ws/build/compress_camera_pkg/build/lib/compress_camera_pkg
[2.031s] running install
[2.032s] running install_lib
[2.034s] creating /home/ubuntu/ros2_ws/install/compress_camera_pkg/lib/python3.10/site-packages/compress_camera_pkg
[2.036s] copying /home/ubuntu/ros2_ws/build/compress_camera_pkg/build/lib/compress_camera_pkg/__init__.py -> /home/ubuntu/ros2_ws/install/compress_camera_pkg/lib/python3.10/site-packages/compress_camera_pkg
[2.036s] copying /home/ubuntu/ros2_ws/build/compress_camera_pkg/build/lib/compress_camera_pkg/compress_camera_node.py -> /home/ubuntu/ros2_ws/install/compress_camera_pkg/lib/python3.10/site-packages/compress_camera_pkg
[2.037s] byte-compiling /home/ubuntu/ros2_ws/install/compress_camera_pkg/lib/python3.10/site-packages/compress_camera_pkg/__init__.py to __init__.cpython-310.pyc
[2.040s] byte-compiling /home/ubuntu/ros2_ws/install/compress_camera_pkg/lib/python3.10/site-packages/compress_camera_pkg/compress_camera_node.py to compress_camera_node.cpython-310.pyc
[2.040s] running install_data
[2.041s] creating /home/ubuntu/ros2_ws/install/compress_camera_pkg/share/ament_index
[2.042s] creating /home/ubuntu/ros2_ws/install/compress_camera_pkg/share/ament_index/resource_index
[2.042s] creating /home/ubuntu/ros2_ws/install/compress_camera_pkg/share/ament_index/resource_index/packages
[2.043s] copying resource/compress_camera_pkg -> /home/ubuntu/ros2_ws/install/compress_camera_pkg/share/ament_index/resource_index/packages
[2.043s] copying package.xml -> /home/ubuntu/ros2_ws/install/compress_camera_pkg/share/compress_camera_pkg
[2.044s] running install_egg_info
[2.045s] Copying ../../build/compress_camera_pkg/compress_camera_pkg.egg-info to /home/ubuntu/ros2_ws/install/compress_camera_pkg/lib/python3.10/site-packages/compress_camera_pkg-0.0.0-py3.10.egg-info
[2.049s] running install_scripts
[2.079s] Installing compress_camera_node script to /home/ubuntu/ros2_ws/install/compress_camera_pkg/lib/compress_camera_pkg
[2.081s] writing list of installed files to '/home/ubuntu/ros2_ws/build/compress_camera_pkg/install.log'
[2.120s] Invoked command in '/home/ubuntu/ros2_ws/src/compress_camera_pkg' returned '0': PYTHONPATH=/home/ubuntu/ros2_ws/build/compress_camera_pkg/prefix_override:/usr/lib/python3/dist-packages/colcon_core/task/python/colcon_distutils_commands:/home/ubuntu/ros2_ws/install/compress_camera_pkg/lib/python3.10/site-packages:${PYTHONPATH} /usr/bin/python3 -W ignore:setup.py install is deprecated -W ignore:easy_install command is deprecated setup.py egg_info --egg-base ../../build/compress_camera_pkg build --build-base /home/ubuntu/ros2_ws/build/compress_camera_pkg/build install --record /home/ubuntu/ros2_ws/build/compress_camera_pkg/install.log --single-version-externally-managed install_data
