[0.050s] Invoking command in '/home/ubuntu/ros2_ws/build/duckie_led_interfaces': CMAKE_PREFIX_PATH=${CMAKE_PREFIX_PATH}:/home/ubuntu/ros2_ws/install/duckie_vision_pkg:/home/ubuntu/ros2_ws/install/duckie_led_pkg:/opt/ros/humble /usr/bin/cmake --build /home/ubuntu/ros2_ws/build/duckie_led_interfaces -- -j16 -l16
[0.230s] [  9%] Built target duckie_led_interfaces__rosidl_generator_c
[0.232s] [ 12%] Built target duckie_led_interfaces__cpp
[0.266s] [ 12%] Built target ament_cmake_python_copy_duckie_led_interfaces
[0.284s] [ 38%] Built target duckie_led_interfaces__rosidl_typesupport_c
[0.284s] [ 41%] Built target duckie_led_interfaces__rosidl_typesupport_fastrtps_c
[0.284s] [ 41%] Built target duckie_led_interfaces__rosidl_typesupport_fastrtps_cpp
[0.287s] [ 58%] Built target duckie_led_interfaces__rosidl_typesupport_introspection_c
[0.287s] [ 61%] Built target duckie_led_interfaces__rosidl_typesupport_introspection_cpp
[0.290s] [ 70%] Built target duckie_led_interfaces__rosidl_typesupport_cpp
[0.325s] [ 70%] Built target duckie_led_interfaces
[0.361s] [ 74%] Built target duckie_led_interfaces__py
[0.410s] [ 80%] Built target duckie_led_interfaces__rosidl_generator_py
[0.456s] [100%] Built target duckie_led_interfaces__rosidl_typesupport_introspection_c__pyext
[0.456s] [100%] Built target duckie_led_interfaces__rosidl_typesupport_fastrtps_c__pyext
[0.457s] [100%] Built target duckie_led_interfaces__rosidl_typesupport_c__pyext
[0.702s] running egg_info
[0.704s] writing duckie_led_interfaces.egg-info/PKG-INFO
[0.704s] writing dependency_links to duckie_led_interfaces.egg-info/dependency_links.txt
[0.705s] writing top-level names to duckie_led_interfaces.egg-info/top_level.txt
[0.711s] reading manifest file 'duckie_led_interfaces.egg-info/SOURCES.txt'
[0.713s] writing manifest file 'duckie_led_interfaces.egg-info/SOURCES.txt'
[0.759s] [100%] Built target ament_cmake_python_build_duckie_led_interfaces_egg
[0.775s] Invoked command in '/home/ubuntu/ros2_ws/build/duckie_led_interfaces' returned '0': CMAKE_PREFIX_PATH=${CMAKE_PREFIX_PATH}:/home/ubuntu/ros2_ws/install/duckie_vision_pkg:/home/ubuntu/ros2_ws/install/duckie_led_pkg:/opt/ros/humble /usr/bin/cmake --build /home/ubuntu/ros2_ws/build/duckie_led_interfaces -- -j16 -l16
[0.794s] Invoking command in '/home/ubuntu/ros2_ws/build/duckie_led_interfaces': CMAKE_PREFIX_PATH=${CMAKE_PREFIX_PATH}:/home/ubuntu/ros2_ws/install/duckie_vision_pkg:/home/ubuntu/ros2_ws/install/duckie_led_pkg:/opt/ros/humble /usr/bin/cmake --install /home/ubuntu/ros2_ws/build/duckie_led_interfaces
[0.813s] -- Install configuration: ""
[0.814s] -- Up-to-date: /home/ubuntu/ros2_ws/install/duckie_led_interfaces/share/ament_index/resource_index/rosidl_interfaces/duckie_led_interfaces
[0.814s] -- Up-to-date: /home/ubuntu/ros2_ws/install/duckie_led_interfaces/include/duckie_led_interfaces/duckie_led_interfaces
[0.815s] -- Up-to-date: /home/ubuntu/ros2_ws/install/duckie_led_interfaces/include/duckie_led_interfaces/duckie_led_interfaces/srv
[0.815s] -- Up-to-date: /home/ubuntu/ros2_ws/install/duckie_led_interfaces/include/duckie_led_interfaces/duckie_led_interfaces/srv/detail
[0.816s] -- Up-to-date: /home/ubuntu/ros2_ws/install/duckie_led_interfaces/include/duckie_led_interfaces/duckie_led_interfaces/srv/detail/led_color__functions.c
[0.816s] -- Up-to-date: /home/ubuntu/ros2_ws/install/duckie_led_interfaces/include/duckie_led_interfaces/duckie_led_interfaces/srv/detail/led_color__functions.h
[0.816s] -- Up-to-date: /home/ubuntu/ros2_ws/install/duckie_led_interfaces/include/duckie_led_interfaces/duckie_led_interfaces/srv/detail/led_color__struct.h
[0.816s] -- Up-to-date: /home/ubuntu/ros2_ws/install/duckie_led_interfaces/include/duckie_led_interfaces/duckie_led_interfaces/srv/detail/led_color__type_support.h
[0.816s] -- Up-to-date: /home/ubuntu/ros2_ws/install/duckie_led_interfaces/include/duckie_led_interfaces/duckie_led_interfaces/srv/led_color.h
[0.817s] -- Up-to-date: /home/ubuntu/ros2_ws/install/duckie_led_interfaces/include/duckie_led_interfaces/duckie_led_interfaces/msg
[0.817s] -- Up-to-date: /home/ubuntu/ros2_ws/install/duckie_led_interfaces/include/duckie_led_interfaces/duckie_led_interfaces/msg/rosidl_generator_c__visibility_control.h
[0.817s] -- Up-to-date: /home/ubuntu/ros2_ws/install/duckie_led_interfaces/share/duckie_led_interfaces/environment/library_path.sh
[0.818s] -- Up-to-date: /home/ubuntu/ros2_ws/install/duckie_led_interfaces/share/duckie_led_interfaces/environment/library_path.dsv
[0.822s] -- Up-to-date: /home/ubuntu/ros2_ws/install/duckie_led_interfaces/lib/libduckie_led_interfaces__rosidl_generator_c.so
[0.822s] -- Up-to-date: /home/ubuntu/ros2_ws/install/duckie_led_interfaces/include/duckie_led_interfaces/duckie_led_interfaces
[0.823s] -- Up-to-date: /home/ubuntu/ros2_ws/install/duckie_led_interfaces/include/duckie_led_interfaces/duckie_led_interfaces/srv
[0.824s] -- Up-to-date: /home/ubuntu/ros2_ws/install/duckie_led_interfaces/include/duckie_led_interfaces/duckie_led_interfaces/srv/detail
[0.827s] -- Up-to-date: /home/ubuntu/ros2_ws/install/duckie_led_interfaces/include/duckie_led_interfaces/duckie_led_interfaces/srv/detail/led_color__rosidl_typesupport_fastrtps_c.h
[0.828s] -- Up-to-date: /home/ubuntu/ros2_ws/install/duckie_led_interfaces/include/duckie_led_interfaces/duckie_led_interfaces/msg
[0.829s] -- Up-to-date: /home/ubuntu/ros2_ws/install/duckie_led_interfaces/include/duckie_led_interfaces/duckie_led_interfaces/msg/rosidl_typesupport_fastrtps_c__visibility_control.h
[0.832s] -- Up-to-date: /home/ubuntu/ros2_ws/install/duckie_led_interfaces/lib/libduckie_led_interfaces__rosidl_typesupport_fastrtps_c.so
[0.832s] -- Up-to-date: /home/ubuntu/ros2_ws/install/duckie_led_interfaces/include/duckie_led_interfaces/duckie_led_interfaces
[0.833s] -- Up-to-date: /home/ubuntu/ros2_ws/install/duckie_led_interfaces/include/duckie_led_interfaces/duckie_led_interfaces/srv
[0.833s] -- Up-to-date: /home/ubuntu/ros2_ws/install/duckie_led_interfaces/include/duckie_led_interfaces/duckie_led_interfaces/srv/detail
[0.834s] -- Up-to-date: /home/ubuntu/ros2_ws/install/duckie_led_interfaces/include/duckie_led_interfaces/duckie_led_interfaces/srv/detail/led_color__rosidl_typesupport_introspection_c.h
[0.834s] -- Up-to-date: /home/ubuntu/ros2_ws/install/duckie_led_interfaces/include/duckie_led_interfaces/duckie_led_interfaces/srv/detail/led_color__type_support.c
[0.834s] -- Up-to-date: /home/ubuntu/ros2_ws/install/duckie_led_interfaces/include/duckie_led_interfaces/duckie_led_interfaces/msg
[0.834s] -- Up-to-date: /home/ubuntu/ros2_ws/install/duckie_led_interfaces/include/duckie_led_interfaces/duckie_led_interfaces/msg/rosidl_typesupport_introspection_c__visibility_control.h
[0.836s] -- Up-to-date: /home/ubuntu/ros2_ws/install/duckie_led_interfaces/lib/libduckie_led_interfaces__rosidl_typesupport_introspection_c.so
[0.837s] -- Up-to-date: /home/ubuntu/ros2_ws/install/duckie_led_interfaces/lib/libduckie_led_interfaces__rosidl_typesupport_c.so
[0.837s] -- Up-to-date: /home/ubuntu/ros2_ws/install/duckie_led_interfaces/include/duckie_led_interfaces/duckie_led_interfaces
[0.837s] -- Up-to-date: /home/ubuntu/ros2_ws/install/duckie_led_interfaces/include/duckie_led_interfaces/duckie_led_interfaces/srv
[0.838s] -- Up-to-date: /home/ubuntu/ros2_ws/install/duckie_led_interfaces/include/duckie_led_interfaces/duckie_led_interfaces/srv/led_color.hpp
[0.838s] -- Up-to-date: /home/ubuntu/ros2_ws/install/duckie_led_interfaces/include/duckie_led_interfaces/duckie_led_interfaces/srv/detail
[0.839s] -- Up-to-date: /home/ubuntu/ros2_ws/install/duckie_led_interfaces/include/duckie_led_interfaces/duckie_led_interfaces/srv/detail/led_color__type_support.hpp
[0.839s] -- Up-to-date: /home/ubuntu/ros2_ws/install/duckie_led_interfaces/include/duckie_led_interfaces/duckie_led_interfaces/srv/detail/led_color__traits.hpp
[0.839s] -- Up-to-date: /home/ubuntu/ros2_ws/install/duckie_led_interfaces/include/duckie_led_interfaces/duckie_led_interfaces/srv/detail/led_color__struct.hpp
[0.839s] -- Up-to-date: /home/ubuntu/ros2_ws/install/duckie_led_interfaces/include/duckie_led_interfaces/duckie_led_interfaces/srv/detail/led_color__builder.hpp
[0.839s] -- Up-to-date: /home/ubuntu/ros2_ws/install/duckie_led_interfaces/include/duckie_led_interfaces/duckie_led_interfaces/msg
[0.839s] -- Up-to-date: /home/ubuntu/ros2_ws/install/duckie_led_interfaces/include/duckie_led_interfaces/duckie_led_interfaces/msg/rosidl_generator_cpp__visibility_control.hpp
[0.840s] -- Up-to-date: /home/ubuntu/ros2_ws/install/duckie_led_interfaces/include/duckie_led_interfaces/duckie_led_interfaces
[0.840s] -- Up-to-date: /home/ubuntu/ros2_ws/install/duckie_led_interfaces/include/duckie_led_interfaces/duckie_led_interfaces/srv
[0.840s] -- Up-to-date: /home/ubuntu/ros2_ws/install/duckie_led_interfaces/include/duckie_led_interfaces/duckie_led_interfaces/srv/detail
[0.840s] -- Up-to-date: /home/ubuntu/ros2_ws/install/duckie_led_interfaces/include/duckie_led_interfaces/duckie_led_interfaces/srv/detail/led_color__rosidl_typesupport_fastrtps_cpp.hpp
[0.841s] -- Up-to-date: /home/ubuntu/ros2_ws/install/duckie_led_interfaces/include/duckie_led_interfaces/duckie_led_interfaces/srv/detail/dds_fastrtps
[0.841s] -- Up-to-date: /home/ubuntu/ros2_ws/install/duckie_led_interfaces/include/duckie_led_interfaces/duckie_led_interfaces/msg
[0.842s] -- Up-to-date: /home/ubuntu/ros2_ws/install/duckie_led_interfaces/include/duckie_led_interfaces/duckie_led_interfaces/msg/rosidl_typesupport_fastrtps_cpp__visibility_control.h
[0.843s] -- Up-to-date: /home/ubuntu/ros2_ws/install/duckie_led_interfaces/lib/libduckie_led_interfaces__rosidl_typesupport_fastrtps_cpp.so
[0.843s] -- Up-to-date: /home/ubuntu/ros2_ws/install/duckie_led_interfaces/include/duckie_led_interfaces/duckie_led_interfaces
[0.843s] -- Up-to-date: /home/ubuntu/ros2_ws/install/duckie_led_interfaces/include/duckie_led_interfaces/duckie_led_interfaces/srv
[0.844s] -- Up-to-date: /home/ubuntu/ros2_ws/install/duckie_led_interfaces/include/duckie_led_interfaces/duckie_led_interfaces/srv/detail
[0.844s] -- Up-to-date: /home/ubuntu/ros2_ws/install/duckie_led_interfaces/include/duckie_led_interfaces/duckie_led_interfaces/srv/detail/led_color__type_support.cpp
[0.844s] -- Up-to-date: /home/ubuntu/ros2_ws/install/duckie_led_interfaces/include/duckie_led_interfaces/duckie_led_interfaces/srv/detail/led_color__rosidl_typesupport_introspection_cpp.hpp
[0.845s] -- Up-to-date: /home/ubuntu/ros2_ws/install/duckie_led_interfaces/lib/libduckie_led_interfaces__rosidl_typesupport_introspection_cpp.so
[0.846s] -- Up-to-date: /home/ubuntu/ros2_ws/install/duckie_led_interfaces/lib/libduckie_led_interfaces__rosidl_typesupport_cpp.so
[0.847s] -- Up-to-date: /home/ubuntu/ros2_ws/install/duckie_led_interfaces/share/duckie_led_interfaces/environment/pythonpath.sh
[0.847s] -- Up-to-date: /home/ubuntu/ros2_ws/install/duckie_led_interfaces/share/duckie_led_interfaces/environment/pythonpath.dsv
[0.848s] -- Up-to-date: /home/ubuntu/ros2_ws/install/duckie_led_interfaces/local/lib/python3.10/dist-packages/duckie_led_interfaces-0.0.0-py3.10.egg-info
[0.848s] -- Installing: /home/ubuntu/ros2_ws/install/duckie_led_interfaces/local/lib/python3.10/dist-packages/duckie_led_interfaces-0.0.0-py3.10.egg-info/PKG-INFO
[0.848s] -- Installing: /home/ubuntu/ros2_ws/install/duckie_led_interfaces/local/lib/python3.10/dist-packages/duckie_led_interfaces-0.0.0-py3.10.egg-info/top_level.txt
[0.848s] -- Installing: /home/ubuntu/ros2_ws/install/duckie_led_interfaces/local/lib/python3.10/dist-packages/duckie_led_interfaces-0.0.0-py3.10.egg-info/SOURCES.txt
[0.849s] -- Installing: /home/ubuntu/ros2_ws/install/duckie_led_interfaces/local/lib/python3.10/dist-packages/duckie_led_interfaces-0.0.0-py3.10.egg-info/dependency_links.txt
[0.849s] -- Up-to-date: /home/ubuntu/ros2_ws/install/duckie_led_interfaces/local/lib/python3.10/dist-packages/duckie_led_interfaces
[0.849s] -- Up-to-date: /home/ubuntu/ros2_ws/install/duckie_led_interfaces/local/lib/python3.10/dist-packages/duckie_led_interfaces/__init__.py
[0.849s] -- Up-to-date: /home/ubuntu/ros2_ws/install/duckie_led_interfaces/local/lib/python3.10/dist-packages/duckie_led_interfaces/srv
[0.849s] -- Up-to-date: /home/ubuntu/ros2_ws/install/duckie_led_interfaces/local/lib/python3.10/dist-packages/duckie_led_interfaces/srv/_led_color.py
[0.849s] -- Up-to-date: /home/ubuntu/ros2_ws/install/duckie_led_interfaces/local/lib/python3.10/dist-packages/duckie_led_interfaces/srv/__init__.py
[0.849s] -- Up-to-date: /home/ubuntu/ros2_ws/install/duckie_led_interfaces/local/lib/python3.10/dist-packages/duckie_led_interfaces/srv/_led_color_s.c
[0.849s] -- Up-to-date: /home/ubuntu/ros2_ws/install/duckie_led_interfaces/local/lib/python3.10/dist-packages/duckie_led_interfaces/duckie_led_interfaces_s__rosidl_typesupport_introspection_c.cpython-310-x86_64-linux-gnu.so
[0.849s] -- Up-to-date: /home/ubuntu/ros2_ws/install/duckie_led_interfaces/local/lib/python3.10/dist-packages/duckie_led_interfaces/_duckie_led_interfaces_s.ep.rosidl_typesupport_c.c
[0.849s] -- Up-to-date: /home/ubuntu/ros2_ws/install/duckie_led_interfaces/local/lib/python3.10/dist-packages/duckie_led_interfaces/duckie_led_interfaces_s__rosidl_typesupport_fastrtps_c.cpython-310-x86_64-linux-gnu.so
[0.850s] -- Up-to-date: /home/ubuntu/ros2_ws/install/duckie_led_interfaces/local/lib/python3.10/dist-packages/duckie_led_interfaces/_duckie_led_interfaces_s.ep.rosidl_typesupport_fastrtps_c.c
[0.850s] -- Up-to-date: /home/ubuntu/ros2_ws/install/duckie_led_interfaces/local/lib/python3.10/dist-packages/duckie_led_interfaces/libduckie_led_interfaces__rosidl_generator_py.so
[0.850s] -- Up-to-date: /home/ubuntu/ros2_ws/install/duckie_led_interfaces/local/lib/python3.10/dist-packages/duckie_led_interfaces/_duckie_led_interfaces_s.ep.rosidl_typesupport_introspection_c.c
[0.850s] -- Up-to-date: /home/ubuntu/ros2_ws/install/duckie_led_interfaces/local/lib/python3.10/dist-packages/duckie_led_interfaces/duckie_led_interfaces_s__rosidl_typesupport_c.cpython-310-x86_64-linux-gnu.so
[0.906s] Listing '/home/ubuntu/ros2_ws/install/duckie_led_interfaces/local/lib/python3.10/dist-packages/duckie_led_interfaces'...
[0.907s] Listing '/home/ubuntu/ros2_ws/install/duckie_led_interfaces/local/lib/python3.10/dist-packages/duckie_led_interfaces/srv'...
[0.916s] -- Up-to-date: /home/ubuntu/ros2_ws/install/duckie_led_interfaces/local/lib/python3.10/dist-packages/duckie_led_interfaces/duckie_led_interfaces_s__rosidl_typesupport_fastrtps_c.cpython-310-x86_64-linux-gnu.so
[0.918s] -- Up-to-date: /home/ubuntu/ros2_ws/install/duckie_led_interfaces/local/lib/python3.10/dist-packages/duckie_led_interfaces/duckie_led_interfaces_s__rosidl_typesupport_introspection_c.cpython-310-x86_64-linux-gnu.so
[0.919s] -- Up-to-date: /home/ubuntu/ros2_ws/install/duckie_led_interfaces/local/lib/python3.10/dist-packages/duckie_led_interfaces/duckie_led_interfaces_s__rosidl_typesupport_c.cpython-310-x86_64-linux-gnu.so
[0.920s] -- Up-to-date: /home/ubuntu/ros2_ws/install/duckie_led_interfaces/lib/libduckie_led_interfaces__rosidl_generator_py.so
[0.921s] -- Up-to-date: /home/ubuntu/ros2_ws/install/duckie_led_interfaces/share/duckie_led_interfaces/srv/LedColor.idl
[0.921s] -- Up-to-date: /home/ubuntu/ros2_ws/install/duckie_led_interfaces/share/duckie_led_interfaces/srv/LedColor.srv
[0.922s] -- Up-to-date: /home/ubuntu/ros2_ws/install/duckie_led_interfaces/share/duckie_led_interfaces/srv/LedColor_Request.msg
[0.922s] -- Up-to-date: /home/ubuntu/ros2_ws/install/duckie_led_interfaces/share/duckie_led_interfaces/srv/LedColor_Response.msg
[0.922s] -- Up-to-date: /home/ubuntu/ros2_ws/install/duckie_led_interfaces/share/ament_index/resource_index/package_run_dependencies/duckie_led_interfaces
[0.922s] -- Up-to-date: /home/ubuntu/ros2_ws/install/duckie_led_interfaces/share/ament_index/resource_index/parent_prefix_path/duckie_led_interfaces
[0.923s] -- Up-to-date: /home/ubuntu/ros2_ws/install/duckie_led_interfaces/share/duckie_led_interfaces/environment/ament_prefix_path.sh
[0.923s] -- Up-to-date: /home/ubuntu/ros2_ws/install/duckie_led_interfaces/share/duckie_led_interfaces/environment/ament_prefix_path.dsv
[0.923s] -- Up-to-date: /home/ubuntu/ros2_ws/install/duckie_led_interfaces/share/duckie_led_interfaces/environment/path.sh
[0.923s] -- Up-to-date: /home/ubuntu/ros2_ws/install/duckie_led_interfaces/share/duckie_led_interfaces/environment/path.dsv
[0.924s] -- Up-to-date: /home/ubuntu/ros2_ws/install/duckie_led_interfaces/share/duckie_led_interfaces/local_setup.bash
[0.924s] -- Up-to-date: /home/ubuntu/ros2_ws/install/duckie_led_interfaces/share/duckie_led_interfaces/local_setup.sh
[0.924s] -- Up-to-date: /home/ubuntu/ros2_ws/install/duckie_led_interfaces/share/duckie_led_interfaces/local_setup.zsh
[0.924s] -- Up-to-date: /home/ubuntu/ros2_ws/install/duckie_led_interfaces/share/duckie_led_interfaces/local_setup.dsv
[0.924s] -- Installing: /home/ubuntu/ros2_ws/install/duckie_led_interfaces/share/duckie_led_interfaces/package.dsv
[0.924s] -- Up-to-date: /home/ubuntu/ros2_ws/install/duckie_led_interfaces/share/ament_index/resource_index/packages/duckie_led_interfaces
[0.924s] -- Up-to-date: /home/ubuntu/ros2_ws/install/duckie_led_interfaces/share/duckie_led_interfaces/cmake/export_duckie_led_interfaces__rosidl_generator_cExport.cmake
[0.925s] -- Up-to-date: /home/ubuntu/ros2_ws/install/duckie_led_interfaces/share/duckie_led_interfaces/cmake/export_duckie_led_interfaces__rosidl_generator_cExport-noconfig.cmake
[0.925s] -- Up-to-date: /home/ubuntu/ros2_ws/install/duckie_led_interfaces/share/duckie_led_interfaces/cmake/export_duckie_led_interfaces__rosidl_typesupport_fastrtps_cExport.cmake
[0.925s] -- Up-to-date: /home/ubuntu/ros2_ws/install/duckie_led_interfaces/share/duckie_led_interfaces/cmake/export_duckie_led_interfaces__rosidl_typesupport_fastrtps_cExport-noconfig.cmake
[0.926s] -- Up-to-date: /home/ubuntu/ros2_ws/install/duckie_led_interfaces/share/duckie_led_interfaces/cmake/duckie_led_interfaces__rosidl_typesupport_introspection_cExport.cmake
[0.926s] -- Up-to-date: /home/ubuntu/ros2_ws/install/duckie_led_interfaces/share/duckie_led_interfaces/cmake/duckie_led_interfaces__rosidl_typesupport_introspection_cExport-noconfig.cmake
[0.927s] -- Up-to-date: /home/ubuntu/ros2_ws/install/duckie_led_interfaces/share/duckie_led_interfaces/cmake/duckie_led_interfaces__rosidl_typesupport_cExport.cmake
[0.927s] -- Up-to-date: /home/ubuntu/ros2_ws/install/duckie_led_interfaces/share/duckie_led_interfaces/cmake/duckie_led_interfaces__rosidl_typesupport_cExport-noconfig.cmake
[0.928s] -- Up-to-date: /home/ubuntu/ros2_ws/install/duckie_led_interfaces/share/duckie_led_interfaces/cmake/export_duckie_led_interfaces__rosidl_generator_cppExport.cmake
[0.929s] -- Up-to-date: /home/ubuntu/ros2_ws/install/duckie_led_interfaces/share/duckie_led_interfaces/cmake/export_duckie_led_interfaces__rosidl_typesupport_fastrtps_cppExport.cmake
[0.930s] -- Up-to-date: /home/ubuntu/ros2_ws/install/duckie_led_interfaces/share/duckie_led_interfaces/cmake/export_duckie_led_interfaces__rosidl_typesupport_fastrtps_cppExport-noconfig.cmake
[0.931s] -- Up-to-date: /home/ubuntu/ros2_ws/install/duckie_led_interfaces/share/duckie_led_interfaces/cmake/duckie_led_interfaces__rosidl_typesupport_introspection_cppExport.cmake
[0.931s] -- Up-to-date: /home/ubuntu/ros2_ws/install/duckie_led_interfaces/share/duckie_led_interfaces/cmake/duckie_led_interfaces__rosidl_typesupport_introspection_cppExport-noconfig.cmake
[0.932s] -- Up-to-date: /home/ubuntu/ros2_ws/install/duckie_led_interfaces/share/duckie_led_interfaces/cmake/duckie_led_interfaces__rosidl_typesupport_cppExport.cmake
[0.932s] -- Up-to-date: /home/ubuntu/ros2_ws/install/duckie_led_interfaces/share/duckie_led_interfaces/cmake/duckie_led_interfaces__rosidl_typesupport_cppExport-noconfig.cmake
[0.933s] -- Up-to-date: /home/ubuntu/ros2_ws/install/duckie_led_interfaces/share/duckie_led_interfaces/cmake/export_duckie_led_interfaces__rosidl_generator_pyExport.cmake
[0.934s] -- Up-to-date: /home/ubuntu/ros2_ws/install/duckie_led_interfaces/share/duckie_led_interfaces/cmake/export_duckie_led_interfaces__rosidl_generator_pyExport-noconfig.cmake
[0.934s] -- Up-to-date: /home/ubuntu/ros2_ws/install/duckie_led_interfaces/share/duckie_led_interfaces/cmake/rosidl_cmake-extras.cmake
[0.934s] -- Up-to-date: /home/ubuntu/ros2_ws/install/duckie_led_interfaces/share/duckie_led_interfaces/cmake/ament_cmake_export_include_directories-extras.cmake
[0.935s] -- Up-to-date: /home/ubuntu/ros2_ws/install/duckie_led_interfaces/share/duckie_led_interfaces/cmake/ament_cmake_export_libraries-extras.cmake
[0.935s] -- Up-to-date: /home/ubuntu/ros2_ws/install/duckie_led_interfaces/share/duckie_led_interfaces/cmake/ament_cmake_export_targets-extras.cmake
[0.935s] -- Up-to-date: /home/ubuntu/ros2_ws/install/duckie_led_interfaces/share/duckie_led_interfaces/cmake/rosidl_cmake_export_typesupport_targets-extras.cmake
[0.935s] -- Up-to-date: /home/ubuntu/ros2_ws/install/duckie_led_interfaces/share/duckie_led_interfaces/cmake/ament_cmake_export_dependencies-extras.cmake
[0.935s] -- Up-to-date: /home/ubuntu/ros2_ws/install/duckie_led_interfaces/share/duckie_led_interfaces/cmake/rosidl_cmake_export_typesupport_libraries-extras.cmake
[0.935s] -- Up-to-date: /home/ubuntu/ros2_ws/install/duckie_led_interfaces/share/duckie_led_interfaces/cmake/duckie_led_interfacesConfig.cmake
[0.935s] -- Up-to-date: /home/ubuntu/ros2_ws/install/duckie_led_interfaces/share/duckie_led_interfaces/cmake/duckie_led_interfacesConfig-version.cmake
[0.935s] -- Up-to-date: /home/ubuntu/ros2_ws/install/duckie_led_interfaces/share/duckie_led_interfaces/package.xml
[0.939s] Invoked command in '/home/ubuntu/ros2_ws/build/duckie_led_interfaces' returned '0': CMAKE_PREFIX_PATH=${CMAKE_PREFIX_PATH}:/home/ubuntu/ros2_ws/install/duckie_vision_pkg:/home/ubuntu/ros2_ws/install/duckie_led_pkg:/opt/ros/humble /usr/bin/cmake --install /home/ubuntu/ros2_ws/build/duckie_led_interfaces
