[0.042s] Invoking command in '/home/ubuntu/ros2_ws/build/duckie_led_interfaces': CMAKE_PREFIX_PATH=/home/ubuntu/ros2_ws/install/duckie_led_pkg:/home/ubuntu/ros2_ws/install/duckie_vision_pkg:/opt/ros/humble /usr/bin/cmake /home/ubuntu/ros2_ws/src/duckie_led_interfaces -DCMAKE_INSTALL_PREFIX=/home/ubuntu/ros2_ws/install/duckie_led_interfaces
[0.549s] -- The C compiler identification is GNU 11.4.0
[1.275s] -- The CXX compiler identification is GNU 11.4.0
[1.643s] -- Detecting C compiler ABI info
[1.895s] -- Detecting C compiler ABI info - done
[1.905s] -- Check for working C compiler: /usr/bin/cc - skipped
[1.906s] -- Detecting C compile features
[1.907s] -- Detecting C compile features - done
[1.913s] -- Detecting CXX compiler ABI info
[2.116s] -- Detecting CXX compiler ABI info - done
[2.129s] -- Check for working CXX compiler: /usr/bin/c++ - skipped
[2.129s] -- Detecting CXX compile features
[2.130s] -- Detecting CXX compile features - done
[2.162s] -- Found ament_cmake: 1.3.12 (/opt/ros/humble/share/ament_cmake/cmake)
[2.427s] -- Found Python3: /usr/bin/python3 (found version "3.10.12") found components: Interpreter 
[2.631s] -- Found rosidl_default_generators: 1.2.0 (/opt/ros/humble/share/rosidl_default_generators/cmake)
[2.651s] -- Using all available rosidl_typesupport_c: rosidl_typesupport_fastrtps_c;rosidl_typesupport_introspection_c
[2.670s] -- Found rosidl_adapter: 3.1.7 (/opt/ros/humble/share/rosidl_adapter/cmake)
[2.907s] -- Using all available rosidl_typesupport_cpp: rosidl_typesupport_fastrtps_cpp;rosidl_typesupport_introspection_cpp
[3.427s] -- Found ament_cmake_ros: 0.10.0 (/opt/ros/humble/share/ament_cmake_ros/cmake)
[3.748s] -- Using all available rosidl_typesupport_c: rosidl_typesupport_fastrtps_c;rosidl_typesupport_introspection_c
[4.138s] -- Using all available rosidl_typesupport_cpp: rosidl_typesupport_fastrtps_cpp;rosidl_typesupport_introspection_cpp
[4.283s] -- Found PythonInterp: /usr/bin/python3 (found suitable version "3.10.12", minimum required is "3.6") 
[4.286s] -- Found python_cmake_module: 0.10.0 (/opt/ros/humble/share/python_cmake_module/cmake)
[4.678s] -- Found PythonLibs: /usr/lib/x86_64-linux-gnu/libpython3.10.so (found suitable version "3.10.12", minimum required is "3.5") 
[4.678s] -- Using PYTHON_EXECUTABLE: /usr/bin/python3
[4.678s] -- Using PYTHON_INCLUDE_DIRS: /usr/include/python3.10
[4.678s] -- Using PYTHON_LIBRARIES: /usr/lib/x86_64-linux-gnu/libpython3.10.so
[4.711s] -- Found PythonExtra: .so  
[4.831s] -- Configuring done
[4.911s] -- Generating done
[4.929s] -- Build files have been written to: /home/ubuntu/ros2_ws/build/duckie_led_interfaces
[4.947s] Invoked command in '/home/ubuntu/ros2_ws/build/duckie_led_interfaces' returned '0': CMAKE_PREFIX_PATH=/home/ubuntu/ros2_ws/install/duckie_led_pkg:/home/ubuntu/ros2_ws/install/duckie_vision_pkg:/opt/ros/humble /usr/bin/cmake /home/ubuntu/ros2_ws/src/duckie_led_interfaces -DCMAKE_INSTALL_PREFIX=/home/ubuntu/ros2_ws/install/duckie_led_interfaces
[4.949s] Invoking command in '/home/ubuntu/ros2_ws/build/duckie_led_interfaces': CMAKE_PREFIX_PATH=/home/ubuntu/ros2_ws/install/duckie_led_pkg:/home/ubuntu/ros2_ws/install/duckie_vision_pkg:/opt/ros/humble /usr/bin/cmake --build /home/ubuntu/ros2_ws/build/duckie_led_interfaces -- -j16 -l16
[5.013s] [  3%] [34m[1mGenerating C code for ROS interfaces[0m
[5.029s] [  6%] [34m[1mGenerating C++ code for ROS interfaces[0m
[5.042s] [  6%] Built target ament_cmake_python_copy_duckie_led_interfaces
[5.504s] running egg_info
[5.506s] creating duckie_led_interfaces.egg-info
[5.508s] writing duckie_led_interfaces.egg-info/PKG-INFO
[5.509s] writing dependency_links to duckie_led_interfaces.egg-info/dependency_links.txt
[5.510s] writing top-level names to duckie_led_interfaces.egg-info/top_level.txt
[5.513s] writing manifest file 'duckie_led_interfaces.egg-info/SOURCES.txt'
[5.517s] reading manifest file 'duckie_led_interfaces.egg-info/SOURCES.txt'
[5.518s] writing manifest file 'duckie_led_interfaces.egg-info/SOURCES.txt'
[5.568s] [  6%] Built target duckie_led_interfaces__cpp
[5.586s] [  6%] Built target ament_cmake_python_build_duckie_led_interfaces_egg
[5.588s] [ 16%] [34m[1mGenerating C++ type support dispatch for ROS interfaces[0m
[5.588s] [ 16%] [34m[1mGenerating C++ type support for eProsima Fast-RTPS[0m
[5.588s] [ 19%] [34m[1mGenerating C++ introspection for ROS interfaces[0m
[5.588s] [ 19%] [32mBuilding C object CMakeFiles/duckie_led_interfaces__rosidl_generator_c.dir/rosidl_generator_c/duckie_led_interfaces/srv/detail/led_color__functions.c.o[0m
[5.747s] [ 22%] [32m[1mLinking C shared library libduckie_led_interfaces__rosidl_generator_c.so[0m
[5.891s] [ 22%] Built target duckie_led_interfaces__rosidl_generator_c
[5.911s] [ 25%] [34m[1mGenerating C type support dispatch for ROS interfaces[0m
[5.913s] [ 29%] [34m[1mGenerating C type support for eProsima Fast-RTPS[0m
[5.913s] [ 32%] [34m[1mGenerating C introspection for ROS interfaces[0m
[6.024s] [ 35%] [32mBuilding CXX object CMakeFiles/duckie_led_interfaces__rosidl_typesupport_cpp.dir/rosidl_typesupport_cpp/duckie_led_interfaces/srv/led_color__type_support.cpp.o[0m
[6.076s] [ 38%] [32mBuilding CXX object CMakeFiles/duckie_led_interfaces__rosidl_typesupport_introspection_cpp.dir/rosidl_typesupport_introspection_cpp/duckie_led_interfaces/srv/detail/led_color__type_support.cpp.o[0m
[6.106s] [ 41%] [32mBuilding CXX object CMakeFiles/duckie_led_interfaces__rosidl_typesupport_fastrtps_cpp.dir/rosidl_typesupport_fastrtps_cpp/duckie_led_interfaces/srv/detail/dds_fastrtps/led_color__type_support.cpp.o[0m
[6.366s] [ 45%] [32mBuilding CXX object CMakeFiles/duckie_led_interfaces__rosidl_typesupport_c.dir/rosidl_typesupport_c/duckie_led_interfaces/srv/led_color__type_support.cpp.o[0m
[6.446s] [ 48%] [32mBuilding C object CMakeFiles/duckie_led_interfaces__rosidl_typesupport_introspection_c.dir/rosidl_typesupport_introspection_c/duckie_led_interfaces/srv/detail/led_color__type_support.c.o[0m
[6.458s] [ 51%] [32m[1mLinking CXX shared library libduckie_led_interfaces__rosidl_typesupport_c.so[0m
[6.464s] [ 54%] [32mBuilding CXX object CMakeFiles/duckie_led_interfaces__rosidl_typesupport_fastrtps_c.dir/rosidl_typesupport_fastrtps_c/duckie_led_interfaces/srv/detail/led_color__type_support_c.cpp.o[0m
[6.519s] [ 58%] [32m[1mLinking C shared library libduckie_led_interfaces__rosidl_typesupport_introspection_c.so[0m
[6.624s] [ 58%] Built target duckie_led_interfaces__rosidl_typesupport_c
[6.661s] [ 58%] Built target duckie_led_interfaces__rosidl_typesupport_introspection_c
[6.673s] [ 61%] [32m[1mLinking CXX shared library libduckie_led_interfaces__rosidl_typesupport_cpp.so[0m
[6.824s] [ 61%] Built target duckie_led_interfaces__rosidl_typesupport_cpp
[6.908s] [ 64%] [32m[1mLinking CXX shared library libduckie_led_interfaces__rosidl_typesupport_introspection_cpp.so[0m
[6.986s] [ 67%] [32m[1mLinking CXX shared library libduckie_led_interfaces__rosidl_typesupport_fastrtps_cpp.so[0m
[7.107s] [ 67%] Built target duckie_led_interfaces__rosidl_typesupport_introspection_cpp
[7.124s] [ 70%] [32m[1mLinking CXX shared library libduckie_led_interfaces__rosidl_typesupport_fastrtps_c.so[0m
[7.208s] [ 70%] Built target duckie_led_interfaces__rosidl_typesupport_fastrtps_cpp
[7.328s] [ 70%] Built target duckie_led_interfaces__rosidl_typesupport_fastrtps_c
[7.361s] [ 70%] Built target duckie_led_interfaces
[7.393s] [ 74%] [34m[1mGenerating Python code for ROS interfaces[0m
[7.967s] [ 74%] Built target duckie_led_interfaces__py
[7.998s] [ 77%] [32mBuilding C object CMakeFiles/duckie_led_interfaces__rosidl_generator_py.dir/rosidl_generator_py/duckie_led_interfaces/srv/_led_color_s.c.o[0m
[8.246s] [ 80%] [32m[1mLinking C shared library rosidl_generator_py/duckie_led_interfaces/libduckie_led_interfaces__rosidl_generator_py.so[0m
[8.380s] [ 80%] Built target duckie_led_interfaces__rosidl_generator_py
[8.416s] [ 90%] [32mBuilding C object CMakeFiles/duckie_led_interfaces__rosidl_typesupport_c__pyext.dir/rosidl_generator_py/duckie_led_interfaces/_duckie_led_interfaces_s.ep.rosidl_typesupport_c.c.o[0m
[8.416s] [ 90%] [32mBuilding C object CMakeFiles/duckie_led_interfaces__rosidl_typesupport_fastrtps_c__pyext.dir/rosidl_generator_py/duckie_led_interfaces/_duckie_led_interfaces_s.ep.rosidl_typesupport_fastrtps_c.c.o[0m
[8.416s] [ 90%] [32mBuilding C object CMakeFiles/duckie_led_interfaces__rosidl_typesupport_introspection_c__pyext.dir/rosidl_generator_py/duckie_led_interfaces/_duckie_led_interfaces_s.ep.rosidl_typesupport_introspection_c.c.o[0m
[8.575s] [ 96%] [32m[1mLinking C shared library rosidl_generator_py/duckie_led_interfaces/duckie_led_interfaces_s__rosidl_typesupport_fastrtps_c.cpython-310-x86_64-linux-gnu.so[0m
[8.575s] [ 96%] [32m[1mLinking C shared library rosidl_generator_py/duckie_led_interfaces/duckie_led_interfaces_s__rosidl_typesupport_introspection_c.cpython-310-x86_64-linux-gnu.so[0m
[8.575s] [100%] [32m[1mLinking C shared library rosidl_generator_py/duckie_led_interfaces/duckie_led_interfaces_s__rosidl_typesupport_c.cpython-310-x86_64-linux-gnu.so[0m
[8.676s] [100%] Built target duckie_led_interfaces__rosidl_typesupport_introspection_c__pyext
[8.676s] [100%] Built target duckie_led_interfaces__rosidl_typesupport_c__pyext
[8.679s] [100%] Built target duckie_led_interfaces__rosidl_typesupport_fastrtps_c__pyext
[8.695s] Invoked command in '/home/ubuntu/ros2_ws/build/duckie_led_interfaces' returned '0': CMAKE_PREFIX_PATH=/home/ubuntu/ros2_ws/install/duckie_led_pkg:/home/ubuntu/ros2_ws/install/duckie_vision_pkg:/opt/ros/humble /usr/bin/cmake --build /home/ubuntu/ros2_ws/build/duckie_led_interfaces -- -j16 -l16
[8.714s] Invoking command in '/home/ubuntu/ros2_ws/build/duckie_led_interfaces': CMAKE_PREFIX_PATH=/home/ubuntu/ros2_ws/install/duckie_led_pkg:/home/ubuntu/ros2_ws/install/duckie_vision_pkg:/opt/ros/humble /usr/bin/cmake --install /home/ubuntu/ros2_ws/build/duckie_led_interfaces
[8.728s] -- Install configuration: ""
[8.730s] -- Installing: /home/ubuntu/ros2_ws/install/duckie_led_interfaces/share/ament_index/resource_index/rosidl_interfaces/duckie_led_interfaces
[8.731s] -- Installing: /home/ubuntu/ros2_ws/install/duckie_led_interfaces/include/duckie_led_interfaces/duckie_led_interfaces
[8.732s] -- Installing: /home/ubuntu/ros2_ws/install/duckie_led_interfaces/include/duckie_led_interfaces/duckie_led_interfaces/srv
[8.733s] -- Installing: /home/ubuntu/ros2_ws/install/duckie_led_interfaces/include/duckie_led_interfaces/duckie_led_interfaces/srv/detail
[8.733s] -- Installing: /home/ubuntu/ros2_ws/install/duckie_led_interfaces/include/duckie_led_interfaces/duckie_led_interfaces/srv/detail/led_color__functions.c
[8.733s] -- Installing: /home/ubuntu/ros2_ws/install/duckie_led_interfaces/include/duckie_led_interfaces/duckie_led_interfaces/srv/detail/led_color__functions.h
[8.734s] -- Installing: /home/ubuntu/ros2_ws/install/duckie_led_interfaces/include/duckie_led_interfaces/duckie_led_interfaces/srv/detail/led_color__struct.h
[8.734s] -- Installing: /home/ubuntu/ros2_ws/install/duckie_led_interfaces/include/duckie_led_interfaces/duckie_led_interfaces/srv/detail/led_color__type_support.h
[8.734s] -- Installing: /home/ubuntu/ros2_ws/install/duckie_led_interfaces/include/duckie_led_interfaces/duckie_led_interfaces/srv/led_color.h
[8.735s] -- Installing: /home/ubuntu/ros2_ws/install/duckie_led_interfaces/include/duckie_led_interfaces/duckie_led_interfaces/msg
[8.735s] -- Installing: /home/ubuntu/ros2_ws/install/duckie_led_interfaces/include/duckie_led_interfaces/duckie_led_interfaces/msg/rosidl_generator_c__visibility_control.h
[8.735s] -- Installing: /home/ubuntu/ros2_ws/install/duckie_led_interfaces/share/duckie_led_interfaces/environment/library_path.sh
[8.736s] -- Installing: /home/ubuntu/ros2_ws/install/duckie_led_interfaces/share/duckie_led_interfaces/environment/library_path.dsv
[8.736s] -- Installing: /home/ubuntu/ros2_ws/install/duckie_led_interfaces/lib/libduckie_led_interfaces__rosidl_generator_c.so
[8.737s] -- Set runtime path of "/home/ubuntu/ros2_ws/install/duckie_led_interfaces/lib/libduckie_led_interfaces__rosidl_generator_c.so" to ""
[8.737s] -- Up-to-date: /home/ubuntu/ros2_ws/install/duckie_led_interfaces/include/duckie_led_interfaces/duckie_led_interfaces
[8.737s] -- Up-to-date: /home/ubuntu/ros2_ws/install/duckie_led_interfaces/include/duckie_led_interfaces/duckie_led_interfaces/srv
[8.737s] -- Up-to-date: /home/ubuntu/ros2_ws/install/duckie_led_interfaces/include/duckie_led_interfaces/duckie_led_interfaces/srv/detail
[8.738s] -- Installing: /home/ubuntu/ros2_ws/install/duckie_led_interfaces/include/duckie_led_interfaces/duckie_led_interfaces/srv/detail/led_color__rosidl_typesupport_fastrtps_c.h
[8.738s] -- Up-to-date: /home/ubuntu/ros2_ws/install/duckie_led_interfaces/include/duckie_led_interfaces/duckie_led_interfaces/msg
[8.738s] -- Installing: /home/ubuntu/ros2_ws/install/duckie_led_interfaces/include/duckie_led_interfaces/duckie_led_interfaces/msg/rosidl_typesupport_fastrtps_c__visibility_control.h
[8.738s] -- Installing: /home/ubuntu/ros2_ws/install/duckie_led_interfaces/lib/libduckie_led_interfaces__rosidl_typesupport_fastrtps_c.so
[8.739s] -- Set runtime path of "/home/ubuntu/ros2_ws/install/duckie_led_interfaces/lib/libduckie_led_interfaces__rosidl_typesupport_fastrtps_c.so" to ""
[8.739s] -- Up-to-date: /home/ubuntu/ros2_ws/install/duckie_led_interfaces/include/duckie_led_interfaces/duckie_led_interfaces
[8.739s] -- Up-to-date: /home/ubuntu/ros2_ws/install/duckie_led_interfaces/include/duckie_led_interfaces/duckie_led_interfaces/srv
[8.740s] -- Up-to-date: /home/ubuntu/ros2_ws/install/duckie_led_interfaces/include/duckie_led_interfaces/duckie_led_interfaces/srv/detail
[8.740s] -- Installing: /home/ubuntu/ros2_ws/install/duckie_led_interfaces/include/duckie_led_interfaces/duckie_led_interfaces/srv/detail/led_color__rosidl_typesupport_introspection_c.h
[8.740s] -- Installing: /home/ubuntu/ros2_ws/install/duckie_led_interfaces/include/duckie_led_interfaces/duckie_led_interfaces/srv/detail/led_color__type_support.c
[8.740s] -- Up-to-date: /home/ubuntu/ros2_ws/install/duckie_led_interfaces/include/duckie_led_interfaces/duckie_led_interfaces/msg
[8.740s] -- Installing: /home/ubuntu/ros2_ws/install/duckie_led_interfaces/include/duckie_led_interfaces/duckie_led_interfaces/msg/rosidl_typesupport_introspection_c__visibility_control.h
[8.741s] -- Installing: /home/ubuntu/ros2_ws/install/duckie_led_interfaces/lib/libduckie_led_interfaces__rosidl_typesupport_introspection_c.so
[8.741s] -- Set runtime path of "/home/ubuntu/ros2_ws/install/duckie_led_interfaces/lib/libduckie_led_interfaces__rosidl_typesupport_introspection_c.so" to ""
[8.742s] -- Installing: /home/ubuntu/ros2_ws/install/duckie_led_interfaces/lib/libduckie_led_interfaces__rosidl_typesupport_c.so
[8.742s] -- Set runtime path of "/home/ubuntu/ros2_ws/install/duckie_led_interfaces/lib/libduckie_led_interfaces__rosidl_typesupport_c.so" to ""
[8.742s] -- Up-to-date: /home/ubuntu/ros2_ws/install/duckie_led_interfaces/include/duckie_led_interfaces/duckie_led_interfaces
[8.742s] -- Up-to-date: /home/ubuntu/ros2_ws/install/duckie_led_interfaces/include/duckie_led_interfaces/duckie_led_interfaces/srv
[8.742s] -- Installing: /home/ubuntu/ros2_ws/install/duckie_led_interfaces/include/duckie_led_interfaces/duckie_led_interfaces/srv/led_color.hpp
[8.742s] -- Up-to-date: /home/ubuntu/ros2_ws/install/duckie_led_interfaces/include/duckie_led_interfaces/duckie_led_interfaces/srv/detail
[8.743s] -- Installing: /home/ubuntu/ros2_ws/install/duckie_led_interfaces/include/duckie_led_interfaces/duckie_led_interfaces/srv/detail/led_color__type_support.hpp
[8.743s] -- Installing: /home/ubuntu/ros2_ws/install/duckie_led_interfaces/include/duckie_led_interfaces/duckie_led_interfaces/srv/detail/led_color__traits.hpp
[8.743s] -- Installing: /home/ubuntu/ros2_ws/install/duckie_led_interfaces/include/duckie_led_interfaces/duckie_led_interfaces/srv/detail/led_color__struct.hpp
[8.743s] -- Installing: /home/ubuntu/ros2_ws/install/duckie_led_interfaces/include/duckie_led_interfaces/duckie_led_interfaces/srv/detail/led_color__builder.hpp
[8.744s] -- Up-to-date: /home/ubuntu/ros2_ws/install/duckie_led_interfaces/include/duckie_led_interfaces/duckie_led_interfaces/msg
[8.744s] -- Installing: /home/ubuntu/ros2_ws/install/duckie_led_interfaces/include/duckie_led_interfaces/duckie_led_interfaces/msg/rosidl_generator_cpp__visibility_control.hpp
[8.744s] -- Up-to-date: /home/ubuntu/ros2_ws/install/duckie_led_interfaces/include/duckie_led_interfaces/duckie_led_interfaces
[8.744s] -- Up-to-date: /home/ubuntu/ros2_ws/install/duckie_led_interfaces/include/duckie_led_interfaces/duckie_led_interfaces/srv
[8.744s] -- Up-to-date: /home/ubuntu/ros2_ws/install/duckie_led_interfaces/include/duckie_led_interfaces/duckie_led_interfaces/srv/detail
[8.744s] -- Installing: /home/ubuntu/ros2_ws/install/duckie_led_interfaces/include/duckie_led_interfaces/duckie_led_interfaces/srv/detail/led_color__rosidl_typesupport_fastrtps_cpp.hpp
[8.745s] -- Installing: /home/ubuntu/ros2_ws/install/duckie_led_interfaces/include/duckie_led_interfaces/duckie_led_interfaces/srv/detail/dds_fastrtps
[8.745s] -- Up-to-date: /home/ubuntu/ros2_ws/install/duckie_led_interfaces/include/duckie_led_interfaces/duckie_led_interfaces/msg
[8.745s] -- Installing: /home/ubuntu/ros2_ws/install/duckie_led_interfaces/include/duckie_led_interfaces/duckie_led_interfaces/msg/rosidl_typesupport_fastrtps_cpp__visibility_control.h
[8.745s] -- Installing: /home/ubuntu/ros2_ws/install/duckie_led_interfaces/lib/libduckie_led_interfaces__rosidl_typesupport_fastrtps_cpp.so
[8.745s] -- Set runtime path of "/home/ubuntu/ros2_ws/install/duckie_led_interfaces/lib/libduckie_led_interfaces__rosidl_typesupport_fastrtps_cpp.so" to ""
[8.746s] -- Up-to-date: /home/ubuntu/ros2_ws/install/duckie_led_interfaces/include/duckie_led_interfaces/duckie_led_interfaces
[8.746s] -- Up-to-date: /home/ubuntu/ros2_ws/install/duckie_led_interfaces/include/duckie_led_interfaces/duckie_led_interfaces/srv
[8.746s] -- Up-to-date: /home/ubuntu/ros2_ws/install/duckie_led_interfaces/include/duckie_led_interfaces/duckie_led_interfaces/srv/detail
[8.746s] -- Installing: /home/ubuntu/ros2_ws/install/duckie_led_interfaces/include/duckie_led_interfaces/duckie_led_interfaces/srv/detail/led_color__type_support.cpp
[8.746s] -- Installing: /home/ubuntu/ros2_ws/install/duckie_led_interfaces/include/duckie_led_interfaces/duckie_led_interfaces/srv/detail/led_color__rosidl_typesupport_introspection_cpp.hpp
[8.747s] -- Installing: /home/ubuntu/ros2_ws/install/duckie_led_interfaces/lib/libduckie_led_interfaces__rosidl_typesupport_introspection_cpp.so
[8.747s] -- Set runtime path of "/home/ubuntu/ros2_ws/install/duckie_led_interfaces/lib/libduckie_led_interfaces__rosidl_typesupport_introspection_cpp.so" to ""
[8.747s] -- Installing: /home/ubuntu/ros2_ws/install/duckie_led_interfaces/lib/libduckie_led_interfaces__rosidl_typesupport_cpp.so
[8.747s] -- Set runtime path of "/home/ubuntu/ros2_ws/install/duckie_led_interfaces/lib/libduckie_led_interfaces__rosidl_typesupport_cpp.so" to ""
[8.748s] -- Installing: /home/ubuntu/ros2_ws/install/duckie_led_interfaces/share/duckie_led_interfaces/environment/pythonpath.sh
[8.748s] -- Installing: /home/ubuntu/ros2_ws/install/duckie_led_interfaces/share/duckie_led_interfaces/environment/pythonpath.dsv
[8.748s] -- Installing: /home/ubuntu/ros2_ws/install/duckie_led_interfaces/local/lib/python3.10/dist-packages/duckie_led_interfaces-0.0.0-py3.10.egg-info
[8.748s] -- Installing: /home/ubuntu/ros2_ws/install/duckie_led_interfaces/local/lib/python3.10/dist-packages/duckie_led_interfaces-0.0.0-py3.10.egg-info/PKG-INFO
[8.749s] -- Installing: /home/ubuntu/ros2_ws/install/duckie_led_interfaces/local/lib/python3.10/dist-packages/duckie_led_interfaces-0.0.0-py3.10.egg-info/top_level.txt
[8.749s] -- Installing: /home/ubuntu/ros2_ws/install/duckie_led_interfaces/local/lib/python3.10/dist-packages/duckie_led_interfaces-0.0.0-py3.10.egg-info/SOURCES.txt
[8.749s] -- Installing: /home/ubuntu/ros2_ws/install/duckie_led_interfaces/local/lib/python3.10/dist-packages/duckie_led_interfaces-0.0.0-py3.10.egg-info/dependency_links.txt
[8.749s] -- Installing: /home/ubuntu/ros2_ws/install/duckie_led_interfaces/local/lib/python3.10/dist-packages/duckie_led_interfaces
[8.749s] -- Installing: /home/ubuntu/ros2_ws/install/duckie_led_interfaces/local/lib/python3.10/dist-packages/duckie_led_interfaces/__init__.py
[8.750s] -- Installing: /home/ubuntu/ros2_ws/install/duckie_led_interfaces/local/lib/python3.10/dist-packages/duckie_led_interfaces/srv
[8.750s] -- Installing: /home/ubuntu/ros2_ws/install/duckie_led_interfaces/local/lib/python3.10/dist-packages/duckie_led_interfaces/srv/_led_color.py
[8.750s] -- Installing: /home/ubuntu/ros2_ws/install/duckie_led_interfaces/local/lib/python3.10/dist-packages/duckie_led_interfaces/srv/__init__.py
[8.751s] -- Installing: /home/ubuntu/ros2_ws/install/duckie_led_interfaces/local/lib/python3.10/dist-packages/duckie_led_interfaces/srv/_led_color_s.c
[8.751s] -- Installing: /home/ubuntu/ros2_ws/install/duckie_led_interfaces/local/lib/python3.10/dist-packages/duckie_led_interfaces/duckie_led_interfaces_s__rosidl_typesupport_introspection_c.cpython-310-x86_64-linux-gnu.so
[8.751s] -- Installing: /home/ubuntu/ros2_ws/install/duckie_led_interfaces/local/lib/python3.10/dist-packages/duckie_led_interfaces/_duckie_led_interfaces_s.ep.rosidl_typesupport_c.c
[8.751s] -- Installing: /home/ubuntu/ros2_ws/install/duckie_led_interfaces/local/lib/python3.10/dist-packages/duckie_led_interfaces/duckie_led_interfaces_s__rosidl_typesupport_fastrtps_c.cpython-310-x86_64-linux-gnu.so
[8.751s] -- Installing: /home/ubuntu/ros2_ws/install/duckie_led_interfaces/local/lib/python3.10/dist-packages/duckie_led_interfaces/_duckie_led_interfaces_s.ep.rosidl_typesupport_fastrtps_c.c
[8.751s] -- Installing: /home/ubuntu/ros2_ws/install/duckie_led_interfaces/local/lib/python3.10/dist-packages/duckie_led_interfaces/libduckie_led_interfaces__rosidl_generator_py.so
[8.751s] -- Installing: /home/ubuntu/ros2_ws/install/duckie_led_interfaces/local/lib/python3.10/dist-packages/duckie_led_interfaces/_duckie_led_interfaces_s.ep.rosidl_typesupport_introspection_c.c
[8.751s] -- Installing: /home/ubuntu/ros2_ws/install/duckie_led_interfaces/local/lib/python3.10/dist-packages/duckie_led_interfaces/duckie_led_interfaces_s__rosidl_typesupport_c.cpython-310-x86_64-linux-gnu.so
[8.814s] Listing '/home/ubuntu/ros2_ws/install/duckie_led_interfaces/local/lib/python3.10/dist-packages/duckie_led_interfaces'...
[8.814s] Compiling '/home/ubuntu/ros2_ws/install/duckie_led_interfaces/local/lib/python3.10/dist-packages/duckie_led_interfaces/__init__.py'...
[8.814s] Listing '/home/ubuntu/ros2_ws/install/duckie_led_interfaces/local/lib/python3.10/dist-packages/duckie_led_interfaces/srv'...
[8.814s] Compiling '/home/ubuntu/ros2_ws/install/duckie_led_interfaces/local/lib/python3.10/dist-packages/duckie_led_interfaces/srv/__init__.py'...
[8.815s] Compiling '/home/ubuntu/ros2_ws/install/duckie_led_interfaces/local/lib/python3.10/dist-packages/duckie_led_interfaces/srv/_led_color.py'...
[8.822s] -- Installing: /home/ubuntu/ros2_ws/install/duckie_led_interfaces/local/lib/python3.10/dist-packages/duckie_led_interfaces/duckie_led_interfaces_s__rosidl_typesupport_fastrtps_c.cpython-310-x86_64-linux-gnu.so
[8.823s] -- Set runtime path of "/home/ubuntu/ros2_ws/install/duckie_led_interfaces/local/lib/python3.10/dist-packages/duckie_led_interfaces/duckie_led_interfaces_s__rosidl_typesupport_fastrtps_c.cpython-310-x86_64-linux-gnu.so" to ""
[8.823s] -- Installing: /home/ubuntu/ros2_ws/install/duckie_led_interfaces/local/lib/python3.10/dist-packages/duckie_led_interfaces/duckie_led_interfaces_s__rosidl_typesupport_introspection_c.cpython-310-x86_64-linux-gnu.so
[8.823s] -- Set runtime path of "/home/ubuntu/ros2_ws/install/duckie_led_interfaces/local/lib/python3.10/dist-packages/duckie_led_interfaces/duckie_led_interfaces_s__rosidl_typesupport_introspection_c.cpython-310-x86_64-linux-gnu.so" to ""
[8.823s] -- Installing: /home/ubuntu/ros2_ws/install/duckie_led_interfaces/local/lib/python3.10/dist-packages/duckie_led_interfaces/duckie_led_interfaces_s__rosidl_typesupport_c.cpython-310-x86_64-linux-gnu.so
[8.824s] -- Set runtime path of "/home/ubuntu/ros2_ws/install/duckie_led_interfaces/local/lib/python3.10/dist-packages/duckie_led_interfaces/duckie_led_interfaces_s__rosidl_typesupport_c.cpython-310-x86_64-linux-gnu.so" to ""
[8.824s] -- Installing: /home/ubuntu/ros2_ws/install/duckie_led_interfaces/lib/libduckie_led_interfaces__rosidl_generator_py.so
[8.825s] -- Set runtime path of "/home/ubuntu/ros2_ws/install/duckie_led_interfaces/lib/libduckie_led_interfaces__rosidl_generator_py.so" to ""
[8.827s] -- Installing: /home/ubuntu/ros2_ws/install/duckie_led_interfaces/share/duckie_led_interfaces/srv/LedColor.idl
[8.827s] -- Installing: /home/ubuntu/ros2_ws/install/duckie_led_interfaces/share/duckie_led_interfaces/srv/LedColor.srv
[8.828s] -- Installing: /home/ubuntu/ros2_ws/install/duckie_led_interfaces/share/duckie_led_interfaces/srv/LedColor_Request.msg
[8.828s] -- Installing: /home/ubuntu/ros2_ws/install/duckie_led_interfaces/share/duckie_led_interfaces/srv/LedColor_Response.msg
[8.828s] -- Installing: /home/ubuntu/ros2_ws/install/duckie_led_interfaces/share/ament_index/resource_index/package_run_dependencies/duckie_led_interfaces
[8.830s] -- Installing: /home/ubuntu/ros2_ws/install/duckie_led_interfaces/share/ament_index/resource_index/parent_prefix_path/duckie_led_interfaces
[8.830s] -- Installing: /home/ubuntu/ros2_ws/install/duckie_led_interfaces/share/duckie_led_interfaces/environment/ament_prefix_path.sh
[8.831s] -- Installing: /home/ubuntu/ros2_ws/install/duckie_led_interfaces/share/duckie_led_interfaces/environment/ament_prefix_path.dsv
[8.831s] -- Installing: /home/ubuntu/ros2_ws/install/duckie_led_interfaces/share/duckie_led_interfaces/environment/path.sh
[8.831s] -- Installing: /home/ubuntu/ros2_ws/install/duckie_led_interfaces/share/duckie_led_interfaces/environment/path.dsv
[8.831s] -- Installing: /home/ubuntu/ros2_ws/install/duckie_led_interfaces/share/duckie_led_interfaces/local_setup.bash
[8.832s] -- Installing: /home/ubuntu/ros2_ws/install/duckie_led_interfaces/share/duckie_led_interfaces/local_setup.sh
[8.832s] -- Installing: /home/ubuntu/ros2_ws/install/duckie_led_interfaces/share/duckie_led_interfaces/local_setup.zsh
[8.832s] -- Installing: /home/ubuntu/ros2_ws/install/duckie_led_interfaces/share/duckie_led_interfaces/local_setup.dsv
[8.833s] -- Installing: /home/ubuntu/ros2_ws/install/duckie_led_interfaces/share/duckie_led_interfaces/package.dsv
[8.833s] -- Installing: /home/ubuntu/ros2_ws/install/duckie_led_interfaces/share/ament_index/resource_index/packages/duckie_led_interfaces
[8.833s] -- Installing: /home/ubuntu/ros2_ws/install/duckie_led_interfaces/share/duckie_led_interfaces/cmake/export_duckie_led_interfaces__rosidl_generator_cExport.cmake
[8.834s] -- Installing: /home/ubuntu/ros2_ws/install/duckie_led_interfaces/share/duckie_led_interfaces/cmake/export_duckie_led_interfaces__rosidl_generator_cExport-noconfig.cmake
[8.834s] -- Installing: /home/ubuntu/ros2_ws/install/duckie_led_interfaces/share/duckie_led_interfaces/cmake/export_duckie_led_interfaces__rosidl_typesupport_fastrtps_cExport.cmake
[8.834s] -- Installing: /home/ubuntu/ros2_ws/install/duckie_led_interfaces/share/duckie_led_interfaces/cmake/export_duckie_led_interfaces__rosidl_typesupport_fastrtps_cExport-noconfig.cmake
[8.834s] -- Installing: /home/ubuntu/ros2_ws/install/duckie_led_interfaces/share/duckie_led_interfaces/cmake/duckie_led_interfaces__rosidl_typesupport_introspection_cExport.cmake
[8.835s] -- Installing: /home/ubuntu/ros2_ws/install/duckie_led_interfaces/share/duckie_led_interfaces/cmake/duckie_led_interfaces__rosidl_typesupport_introspection_cExport-noconfig.cmake
[8.835s] -- Installing: /home/ubuntu/ros2_ws/install/duckie_led_interfaces/share/duckie_led_interfaces/cmake/duckie_led_interfaces__rosidl_typesupport_cExport.cmake
[8.835s] -- Installing: /home/ubuntu/ros2_ws/install/duckie_led_interfaces/share/duckie_led_interfaces/cmake/duckie_led_interfaces__rosidl_typesupport_cExport-noconfig.cmake
[8.836s] -- Installing: /home/ubuntu/ros2_ws/install/duckie_led_interfaces/share/duckie_led_interfaces/cmake/export_duckie_led_interfaces__rosidl_generator_cppExport.cmake
[8.836s] -- Installing: /home/ubuntu/ros2_ws/install/duckie_led_interfaces/share/duckie_led_interfaces/cmake/export_duckie_led_interfaces__rosidl_typesupport_fastrtps_cppExport.cmake
[8.836s] -- Installing: /home/ubuntu/ros2_ws/install/duckie_led_interfaces/share/duckie_led_interfaces/cmake/export_duckie_led_interfaces__rosidl_typesupport_fastrtps_cppExport-noconfig.cmake
[8.837s] -- Installing: /home/ubuntu/ros2_ws/install/duckie_led_interfaces/share/duckie_led_interfaces/cmake/duckie_led_interfaces__rosidl_typesupport_introspection_cppExport.cmake
[8.837s] -- Installing: /home/ubuntu/ros2_ws/install/duckie_led_interfaces/share/duckie_led_interfaces/cmake/duckie_led_interfaces__rosidl_typesupport_introspection_cppExport-noconfig.cmake
[8.837s] -- Installing: /home/ubuntu/ros2_ws/install/duckie_led_interfaces/share/duckie_led_interfaces/cmake/duckie_led_interfaces__rosidl_typesupport_cppExport.cmake
[8.837s] -- Installing: /home/ubuntu/ros2_ws/install/duckie_led_interfaces/share/duckie_led_interfaces/cmake/duckie_led_interfaces__rosidl_typesupport_cppExport-noconfig.cmake
[8.838s] -- Installing: /home/ubuntu/ros2_ws/install/duckie_led_interfaces/share/duckie_led_interfaces/cmake/export_duckie_led_interfaces__rosidl_generator_pyExport.cmake
[8.838s] -- Installing: /home/ubuntu/ros2_ws/install/duckie_led_interfaces/share/duckie_led_interfaces/cmake/export_duckie_led_interfaces__rosidl_generator_pyExport-noconfig.cmake
[8.838s] -- Installing: /home/ubuntu/ros2_ws/install/duckie_led_interfaces/share/duckie_led_interfaces/cmake/rosidl_cmake-extras.cmake
[8.839s] -- Installing: /home/ubuntu/ros2_ws/install/duckie_led_interfaces/share/duckie_led_interfaces/cmake/ament_cmake_export_include_directories-extras.cmake
[8.839s] -- Installing: /home/ubuntu/ros2_ws/install/duckie_led_interfaces/share/duckie_led_interfaces/cmake/ament_cmake_export_libraries-extras.cmake
[8.840s] -- Installing: /home/ubuntu/ros2_ws/install/duckie_led_interfaces/share/duckie_led_interfaces/cmake/ament_cmake_export_targets-extras.cmake
[8.840s] -- Installing: /home/ubuntu/ros2_ws/install/duckie_led_interfaces/share/duckie_led_interfaces/cmake/rosidl_cmake_export_typesupport_targets-extras.cmake
[8.840s] -- Installing: /home/ubuntu/ros2_ws/install/duckie_led_interfaces/share/duckie_led_interfaces/cmake/ament_cmake_export_dependencies-extras.cmake
[8.840s] -- Installing: /home/ubuntu/ros2_ws/install/duckie_led_interfaces/share/duckie_led_interfaces/cmake/rosidl_cmake_export_typesupport_libraries-extras.cmake
[8.841s] -- Installing: /home/ubuntu/ros2_ws/install/duckie_led_interfaces/share/duckie_led_interfaces/cmake/duckie_led_interfacesConfig.cmake
[8.841s] -- Installing: /home/ubuntu/ros2_ws/install/duckie_led_interfaces/share/duckie_led_interfaces/cmake/duckie_led_interfacesConfig-version.cmake
[8.841s] -- Installing: /home/ubuntu/ros2_ws/install/duckie_led_interfaces/share/duckie_led_interfaces/package.xml
[8.846s] Invoked command in '/home/ubuntu/ros2_ws/build/duckie_led_interfaces' returned '0': CMAKE_PREFIX_PATH=/home/ubuntu/ros2_ws/install/duckie_led_pkg:/home/ubuntu/ros2_ws/install/duckie_vision_pkg:/opt/ros/humble /usr/bin/cmake --install /home/ubuntu/ros2_ws/build/duckie_led_interfaces
