[1.837s] Invoking command in '/home/ubuntu/ros2_ws/src/duckie_vision_pkg': PYTHONPATH=/home/ubuntu/ros2_ws/build/duckie_vision_pkg/prefix_override:/usr/lib/python3/dist-packages/colcon_core/task/python/colcon_distutils_commands:/home/ubuntu/ros2_ws/install/duckie_vision_pkg/lib/python3.10/site-packages:${PYTHONPATH} /usr/bin/python3 -W ignore:setup.py install is deprecated -W ignore:easy_install command is deprecated setup.py egg_info --egg-base ../../build/duckie_vision_pkg build --build-base /home/ubuntu/ros2_ws/build/duckie_vision_pkg/build install --record /home/ubuntu/ros2_ws/build/duckie_vision_pkg/install.log --single-version-externally-managed install_data
[2.217s] running egg_info
[2.218s] writing ../../build/duckie_vision_pkg/duckie_vision_pkg.egg-info/PKG-INFO
[2.230s] writing dependency_links to ../../build/duckie_vision_pkg/duckie_vision_pkg.egg-info/dependency_links.txt
[2.230s] writing entry points to ../../build/duckie_vision_pkg/duckie_vision_pkg.egg-info/entry_points.txt
[2.230s] writing requirements to ../../build/duckie_vision_pkg/duckie_vision_pkg.egg-info/requires.txt
[2.231s] writing top-level names to ../../build/duckie_vision_pkg/duckie_vision_pkg.egg-info/top_level.txt
[2.235s] reading manifest file '../../build/duckie_vision_pkg/duckie_vision_pkg.egg-info/SOURCES.txt'
[2.237s] writing manifest file '../../build/duckie_vision_pkg/duckie_vision_pkg.egg-info/SOURCES.txt'
[2.238s] running build
[2.238s] running build_py
[2.238s] running install
[2.238s] running install_lib
[2.243s] running install_data
[2.244s] running install_egg_info
[2.246s] removing '/home/ubuntu/ros2_ws/install/duckie_vision_pkg/lib/python3.10/site-packages/duckie_vision_pkg-0.0.0-py3.10.egg-info' (and everything under it)
[2.248s] Copying ../../build/duckie_vision_pkg/duckie_vision_pkg.egg-info to /home/ubuntu/ros2_ws/install/duckie_vision_pkg/lib/python3.10/site-packages/duckie_vision_pkg-0.0.0-py3.10.egg-info
[2.251s] running install_scripts
[2.293s] Installing vision_controller script to /home/ubuntu/ros2_ws/install/duckie_vision_pkg/lib/duckie_vision_pkg
[2.294s] writing list of installed files to '/home/ubuntu/ros2_ws/build/duckie_vision_pkg/install.log'
[2.346s] Invoked command in '/home/ubuntu/ros2_ws/src/duckie_vision_pkg' returned '0': PYTHONPATH=/home/ubuntu/ros2_ws/build/duckie_vision_pkg/prefix_override:/usr/lib/python3/dist-packages/colcon_core/task/python/colcon_distutils_commands:/home/ubuntu/ros2_ws/install/duckie_vision_pkg/lib/python3.10/site-packages:${PYTHONPATH} /usr/bin/python3 -W ignore:setup.py install is deprecated -W ignore:easy_install command is deprecated setup.py egg_info --egg-base ../../build/duckie_vision_pkg build --build-base /home/ubuntu/ros2_ws/build/duckie_vision_pkg/build install --record /home/ubuntu/ros2_ws/build/duckie_vision_pkg/install.log --single-version-externally-managed install_data
