-- Found ament_cmake: 1.3.12 (/opt/ros/humble/share/ament_cmake/cmake)
-- Found rosidl_default_generators: 1.2.0 (/opt/ros/humble/share/rosidl_default_generators/cmake)
-- Using all available rosidl_typesupport_c: rosidl_typesupport_fastrtps_c;rosidl_typesupport_introspection_c
-- Found rosidl_adapter: 3.1.7 (/opt/ros/humble/share/rosidl_adapter/cmake)
-- Using all available rosidl_typesupport_cpp: rosidl_typesupport_fastrtps_cpp;rosidl_typesupport_introspection_cpp
-- Found ament_cmake_ros: 0.10.0 (/opt/ros/humble/share/ament_cmake_ros/cmake)
-- Using all available rosidl_typesupport_c: rosidl_typesupport_fastrtps_c;rosidl_typesupport_introspection_c
-- Using all available rosidl_typesupport_cpp: rosidl_typesupport_fastrtps_cpp;rosidl_typesupport_introspection_cpp
-- Found python_cmake_module: 0.10.0 (/opt/ros/humble/share/python_cmake_module/cmake)
-- Using PYTHON_EXECUTABLE: /usr/bin/python3
-- Using PYTHON_INCLUDE_DIRS: /usr/include/python3.10
-- Using PYTHON_LIBRARIES: /usr/lib/x86_64-linux-gnu/libpython3.10.so
-- Configuring done
-- Generating done
-- Build files have been written to: /home/ubuntu/ros2_ws/build/duckie_led_interfaces
[  3%] [34m[1mGenerating C code for ROS interfaces[0m
[  6%] [34m[1mGenerating C++ code for ROS interfaces[0m
[  6%] Built target ament_cmake_python_copy_duckie_led_interfaces
[35m[1mConsolidate compiler generated dependencies of target duckie_led_interfaces__rosidl_generator_c[0m
running egg_info
writing duckie_led_interfaces.egg-info/PKG-INFO
writing dependency_links to duckie_led_interfaces.egg-info/dependency_links.txt
writing top-level names to duckie_led_interfaces.egg-info/top_level.txt
reading manifest file 'duckie_led_interfaces.egg-info/SOURCES.txt'
writing manifest file 'duckie_led_interfaces.egg-info/SOURCES.txt'
[  9%] [32mBuilding C object CMakeFiles/duckie_led_interfaces__rosidl_generator_c.dir/rosidl_generator_c/duckie_led_interfaces/srv/detail/led_color__functions.c.o[0m
[  9%] Built target duckie_led_interfaces__cpp
[  9%] Built target ament_cmake_python_build_duckie_led_interfaces_egg
[ 19%] [34m[1mGenerating C++ type support for eProsima Fast-RTPS[0m
[ 19%] [34m[1mGenerating C++ type support dispatch for ROS interfaces[0m
[ 19%] [34m[1mGenerating C++ introspection for ROS interfaces[0m
[ 22%] [32m[1mLinking C shared library libduckie_led_interfaces__rosidl_generator_c.so[0m
[35m[1mConsolidate compiler generated dependencies of target duckie_led_interfaces__rosidl_typesupport_cpp[0m
[ 25%] [32mBuilding CXX object CMakeFiles/duckie_led_interfaces__rosidl_typesupport_cpp.dir/rosidl_typesupport_cpp/duckie_led_interfaces/srv/led_color__type_support.cpp.o[0m
[ 25%] Built target duckie_led_interfaces__rosidl_generator_c
[ 32%] [34m[1mGenerating C type support for eProsima Fast-RTPS[0m
[ 32%] [34m[1mGenerating C introspection for ROS interfaces[0m
[ 35%] [34m[1mGenerating C type support dispatch for ROS interfaces[0m
[35m[1mConsolidate compiler generated dependencies of target duckie_led_interfaces__rosidl_typesupport_introspection_cpp[0m
[ 38%] [32mBuilding CXX object CMakeFiles/duckie_led_interfaces__rosidl_typesupport_introspection_cpp.dir/rosidl_typesupport_introspection_cpp/duckie_led_interfaces/srv/detail/led_color__type_support.cpp.o[0m
[35m[1mConsolidate compiler generated dependencies of target duckie_led_interfaces__rosidl_typesupport_fastrtps_cpp[0m
[ 41%] [32mBuilding CXX object CMakeFiles/duckie_led_interfaces__rosidl_typesupport_fastrtps_cpp.dir/rosidl_typesupport_fastrtps_cpp/duckie_led_interfaces/srv/detail/dds_fastrtps/led_color__type_support.cpp.o[0m
[35m[1mConsolidate compiler generated dependencies of target duckie_led_interfaces__rosidl_typesupport_c[0m
[ 45%] [32mBuilding CXX object CMakeFiles/duckie_led_interfaces__rosidl_typesupport_c.dir/rosidl_typesupport_c/duckie_led_interfaces/srv/led_color__type_support.cpp.o[0m
[35m[1mConsolidate compiler generated dependencies of target duckie_led_interfaces__rosidl_typesupport_fastrtps_c[0m
[ 48%] [32mBuilding CXX object CMakeFiles/duckie_led_interfaces__rosidl_typesupport_fastrtps_c.dir/rosidl_typesupport_fastrtps_c/duckie_led_interfaces/srv/detail/led_color__type_support_c.cpp.o[0m
[ 51%] [32m[1mLinking CXX shared library libduckie_led_interfaces__rosidl_typesupport_c.so[0m
[35m[1mConsolidate compiler generated dependencies of target duckie_led_interfaces__rosidl_typesupport_introspection_c[0m
[ 54%] [32mBuilding C object CMakeFiles/duckie_led_interfaces__rosidl_typesupport_introspection_c.dir/rosidl_typesupport_introspection_c/duckie_led_interfaces/srv/detail/led_color__type_support.c.o[0m
[ 58%] [32m[1mLinking C shared library libduckie_led_interfaces__rosidl_typesupport_introspection_c.so[0m
[ 61%] [32m[1mLinking CXX shared library libduckie_led_interfaces__rosidl_typesupport_cpp.so[0m
[ 61%] Built target duckie_led_interfaces__rosidl_typesupport_c
[ 61%] Built target duckie_led_interfaces__rosidl_typesupport_introspection_c
[ 61%] Built target duckie_led_interfaces__rosidl_typesupport_cpp
[ 64%] [32m[1mLinking CXX shared library libduckie_led_interfaces__rosidl_typesupport_introspection_cpp.so[0m
[ 67%] [32m[1mLinking CXX shared library libduckie_led_interfaces__rosidl_typesupport_fastrtps_cpp.so[0m
[ 67%] Built target duckie_led_interfaces__rosidl_typesupport_introspection_cpp
[ 70%] [32m[1mLinking CXX shared library libduckie_led_interfaces__rosidl_typesupport_fastrtps_c.so[0m
[ 70%] Built target duckie_led_interfaces__rosidl_typesupport_fastrtps_cpp
[ 70%] Built target duckie_led_interfaces__rosidl_typesupport_fastrtps_c
[ 70%] Built target duckie_led_interfaces
[ 74%] [34m[1mGenerating Python code for ROS interfaces[0m
[ 74%] Built target duckie_led_interfaces__py
[35m[1mConsolidate compiler generated dependencies of target duckie_led_interfaces__rosidl_generator_py[0m
[ 77%] [32mBuilding C object CMakeFiles/duckie_led_interfaces__rosidl_generator_py.dir/rosidl_generator_py/duckie_led_interfaces/srv/_led_color_s.c.o[0m
[ 80%] [32m[1mLinking C shared library rosidl_generator_py/duckie_led_interfaces/libduckie_led_interfaces__rosidl_generator_py.so[0m
[ 80%] Built target duckie_led_interfaces__rosidl_generator_py
[35m[1mConsolidate compiler generated dependencies of target duckie_led_interfaces__rosidl_typesupport_fastrtps_c__pyext[0m
[35m[1mConsolidate compiler generated dependencies of target duckie_led_interfaces__rosidl_typesupport_introspection_c__pyext[0m
[35m[1mConsolidate compiler generated dependencies of target duckie_led_interfaces__rosidl_typesupport_c__pyext[0m
[ 83%] [32mBuilding C object CMakeFiles/duckie_led_interfaces__rosidl_typesupport_introspection_c__pyext.dir/rosidl_generator_py/duckie_led_interfaces/_duckie_led_interfaces_s.ep.rosidl_typesupport_introspection_c.c.o[0m
[ 90%] [32mBuilding C object CMakeFiles/duckie_led_interfaces__rosidl_typesupport_c__pyext.dir/rosidl_generator_py/duckie_led_interfaces/_duckie_led_interfaces_s.ep.rosidl_typesupport_c.c.o[0m
[ 90%] [32mBuilding C object CMakeFiles/duckie_led_interfaces__rosidl_typesupport_fastrtps_c__pyext.dir/rosidl_generator_py/duckie_led_interfaces/_duckie_led_interfaces_s.ep.rosidl_typesupport_fastrtps_c.c.o[0m
[ 93%] [32m[1mLinking C shared library rosidl_generator_py/duckie_led_interfaces/duckie_led_interfaces_s__rosidl_typesupport_introspection_c.cpython-310-x86_64-linux-gnu.so[0m
[ 96%] [32m[1mLinking C shared library rosidl_generator_py/duckie_led_interfaces/duckie_led_interfaces_s__rosidl_typesupport_c.cpython-310-x86_64-linux-gnu.so[0m
[100%] [32m[1mLinking C shared library rosidl_generator_py/duckie_led_interfaces/duckie_led_interfaces_s__rosidl_typesupport_fastrtps_c.cpython-310-x86_64-linux-gnu.so[0m
[100%] Built target duckie_led_interfaces__rosidl_typesupport_c__pyext
[100%] Built target duckie_led_interfaces__rosidl_typesupport_introspection_c__pyext
[100%] Built target duckie_led_interfaces__rosidl_typesupport_fastrtps_c__pyext
-- Install configuration: ""
-- Up-to-date: /home/ubuntu/ros2_ws/install/duckie_led_interfaces/share/ament_index/resource_index/rosidl_interfaces/duckie_led_interfaces
-- Up-to-date: /home/ubuntu/ros2_ws/install/duckie_led_interfaces/include/duckie_led_interfaces/duckie_led_interfaces
-- Up-to-date: /home/ubuntu/ros2_ws/install/duckie_led_interfaces/include/duckie_led_interfaces/duckie_led_interfaces/srv
-- Up-to-date: /home/ubuntu/ros2_ws/install/duckie_led_interfaces/include/duckie_led_interfaces/duckie_led_interfaces/srv/detail
-- Installing: /home/ubuntu/ros2_ws/install/duckie_led_interfaces/include/duckie_led_interfaces/duckie_led_interfaces/srv/detail/led_color__functions.c
-- Installing: /home/ubuntu/ros2_ws/install/duckie_led_interfaces/include/duckie_led_interfaces/duckie_led_interfaces/srv/detail/led_color__functions.h
-- Installing: /home/ubuntu/ros2_ws/install/duckie_led_interfaces/include/duckie_led_interfaces/duckie_led_interfaces/srv/detail/led_color__struct.h
-- Installing: /home/ubuntu/ros2_ws/install/duckie_led_interfaces/include/duckie_led_interfaces/duckie_led_interfaces/srv/detail/led_color__type_support.h
-- Installing: /home/ubuntu/ros2_ws/install/duckie_led_interfaces/include/duckie_led_interfaces/duckie_led_interfaces/srv/led_color.h
-- Up-to-date: /home/ubuntu/ros2_ws/install/duckie_led_interfaces/include/duckie_led_interfaces/duckie_led_interfaces/msg
-- Up-to-date: /home/ubuntu/ros2_ws/install/duckie_led_interfaces/include/duckie_led_interfaces/duckie_led_interfaces/msg/rosidl_generator_c__visibility_control.h
-- Up-to-date: /home/ubuntu/ros2_ws/install/duckie_led_interfaces/share/duckie_led_interfaces/environment/library_path.sh
-- Installing: /home/ubuntu/ros2_ws/install/duckie_led_interfaces/share/duckie_led_interfaces/environment/library_path.dsv
-- Installing: /home/ubuntu/ros2_ws/install/duckie_led_interfaces/lib/libduckie_led_interfaces__rosidl_generator_c.so
-- Set runtime path of "/home/ubuntu/ros2_ws/install/duckie_led_interfaces/lib/libduckie_led_interfaces__rosidl_generator_c.so" to ""
-- Up-to-date: /home/ubuntu/ros2_ws/install/duckie_led_interfaces/include/duckie_led_interfaces/duckie_led_interfaces
-- Up-to-date: /home/ubuntu/ros2_ws/install/duckie_led_interfaces/include/duckie_led_interfaces/duckie_led_interfaces/srv
-- Up-to-date: /home/ubuntu/ros2_ws/install/duckie_led_interfaces/include/duckie_led_interfaces/duckie_led_interfaces/srv/detail
-- Installing: /home/ubuntu/ros2_ws/install/duckie_led_interfaces/include/duckie_led_interfaces/duckie_led_interfaces/srv/detail/led_color__rosidl_typesupport_fastrtps_c.h
-- Up-to-date: /home/ubuntu/ros2_ws/install/duckie_led_interfaces/include/duckie_led_interfaces/duckie_led_interfaces/msg
-- Up-to-date: /home/ubuntu/ros2_ws/install/duckie_led_interfaces/include/duckie_led_interfaces/duckie_led_interfaces/msg/rosidl_typesupport_fastrtps_c__visibility_control.h
-- Installing: /home/ubuntu/ros2_ws/install/duckie_led_interfaces/lib/libduckie_led_interfaces__rosidl_typesupport_fastrtps_c.so
-- Set runtime path of "/home/ubuntu/ros2_ws/install/duckie_led_interfaces/lib/libduckie_led_interfaces__rosidl_typesupport_fastrtps_c.so" to ""
-- Up-to-date: /home/ubuntu/ros2_ws/install/duckie_led_interfaces/include/duckie_led_interfaces/duckie_led_interfaces
-- Up-to-date: /home/ubuntu/ros2_ws/install/duckie_led_interfaces/include/duckie_led_interfaces/duckie_led_interfaces/srv
-- Up-to-date: /home/ubuntu/ros2_ws/install/duckie_led_interfaces/include/duckie_led_interfaces/duckie_led_interfaces/srv/detail
-- Installing: /home/ubuntu/ros2_ws/install/duckie_led_interfaces/include/duckie_led_interfaces/duckie_led_interfaces/srv/detail/led_color__rosidl_typesupport_introspection_c.h
-- Installing: /home/ubuntu/ros2_ws/install/duckie_led_interfaces/include/duckie_led_interfaces/duckie_led_interfaces/srv/detail/led_color__type_support.c
-- Up-to-date: /home/ubuntu/ros2_ws/install/duckie_led_interfaces/include/duckie_led_interfaces/duckie_led_interfaces/msg
-- Up-to-date: /home/ubuntu/ros2_ws/install/duckie_led_interfaces/include/duckie_led_interfaces/duckie_led_interfaces/msg/rosidl_typesupport_introspection_c__visibility_control.h
-- Installing: /home/ubuntu/ros2_ws/install/duckie_led_interfaces/lib/libduckie_led_interfaces__rosidl_typesupport_introspection_c.so
-- Set runtime path of "/home/ubuntu/ros2_ws/install/duckie_led_interfaces/lib/libduckie_led_interfaces__rosidl_typesupport_introspection_c.so" to ""
-- Installing: /home/ubuntu/ros2_ws/install/duckie_led_interfaces/lib/libduckie_led_interfaces__rosidl_typesupport_c.so
-- Set runtime path of "/home/ubuntu/ros2_ws/install/duckie_led_interfaces/lib/libduckie_led_interfaces__rosidl_typesupport_c.so" to ""
-- Up-to-date: /home/ubuntu/ros2_ws/install/duckie_led_interfaces/include/duckie_led_interfaces/duckie_led_interfaces
-- Up-to-date: /home/ubuntu/ros2_ws/install/duckie_led_interfaces/include/duckie_led_interfaces/duckie_led_interfaces/srv
-- Installing: /home/ubuntu/ros2_ws/install/duckie_led_interfaces/include/duckie_led_interfaces/duckie_led_interfaces/srv/led_color.hpp
-- Up-to-date: /home/ubuntu/ros2_ws/install/duckie_led_interfaces/include/duckie_led_interfaces/duckie_led_interfaces/srv/detail
-- Installing: /home/ubuntu/ros2_ws/install/duckie_led_interfaces/include/duckie_led_interfaces/duckie_led_interfaces/srv/detail/led_color__type_support.hpp
-- Installing: /home/ubuntu/ros2_ws/install/duckie_led_interfaces/include/duckie_led_interfaces/duckie_led_interfaces/srv/detail/led_color__traits.hpp
-- Installing: /home/ubuntu/ros2_ws/install/duckie_led_interfaces/include/duckie_led_interfaces/duckie_led_interfaces/srv/detail/led_color__struct.hpp
-- Installing: /home/ubuntu/ros2_ws/install/duckie_led_interfaces/include/duckie_led_interfaces/duckie_led_interfaces/srv/detail/led_color__builder.hpp
-- Up-to-date: /home/ubuntu/ros2_ws/install/duckie_led_interfaces/include/duckie_led_interfaces/duckie_led_interfaces/msg
-- Up-to-date: /home/ubuntu/ros2_ws/install/duckie_led_interfaces/include/duckie_led_interfaces/duckie_led_interfaces/msg/rosidl_generator_cpp__visibility_control.hpp
-- Up-to-date: /home/ubuntu/ros2_ws/install/duckie_led_interfaces/include/duckie_led_interfaces/duckie_led_interfaces
-- Up-to-date: /home/ubuntu/ros2_ws/install/duckie_led_interfaces/include/duckie_led_interfaces/duckie_led_interfaces/srv
-- Up-to-date: /home/ubuntu/ros2_ws/install/duckie_led_interfaces/include/duckie_led_interfaces/duckie_led_interfaces/srv/detail
-- Installing: /home/ubuntu/ros2_ws/install/duckie_led_interfaces/include/duckie_led_interfaces/duckie_led_interfaces/srv/detail/led_color__rosidl_typesupport_fastrtps_cpp.hpp
-- Up-to-date: /home/ubuntu/ros2_ws/install/duckie_led_interfaces/include/duckie_led_interfaces/duckie_led_interfaces/srv/detail/dds_fastrtps
-- Up-to-date: /home/ubuntu/ros2_ws/install/duckie_led_interfaces/include/duckie_led_interfaces/duckie_led_interfaces/msg
-- Up-to-date: /home/ubuntu/ros2_ws/install/duckie_led_interfaces/include/duckie_led_interfaces/duckie_led_interfaces/msg/rosidl_typesupport_fastrtps_cpp__visibility_control.h
-- Installing: /home/ubuntu/ros2_ws/install/duckie_led_interfaces/lib/libduckie_led_interfaces__rosidl_typesupport_fastrtps_cpp.so
-- Set runtime path of "/home/ubuntu/ros2_ws/install/duckie_led_interfaces/lib/libduckie_led_interfaces__rosidl_typesupport_fastrtps_cpp.so" to ""
-- Up-to-date: /home/ubuntu/ros2_ws/install/duckie_led_interfaces/include/duckie_led_interfaces/duckie_led_interfaces
-- Up-to-date: /home/ubuntu/ros2_ws/install/duckie_led_interfaces/include/duckie_led_interfaces/duckie_led_interfaces/srv
-- Up-to-date: /home/ubuntu/ros2_ws/install/duckie_led_interfaces/include/duckie_led_interfaces/duckie_led_interfaces/srv/detail
-- Installing: /home/ubuntu/ros2_ws/install/duckie_led_interfaces/include/duckie_led_interfaces/duckie_led_interfaces/srv/detail/led_color__type_support.cpp
-- Installing: /home/ubuntu/ros2_ws/install/duckie_led_interfaces/include/duckie_led_interfaces/duckie_led_interfaces/srv/detail/led_color__rosidl_typesupport_introspection_cpp.hpp
-- Installing: /home/ubuntu/ros2_ws/install/duckie_led_interfaces/lib/libduckie_led_interfaces__rosidl_typesupport_introspection_cpp.so
-- Set runtime path of "/home/ubuntu/ros2_ws/install/duckie_led_interfaces/lib/libduckie_led_interfaces__rosidl_typesupport_introspection_cpp.so" to ""
-- Installing: /home/ubuntu/ros2_ws/install/duckie_led_interfaces/lib/libduckie_led_interfaces__rosidl_typesupport_cpp.so
-- Set runtime path of "/home/ubuntu/ros2_ws/install/duckie_led_interfaces/lib/libduckie_led_interfaces__rosidl_typesupport_cpp.so" to ""
-- Up-to-date: /home/ubuntu/ros2_ws/install/duckie_led_interfaces/share/duckie_led_interfaces/environment/pythonpath.sh
-- Installing: /home/ubuntu/ros2_ws/install/duckie_led_interfaces/share/duckie_led_interfaces/environment/pythonpath.dsv
-- Up-to-date: /home/ubuntu/ros2_ws/install/duckie_led_interfaces/local/lib/python3.10/dist-packages/duckie_led_interfaces-0.0.0-py3.10.egg-info
-- Installing: /home/ubuntu/ros2_ws/install/duckie_led_interfaces/local/lib/python3.10/dist-packages/duckie_led_interfaces-0.0.0-py3.10.egg-info/PKG-INFO
-- Installing: /home/ubuntu/ros2_ws/install/duckie_led_interfaces/local/lib/python3.10/dist-packages/duckie_led_interfaces-0.0.0-py3.10.egg-info/top_level.txt
-- Installing: /home/ubuntu/ros2_ws/install/duckie_led_interfaces/local/lib/python3.10/dist-packages/duckie_led_interfaces-0.0.0-py3.10.egg-info/SOURCES.txt
-- Installing: /home/ubuntu/ros2_ws/install/duckie_led_interfaces/local/lib/python3.10/dist-packages/duckie_led_interfaces-0.0.0-py3.10.egg-info/dependency_links.txt
-- Up-to-date: /home/ubuntu/ros2_ws/install/duckie_led_interfaces/local/lib/python3.10/dist-packages/duckie_led_interfaces
-- Installing: /home/ubuntu/ros2_ws/install/duckie_led_interfaces/local/lib/python3.10/dist-packages/duckie_led_interfaces/__init__.py
-- Up-to-date: /home/ubuntu/ros2_ws/install/duckie_led_interfaces/local/lib/python3.10/dist-packages/duckie_led_interfaces/srv
-- Installing: /home/ubuntu/ros2_ws/install/duckie_led_interfaces/local/lib/python3.10/dist-packages/duckie_led_interfaces/srv/_led_color.py
-- Installing: /home/ubuntu/ros2_ws/install/duckie_led_interfaces/local/lib/python3.10/dist-packages/duckie_led_interfaces/srv/__init__.py
-- Installing: /home/ubuntu/ros2_ws/install/duckie_led_interfaces/local/lib/python3.10/dist-packages/duckie_led_interfaces/srv/_led_color_s.c
-- Installing: /home/ubuntu/ros2_ws/install/duckie_led_interfaces/local/lib/python3.10/dist-packages/duckie_led_interfaces/duckie_led_interfaces_s__rosidl_typesupport_introspection_c.cpython-310-x86_64-linux-gnu.so
-- Installing: /home/ubuntu/ros2_ws/install/duckie_led_interfaces/local/lib/python3.10/dist-packages/duckie_led_interfaces/_duckie_led_interfaces_s.ep.rosidl_typesupport_c.c
-- Installing: /home/ubuntu/ros2_ws/install/duckie_led_interfaces/local/lib/python3.10/dist-packages/duckie_led_interfaces/duckie_led_interfaces_s__rosidl_typesupport_fastrtps_c.cpython-310-x86_64-linux-gnu.so
-- Installing: /home/ubuntu/ros2_ws/install/duckie_led_interfaces/local/lib/python3.10/dist-packages/duckie_led_interfaces/_duckie_led_interfaces_s.ep.rosidl_typesupport_fastrtps_c.c
-- Installing: /home/ubuntu/ros2_ws/install/duckie_led_interfaces/local/lib/python3.10/dist-packages/duckie_led_interfaces/libduckie_led_interfaces__rosidl_generator_py.so
-- Installing: /home/ubuntu/ros2_ws/install/duckie_led_interfaces/local/lib/python3.10/dist-packages/duckie_led_interfaces/_duckie_led_interfaces_s.ep.rosidl_typesupport_introspection_c.c
-- Installing: /home/ubuntu/ros2_ws/install/duckie_led_interfaces/local/lib/python3.10/dist-packages/duckie_led_interfaces/duckie_led_interfaces_s__rosidl_typesupport_c.cpython-310-x86_64-linux-gnu.so
Listing '/home/ubuntu/ros2_ws/install/duckie_led_interfaces/local/lib/python3.10/dist-packages/duckie_led_interfaces'...
Compiling '/home/ubuntu/ros2_ws/install/duckie_led_interfaces/local/lib/python3.10/dist-packages/duckie_led_interfaces/__init__.py'...
Listing '/home/ubuntu/ros2_ws/install/duckie_led_interfaces/local/lib/python3.10/dist-packages/duckie_led_interfaces/srv'...
Compiling '/home/ubuntu/ros2_ws/install/duckie_led_interfaces/local/lib/python3.10/dist-packages/duckie_led_interfaces/srv/__init__.py'...
Compiling '/home/ubuntu/ros2_ws/install/duckie_led_interfaces/local/lib/python3.10/dist-packages/duckie_led_interfaces/srv/_led_color.py'...
-- Installing: /home/ubuntu/ros2_ws/install/duckie_led_interfaces/local/lib/python3.10/dist-packages/duckie_led_interfaces/duckie_led_interfaces_s__rosidl_typesupport_fastrtps_c.cpython-310-x86_64-linux-gnu.so
-- Set runtime path of "/home/ubuntu/ros2_ws/install/duckie_led_interfaces/local/lib/python3.10/dist-packages/duckie_led_interfaces/duckie_led_interfaces_s__rosidl_typesupport_fastrtps_c.cpython-310-x86_64-linux-gnu.so" to ""
-- Installing: /home/ubuntu/ros2_ws/install/duckie_led_interfaces/local/lib/python3.10/dist-packages/duckie_led_interfaces/duckie_led_interfaces_s__rosidl_typesupport_introspection_c.cpython-310-x86_64-linux-gnu.so
-- Set runtime path of "/home/ubuntu/ros2_ws/install/duckie_led_interfaces/local/lib/python3.10/dist-packages/duckie_led_interfaces/duckie_led_interfaces_s__rosidl_typesupport_introspection_c.cpython-310-x86_64-linux-gnu.so" to ""
-- Installing: /home/ubuntu/ros2_ws/install/duckie_led_interfaces/local/lib/python3.10/dist-packages/duckie_led_interfaces/duckie_led_interfaces_s__rosidl_typesupport_c.cpython-310-x86_64-linux-gnu.so
-- Set runtime path of "/home/ubuntu/ros2_ws/install/duckie_led_interfaces/local/lib/python3.10/dist-packages/duckie_led_interfaces/duckie_led_interfaces_s__rosidl_typesupport_c.cpython-310-x86_64-linux-gnu.so" to ""
-- Installing: /home/ubuntu/ros2_ws/install/duckie_led_interfaces/lib/libduckie_led_interfaces__rosidl_generator_py.so
-- Set runtime path of "/home/ubuntu/ros2_ws/install/duckie_led_interfaces/lib/libduckie_led_interfaces__rosidl_generator_py.so" to ""
-- Installing: /home/ubuntu/ros2_ws/install/duckie_led_interfaces/share/duckie_led_interfaces/srv/LedColor.idl
-- Installing: /home/ubuntu/ros2_ws/install/duckie_led_interfaces/share/duckie_led_interfaces/srv/LedColor.srv
-- Up-to-date: /home/ubuntu/ros2_ws/install/duckie_led_interfaces/share/duckie_led_interfaces/srv/LedColor_Request.msg
-- Installing: /home/ubuntu/ros2_ws/install/duckie_led_interfaces/share/duckie_led_interfaces/srv/LedColor_Response.msg
-- Up-to-date: /home/ubuntu/ros2_ws/install/duckie_led_interfaces/share/ament_index/resource_index/package_run_dependencies/duckie_led_interfaces
-- Installing: /home/ubuntu/ros2_ws/install/duckie_led_interfaces/share/ament_index/resource_index/parent_prefix_path/duckie_led_interfaces
-- Up-to-date: /home/ubuntu/ros2_ws/install/duckie_led_interfaces/share/duckie_led_interfaces/environment/ament_prefix_path.sh
-- Installing: /home/ubuntu/ros2_ws/install/duckie_led_interfaces/share/duckie_led_interfaces/environment/ament_prefix_path.dsv
-- Up-to-date: /home/ubuntu/ros2_ws/install/duckie_led_interfaces/share/duckie_led_interfaces/environment/path.sh
-- Installing: /home/ubuntu/ros2_ws/install/duckie_led_interfaces/share/duckie_led_interfaces/environment/path.dsv
-- Up-to-date: /home/ubuntu/ros2_ws/install/duckie_led_interfaces/share/duckie_led_interfaces/local_setup.bash
-- Up-to-date: /home/ubuntu/ros2_ws/install/duckie_led_interfaces/share/duckie_led_interfaces/local_setup.sh
-- Up-to-date: /home/ubuntu/ros2_ws/install/duckie_led_interfaces/share/duckie_led_interfaces/local_setup.zsh
-- Installing: /home/ubuntu/ros2_ws/install/duckie_led_interfaces/share/duckie_led_interfaces/local_setup.dsv
-- Installing: /home/ubuntu/ros2_ws/install/duckie_led_interfaces/share/duckie_led_interfaces/package.dsv
-- Up-to-date: /home/ubuntu/ros2_ws/install/duckie_led_interfaces/share/ament_index/resource_index/packages/duckie_led_interfaces
-- Up-to-date: /home/ubuntu/ros2_ws/install/duckie_led_interfaces/share/duckie_led_interfaces/cmake/export_duckie_led_interfaces__rosidl_generator_cExport.cmake
-- Up-to-date: /home/ubuntu/ros2_ws/install/duckie_led_interfaces/share/duckie_led_interfaces/cmake/export_duckie_led_interfaces__rosidl_generator_cExport-noconfig.cmake
-- Up-to-date: /home/ubuntu/ros2_ws/install/duckie_led_interfaces/share/duckie_led_interfaces/cmake/export_duckie_led_interfaces__rosidl_typesupport_fastrtps_cExport.cmake
-- Up-to-date: /home/ubuntu/ros2_ws/install/duckie_led_interfaces/share/duckie_led_interfaces/cmake/export_duckie_led_interfaces__rosidl_typesupport_fastrtps_cExport-noconfig.cmake
-- Up-to-date: /home/ubuntu/ros2_ws/install/duckie_led_interfaces/share/duckie_led_interfaces/cmake/duckie_led_interfaces__rosidl_typesupport_introspection_cExport.cmake
-- Up-to-date: /home/ubuntu/ros2_ws/install/duckie_led_interfaces/share/duckie_led_interfaces/cmake/duckie_led_interfaces__rosidl_typesupport_introspection_cExport-noconfig.cmake
-- Up-to-date: /home/ubuntu/ros2_ws/install/duckie_led_interfaces/share/duckie_led_interfaces/cmake/duckie_led_interfaces__rosidl_typesupport_cExport.cmake
-- Up-to-date: /home/ubuntu/ros2_ws/install/duckie_led_interfaces/share/duckie_led_interfaces/cmake/duckie_led_interfaces__rosidl_typesupport_cExport-noconfig.cmake
-- Up-to-date: /home/ubuntu/ros2_ws/install/duckie_led_interfaces/share/duckie_led_interfaces/cmake/export_duckie_led_interfaces__rosidl_generator_cppExport.cmake
-- Up-to-date: /home/ubuntu/ros2_ws/install/duckie_led_interfaces/share/duckie_led_interfaces/cmake/export_duckie_led_interfaces__rosidl_typesupport_fastrtps_cppExport.cmake
-- Up-to-date: /home/ubuntu/ros2_ws/install/duckie_led_interfaces/share/duckie_led_interfaces/cmake/export_duckie_led_interfaces__rosidl_typesupport_fastrtps_cppExport-noconfig.cmake
-- Up-to-date: /home/ubuntu/ros2_ws/install/duckie_led_interfaces/share/duckie_led_interfaces/cmake/duckie_led_interfaces__rosidl_typesupport_introspection_cppExport.cmake
-- Up-to-date: /home/ubuntu/ros2_ws/install/duckie_led_interfaces/share/duckie_led_interfaces/cmake/duckie_led_interfaces__rosidl_typesupport_introspection_cppExport-noconfig.cmake
-- Up-to-date: /home/ubuntu/ros2_ws/install/duckie_led_interfaces/share/duckie_led_interfaces/cmake/duckie_led_interfaces__rosidl_typesupport_cppExport.cmake
-- Up-to-date: /home/ubuntu/ros2_ws/install/duckie_led_interfaces/share/duckie_led_interfaces/cmake/duckie_led_interfaces__rosidl_typesupport_cppExport-noconfig.cmake
-- Up-to-date: /home/ubuntu/ros2_ws/install/duckie_led_interfaces/share/duckie_led_interfaces/cmake/export_duckie_led_interfaces__rosidl_generator_pyExport.cmake
-- Up-to-date: /home/ubuntu/ros2_ws/install/duckie_led_interfaces/share/duckie_led_interfaces/cmake/export_duckie_led_interfaces__rosidl_generator_pyExport-noconfig.cmake
-- Up-to-date: /home/ubuntu/ros2_ws/install/duckie_led_interfaces/share/duckie_led_interfaces/cmake/rosidl_cmake-extras.cmake
-- Up-to-date: /home/ubuntu/ros2_ws/install/duckie_led_interfaces/share/duckie_led_interfaces/cmake/ament_cmake_export_include_directories-extras.cmake
-- Up-to-date: /home/ubuntu/ros2_ws/install/duckie_led_interfaces/share/duckie_led_interfaces/cmake/ament_cmake_export_libraries-extras.cmake
-- Up-to-date: /home/ubuntu/ros2_ws/install/duckie_led_interfaces/share/duckie_led_interfaces/cmake/ament_cmake_export_targets-extras.cmake
-- Up-to-date: /home/ubuntu/ros2_ws/install/duckie_led_interfaces/share/duckie_led_interfaces/cmake/rosidl_cmake_export_typesupport_targets-extras.cmake
-- Up-to-date: /home/ubuntu/ros2_ws/install/duckie_led_interfaces/share/duckie_led_interfaces/cmake/ament_cmake_export_dependencies-extras.cmake
-- Up-to-date: /home/ubuntu/ros2_ws/install/duckie_led_interfaces/share/duckie_led_interfaces/cmake/rosidl_cmake_export_typesupport_libraries-extras.cmake
-- Up-to-date: /home/ubuntu/ros2_ws/install/duckie_led_interfaces/share/duckie_led_interfaces/cmake/duckie_led_interfacesConfig.cmake
-- Up-to-date: /home/ubuntu/ros2_ws/install/duckie_led_interfaces/share/duckie_led_interfaces/cmake/duckie_led_interfacesConfig-version.cmake
-- Up-to-date: /home/ubuntu/ros2_ws/install/duckie_led_interfaces/share/duckie_led_interfaces/package.xml
