running egg_info
creating ../../build/duckie_led_pkg/duckie_led_pkg.egg-info
writing ../../build/duckie_led_pkg/duckie_led_pkg.egg-info/PKG-INFO
writing dependency_links to ../../build/duckie_led_pkg/duckie_led_pkg.egg-info/dependency_links.txt
writing entry points to ../../build/duckie_led_pkg/duckie_led_pkg.egg-info/entry_points.txt
writing requirements to ../../build/duckie_led_pkg/duckie_led_pkg.egg-info/requires.txt
writing top-level names to ../../build/duckie_led_pkg/duckie_led_pkg.egg-info/top_level.txt
writing manifest file '../../build/duckie_led_pkg/duckie_led_pkg.egg-info/SOURCES.txt'
reading manifest file '../../build/duckie_led_pkg/duckie_led_pkg.egg-info/SOURCES.txt'
writing manifest file '../../build/duckie_led_pkg/duckie_led_pkg.egg-info/SOURCES.txt'
running build
running build_py
creating /home/ubuntu/ros2_ws/build/duckie_led_pkg/build
creating /home/ubuntu/ros2_ws/build/duckie_led_pkg/build/lib
creating /home/ubuntu/ros2_ws/build/duckie_led_pkg/build/lib/duckie_led_pkg
copying duckie_led_pkg/__init__.py -> /home/ubuntu/ros2_ws/build/duckie_led_pkg/build/lib/duckie_led_pkg
copying duckie_led_pkg/led_service.py -> /home/ubuntu/ros2_ws/build/duckie_led_pkg/build/lib/duckie_led_pkg
running install
running install_lib
creating /home/ubuntu/ros2_ws/install/duckie_led_pkg/lib/python3.10/site-packages/duckie_led_pkg
copying /home/ubuntu/ros2_ws/build/duckie_led_pkg/build/lib/duckie_led_pkg/__init__.py -> /home/ubuntu/ros2_ws/install/duckie_led_pkg/lib/python3.10/site-packages/duckie_led_pkg
copying /home/ubuntu/ros2_ws/build/duckie_led_pkg/build/lib/duckie_led_pkg/led_service.py -> /home/ubuntu/ros2_ws/install/duckie_led_pkg/lib/python3.10/site-packages/duckie_led_pkg
byte-compiling /home/ubuntu/ros2_ws/install/duckie_led_pkg/lib/python3.10/site-packages/duckie_led_pkg/__init__.py to __init__.cpython-310.pyc
byte-compiling /home/ubuntu/ros2_ws/install/duckie_led_pkg/lib/python3.10/site-packages/duckie_led_pkg/led_service.py to led_service.cpython-310.pyc
running install_data
creating /home/ubuntu/ros2_ws/install/duckie_led_pkg/share/ament_index
creating /home/ubuntu/ros2_ws/install/duckie_led_pkg/share/ament_index/resource_index
creating /home/ubuntu/ros2_ws/install/duckie_led_pkg/share/ament_index/resource_index/packages
copying resource/duckie_led_pkg -> /home/ubuntu/ros2_ws/install/duckie_led_pkg/share/ament_index/resource_index/packages
copying package.xml -> /home/ubuntu/ros2_ws/install/duckie_led_pkg/share/duckie_led_pkg
creating /home/ubuntu/ros2_ws/install/duckie_led_pkg/share/duckie_led_pkg/srv
copying srv/LedColor.srv -> /home/ubuntu/ros2_ws/install/duckie_led_pkg/share/duckie_led_pkg/srv
running install_egg_info
Copying ../../build/duckie_led_pkg/duckie_led_pkg.egg-info to /home/ubuntu/ros2_ws/install/duckie_led_pkg/lib/python3.10/site-packages/duckie_led_pkg-0.0.0-py3.10.egg-info
running install_scripts
Installing led_service script to /home/ubuntu/ros2_ws/install/duckie_led_pkg/lib/duckie_led_pkg
writing list of installed files to '/home/ubuntu/ros2_ws/build/duckie_led_pkg/install.log'
