[1.859s] Invoking command in '/home/ubuntu/ros2_ws/src/duckie_led_pkg': PYTHONPATH=/home/ubuntu/ros2_ws/build/duckie_led_pkg/prefix_override:/usr/lib/python3/dist-packages/colcon_core/task/python/colcon_distutils_commands:/home/ubuntu/ros2_ws/install/duckie_led_pkg/lib/python3.10/site-packages:${PYTHONPATH} /usr/bin/python3 -W ignore:setup.py install is deprecated -W ignore:easy_install command is deprecated setup.py egg_info --egg-base ../../build/duckie_led_pkg build --build-base /home/ubuntu/ros2_ws/build/duckie_led_pkg/build install --record /home/ubuntu/ros2_ws/build/duckie_led_pkg/install.log --single-version-externally-managed install_data
[2.262s] running egg_info
[2.264s] creating ../../build/duckie_led_pkg/duckie_led_pkg.egg-info
[2.265s] writing ../../build/duckie_led_pkg/duckie_led_pkg.egg-info/PKG-INFO
[2.265s] writing dependency_links to ../../build/duckie_led_pkg/duckie_led_pkg.egg-info/dependency_links.txt
[2.266s] writing entry points to ../../build/duckie_led_pkg/duckie_led_pkg.egg-info/entry_points.txt
[2.266s] writing requirements to ../../build/duckie_led_pkg/duckie_led_pkg.egg-info/requires.txt
[2.266s] writing top-level names to ../../build/duckie_led_pkg/duckie_led_pkg.egg-info/top_level.txt
[2.267s] writing manifest file '../../build/duckie_led_pkg/duckie_led_pkg.egg-info/SOURCES.txt'
[2.272s] reading manifest file '../../build/duckie_led_pkg/duckie_led_pkg.egg-info/SOURCES.txt'
[2.274s] writing manifest file '../../build/duckie_led_pkg/duckie_led_pkg.egg-info/SOURCES.txt'
[2.274s] running build
[2.274s] running build_py
[2.275s] creating /home/ubuntu/ros2_ws/build/duckie_led_pkg/build
[2.275s] creating /home/ubuntu/ros2_ws/build/duckie_led_pkg/build/lib
[2.276s] creating /home/ubuntu/ros2_ws/build/duckie_led_pkg/build/lib/duckie_led_pkg
[2.277s] copying duckie_led_pkg/__init__.py -> /home/ubuntu/ros2_ws/build/duckie_led_pkg/build/lib/duckie_led_pkg
[2.278s] copying duckie_led_pkg/led_service.py -> /home/ubuntu/ros2_ws/build/duckie_led_pkg/build/lib/duckie_led_pkg
[2.279s] running install
[2.280s] running install_lib
[2.280s] creating /home/ubuntu/ros2_ws/install/duckie_led_pkg/lib/python3.10/site-packages/duckie_led_pkg
[2.281s] copying /home/ubuntu/ros2_ws/build/duckie_led_pkg/build/lib/duckie_led_pkg/__init__.py -> /home/ubuntu/ros2_ws/install/duckie_led_pkg/lib/python3.10/site-packages/duckie_led_pkg
[2.281s] copying /home/ubuntu/ros2_ws/build/duckie_led_pkg/build/lib/duckie_led_pkg/led_service.py -> /home/ubuntu/ros2_ws/install/duckie_led_pkg/lib/python3.10/site-packages/duckie_led_pkg
[2.282s] byte-compiling /home/ubuntu/ros2_ws/install/duckie_led_pkg/lib/python3.10/site-packages/duckie_led_pkg/__init__.py to __init__.cpython-310.pyc
[2.282s] byte-compiling /home/ubuntu/ros2_ws/install/duckie_led_pkg/lib/python3.10/site-packages/duckie_led_pkg/led_service.py to led_service.cpython-310.pyc
[2.283s] running install_data
[2.283s] creating /home/ubuntu/ros2_ws/install/duckie_led_pkg/share/ament_index
[2.284s] creating /home/ubuntu/ros2_ws/install/duckie_led_pkg/share/ament_index/resource_index
[2.284s] creating /home/ubuntu/ros2_ws/install/duckie_led_pkg/share/ament_index/resource_index/packages
[2.284s] copying resource/duckie_led_pkg -> /home/ubuntu/ros2_ws/install/duckie_led_pkg/share/ament_index/resource_index/packages
[2.285s] copying package.xml -> /home/ubuntu/ros2_ws/install/duckie_led_pkg/share/duckie_led_pkg
[2.285s] creating /home/ubuntu/ros2_ws/install/duckie_led_pkg/share/duckie_led_pkg/srv
[2.285s] copying srv/LedColor.srv -> /home/ubuntu/ros2_ws/install/duckie_led_pkg/share/duckie_led_pkg/srv
[2.286s] running install_egg_info
[2.290s] Copying ../../build/duckie_led_pkg/duckie_led_pkg.egg-info to /home/ubuntu/ros2_ws/install/duckie_led_pkg/lib/python3.10/site-packages/duckie_led_pkg-0.0.0-py3.10.egg-info
[2.292s] running install_scripts
[2.328s] Installing led_service script to /home/ubuntu/ros2_ws/install/duckie_led_pkg/lib/duckie_led_pkg
[2.329s] writing list of installed files to '/home/ubuntu/ros2_ws/build/duckie_led_pkg/install.log'
[2.386s] Invoked command in '/home/ubuntu/ros2_ws/src/duckie_led_pkg' returned '0': PYTHONPATH=/home/ubuntu/ros2_ws/build/duckie_led_pkg/prefix_override:/usr/lib/python3/dist-packages/colcon_core/task/python/colcon_distutils_commands:/home/ubuntu/ros2_ws/install/duckie_led_pkg/lib/python3.10/site-packages:${PYTHONPATH} /usr/bin/python3 -W ignore:setup.py install is deprecated -W ignore:easy_install command is deprecated setup.py egg_info --egg-base ../../build/duckie_led_pkg build --build-base /home/ubuntu/ros2_ws/build/duckie_led_pkg/build install --record /home/ubuntu/ros2_ws/build/duckie_led_pkg/install.log --single-version-externally-managed install_data
