[0.376s] DEBUG:colcon:Command line arguments: ['/usr/bin/colcon', 'build']
[0.376s] DEBUG:colcon:Parsed command line arguments: Namespace(log_base=None, log_level=None, verb_name='build', build_base='build', install_base='install', merge_install=False, symlink_install=False, test_result_base=None, continue_on_error=False, executor='parallel', parallel_workers=16, event_handlers=None, ignore_user_meta=False, metas=['./colcon.meta'], base_paths=['.'], packages_ignore=None, packages_ignore_regex=None, paths=None, packages_up_to=None, packages_up_to_regex=None, packages_above=None, packages_above_and_dependencies=None, packages_above_depth=None, packages_select_by_dep=None, packages_skip_by_dep=None, packages_skip_up_to=None, packages_select_build_failed=False, packages_skip_build_finished=False, packages_select_test_failures=False, packages_skip_test_passed=False, packages_select=None, packages_skip=None, packages_select_regex=None, packages_skip_regex=None, packages_start=None, packages_end=None, allow_overriding=[], cmake_args=None, cmake_target=None, cmake_target_skip_unavailable=False, cmake_clean_cache=False, cmake_clean_first=False, cmake_force_configure=False, ament_cmake_args=None, catkin_cmake_args=None, catkin_skip_building_tests=False, verb_parser=<colcon_defaults.argument_parser.defaults.DefaultArgumentsDecorator object at 0x78257cfebaf0>, verb_extension=<colcon_core.verb.build.BuildVerb object at 0x78257d15ceb0>, main=<bound method BuildVerb.main of <colcon_core.verb.build.BuildVerb object at 0x78257d15ceb0>>)
[0.944s] Level 1:colcon.colcon_core.package_discovery:discover_packages(colcon_meta) check parameters
[0.944s] Level 1:colcon.colcon_core.package_discovery:discover_packages(recursive) check parameters
[0.944s] Level 1:colcon.colcon_core.package_discovery:discover_packages(ignore) check parameters
[0.944s] Level 1:colcon.colcon_core.package_discovery:discover_packages(path) check parameters
[0.944s] Level 1:colcon.colcon_core.package_discovery:discover_packages(colcon_meta) discover
[0.944s] Level 1:colcon.colcon_core.package_discovery:discover_packages(recursive) discover
[0.944s] INFO:colcon.colcon_core.package_discovery:Crawling recursively for packages in '/home/ubuntu/ros2_ws'
[0.945s] Level 1:colcon.colcon_core.package_identification:_identify(.) by extensions ['ignore', 'ignore_ament_install']
[0.945s] Level 1:colcon.colcon_core.package_identification:_identify(.) by extension 'ignore'
[0.945s] Level 1:colcon.colcon_core.package_identification:_identify(.) by extension 'ignore_ament_install'
[0.945s] Level 1:colcon.colcon_core.package_identification:_identify(.) by extensions ['colcon_pkg']
[0.945s] Level 1:colcon.colcon_core.package_identification:_identify(.) by extension 'colcon_pkg'
[0.945s] Level 1:colcon.colcon_core.package_identification:_identify(.) by extensions ['colcon_meta']
[0.945s] Level 1:colcon.colcon_core.package_identification:_identify(.) by extension 'colcon_meta'
[0.945s] Level 1:colcon.colcon_core.package_identification:_identify(.) by extensions ['ros']
[0.945s] Level 1:colcon.colcon_core.package_identification:_identify(.) by extension 'ros'
[0.970s] Level 1:colcon.colcon_core.package_identification:_identify(.) by extensions ['cmake', 'python']
[0.971s] Level 1:colcon.colcon_core.package_identification:_identify(.) by extension 'cmake'
[0.971s] Level 1:colcon.colcon_core.package_identification:_identify(.) by extension 'python'
[0.971s] Level 1:colcon.colcon_core.package_identification:_identify(.) by extensions ['python_setup_py']
[0.971s] Level 1:colcon.colcon_core.package_identification:_identify(.) by extension 'python_setup_py'
[0.972s] Level 1:colcon.colcon_core.package_identification:_identify(build) by extensions ['ignore', 'ignore_ament_install']
[0.972s] Level 1:colcon.colcon_core.package_identification:_identify(build) by extension 'ignore'
[0.972s] Level 1:colcon.colcon_core.package_identification:_identify(build) ignored
[0.972s] Level 1:colcon.colcon_core.package_identification:_identify(install) by extensions ['ignore', 'ignore_ament_install']
[0.972s] Level 1:colcon.colcon_core.package_identification:_identify(install) by extension 'ignore'
[0.972s] Level 1:colcon.colcon_core.package_identification:_identify(install) ignored
[0.972s] Level 1:colcon.colcon_core.package_identification:_identify(log) by extensions ['ignore', 'ignore_ament_install']
[0.973s] Level 1:colcon.colcon_core.package_identification:_identify(log) by extension 'ignore'
[0.973s] Level 1:colcon.colcon_core.package_identification:_identify(log) ignored
[0.973s] Level 1:colcon.colcon_core.package_identification:_identify(src) by extensions ['ignore', 'ignore_ament_install']
[0.973s] Level 1:colcon.colcon_core.package_identification:_identify(src) by extension 'ignore'
[0.974s] Level 1:colcon.colcon_core.package_identification:_identify(src) by extension 'ignore_ament_install'
[0.974s] Level 1:colcon.colcon_core.package_identification:_identify(src) by extensions ['colcon_pkg']
[0.974s] Level 1:colcon.colcon_core.package_identification:_identify(src) by extension 'colcon_pkg'
[0.974s] Level 1:colcon.colcon_core.package_identification:_identify(src) by extensions ['colcon_meta']
[0.974s] Level 1:colcon.colcon_core.package_identification:_identify(src) by extension 'colcon_meta'
[0.974s] Level 1:colcon.colcon_core.package_identification:_identify(src) by extensions ['ros']
[0.974s] Level 1:colcon.colcon_core.package_identification:_identify(src) by extension 'ros'
[0.974s] Level 1:colcon.colcon_core.package_identification:_identify(src) by extensions ['cmake', 'python']
[0.974s] Level 1:colcon.colcon_core.package_identification:_identify(src) by extension 'cmake'
[0.974s] Level 1:colcon.colcon_core.package_identification:_identify(src) by extension 'python'
[0.974s] Level 1:colcon.colcon_core.package_identification:_identify(src) by extensions ['python_setup_py']
[0.974s] Level 1:colcon.colcon_core.package_identification:_identify(src) by extension 'python_setup_py'
[0.975s] Level 1:colcon.colcon_core.package_identification:_identify(src/duckie_led_interfaces) by extensions ['ignore', 'ignore_ament_install']
[0.975s] Level 1:colcon.colcon_core.package_identification:_identify(src/duckie_led_interfaces) by extension 'ignore'
[0.975s] Level 1:colcon.colcon_core.package_identification:_identify(src/duckie_led_interfaces) by extension 'ignore_ament_install'
[0.975s] Level 1:colcon.colcon_core.package_identification:_identify(src/duckie_led_interfaces) by extensions ['colcon_pkg']
[0.975s] Level 1:colcon.colcon_core.package_identification:_identify(src/duckie_led_interfaces) by extension 'colcon_pkg'
[0.975s] Level 1:colcon.colcon_core.package_identification:_identify(src/duckie_led_interfaces) by extensions ['colcon_meta']
[0.975s] Level 1:colcon.colcon_core.package_identification:_identify(src/duckie_led_interfaces) by extension 'colcon_meta'
[0.975s] Level 1:colcon.colcon_core.package_identification:_identify(src/duckie_led_interfaces) by extensions ['ros']
[0.975s] Level 1:colcon.colcon_core.package_identification:_identify(src/duckie_led_interfaces) by extension 'ros'
[0.985s] DEBUG:colcon.colcon_core.package_identification:Package 'src/duckie_led_interfaces' with type 'ros.ament_cmake' and name 'duckie_led_interfaces'
[0.986s] Level 1:colcon.colcon_core.package_identification:_identify(src/duckie_led_pkg) by extensions ['ignore', 'ignore_ament_install']
[0.986s] Level 1:colcon.colcon_core.package_identification:_identify(src/duckie_led_pkg) by extension 'ignore'
[0.986s] Level 1:colcon.colcon_core.package_identification:_identify(src/duckie_led_pkg) by extension 'ignore_ament_install'
[0.986s] Level 1:colcon.colcon_core.package_identification:_identify(src/duckie_led_pkg) by extensions ['colcon_pkg']
[0.986s] Level 1:colcon.colcon_core.package_identification:_identify(src/duckie_led_pkg) by extension 'colcon_pkg'
[0.986s] Level 1:colcon.colcon_core.package_identification:_identify(src/duckie_led_pkg) by extensions ['colcon_meta']
[0.986s] Level 1:colcon.colcon_core.package_identification:_identify(src/duckie_led_pkg) by extension 'colcon_meta'
[0.987s] Level 1:colcon.colcon_core.package_identification:_identify(src/duckie_led_pkg) by extensions ['ros']
[0.987s] Level 1:colcon.colcon_core.package_identification:_identify(src/duckie_led_pkg) by extension 'ros'
[0.989s] DEBUG:colcon.colcon_core.package_identification:Package 'src/duckie_led_pkg' with type 'ros.ament_python' and name 'duckie_led_pkg'
[0.989s] Level 1:colcon.colcon_core.package_identification:_identify(src/duckie_vision_pkg) by extensions ['ignore', 'ignore_ament_install']
[0.990s] Level 1:colcon.colcon_core.package_identification:_identify(src/duckie_vision_pkg) by extension 'ignore'
[0.990s] Level 1:colcon.colcon_core.package_identification:_identify(src/duckie_vision_pkg) by extension 'ignore_ament_install'
[0.990s] Level 1:colcon.colcon_core.package_identification:_identify(src/duckie_vision_pkg) by extensions ['colcon_pkg']
[0.990s] Level 1:colcon.colcon_core.package_identification:_identify(src/duckie_vision_pkg) by extension 'colcon_pkg'
[0.990s] Level 1:colcon.colcon_core.package_identification:_identify(src/duckie_vision_pkg) by extensions ['colcon_meta']
[0.990s] Level 1:colcon.colcon_core.package_identification:_identify(src/duckie_vision_pkg) by extension 'colcon_meta'
[0.990s] Level 1:colcon.colcon_core.package_identification:_identify(src/duckie_vision_pkg) by extensions ['ros']
[0.990s] Level 1:colcon.colcon_core.package_identification:_identify(src/duckie_vision_pkg) by extension 'ros'
[0.992s] DEBUG:colcon.colcon_core.package_identification:Package 'src/duckie_vision_pkg' with type 'ros.ament_python' and name 'duckie_vision_pkg'
[0.992s] Level 1:colcon.colcon_core.package_discovery:discover_packages(recursive) using defaults
[0.992s] Level 1:colcon.colcon_core.package_discovery:discover_packages(ignore) discover
[0.992s] Level 1:colcon.colcon_core.package_discovery:discover_packages(ignore) using defaults
[0.992s] Level 1:colcon.colcon_core.package_discovery:discover_packages(path) discover
[0.992s] Level 1:colcon.colcon_core.package_discovery:discover_packages(path) using defaults
[1.049s] Level 1:colcon.colcon_core.package_discovery:discover_packages(prefix_path) check parameters
[1.049s] Level 1:colcon.colcon_core.package_discovery:discover_packages(prefix_path) discover
[1.055s] DEBUG:colcon.colcon_installed_package_information.package_discovery:Found 3 installed packages in /home/ubuntu/ros2_ws/install
[1.056s] DEBUG:colcon.colcon_installed_package_information.package_discovery:Found 271 installed packages in /opt/ros/humble
[1.059s] Level 1:colcon.colcon_core.package_discovery:discover_packages(prefix_path) using defaults
[1.144s] Level 5:colcon.colcon_core.verb:set package 'duckie_led_interfaces' build argument 'cmake_args' from command line to 'None'
[1.144s] Level 5:colcon.colcon_core.verb:set package 'duckie_led_interfaces' build argument 'cmake_target' from command line to 'None'
[1.145s] Level 5:colcon.colcon_core.verb:set package 'duckie_led_interfaces' build argument 'cmake_target_skip_unavailable' from command line to 'False'
[1.145s] Level 5:colcon.colcon_core.verb:set package 'duckie_led_interfaces' build argument 'cmake_clean_cache' from command line to 'False'
[1.145s] Level 5:colcon.colcon_core.verb:set package 'duckie_led_interfaces' build argument 'cmake_clean_first' from command line to 'False'
[1.145s] Level 5:colcon.colcon_core.verb:set package 'duckie_led_interfaces' build argument 'cmake_force_configure' from command line to 'False'
[1.145s] Level 5:colcon.colcon_core.verb:set package 'duckie_led_interfaces' build argument 'ament_cmake_args' from command line to 'None'
[1.145s] Level 5:colcon.colcon_core.verb:set package 'duckie_led_interfaces' build argument 'catkin_cmake_args' from command line to 'None'
[1.145s] Level 5:colcon.colcon_core.verb:set package 'duckie_led_interfaces' build argument 'catkin_skip_building_tests' from command line to 'False'
[1.145s] DEBUG:colcon.colcon_core.verb:Building package 'duckie_led_interfaces' with the following arguments: {'ament_cmake_args': None, 'build_base': '/home/ubuntu/ros2_ws/build/duckie_led_interfaces', 'catkin_cmake_args': None, 'catkin_skip_building_tests': False, 'cmake_args': None, 'cmake_clean_cache': False, 'cmake_clean_first': False, 'cmake_force_configure': False, 'cmake_target': None, 'cmake_target_skip_unavailable': False, 'install_base': '/home/ubuntu/ros2_ws/install/duckie_led_interfaces', 'merge_install': False, 'path': '/home/ubuntu/ros2_ws/src/duckie_led_interfaces', 'symlink_install': False, 'test_result_base': None}
[1.145s] Level 5:colcon.colcon_core.verb:set package 'duckie_vision_pkg' build argument 'cmake_args' from command line to 'None'
[1.145s] Level 5:colcon.colcon_core.verb:set package 'duckie_vision_pkg' build argument 'cmake_target' from command line to 'None'
[1.145s] Level 5:colcon.colcon_core.verb:set package 'duckie_vision_pkg' build argument 'cmake_target_skip_unavailable' from command line to 'False'
[1.145s] Level 5:colcon.colcon_core.verb:set package 'duckie_vision_pkg' build argument 'cmake_clean_cache' from command line to 'False'
[1.145s] Level 5:colcon.colcon_core.verb:set package 'duckie_vision_pkg' build argument 'cmake_clean_first' from command line to 'False'
[1.145s] Level 5:colcon.colcon_core.verb:set package 'duckie_vision_pkg' build argument 'cmake_force_configure' from command line to 'False'
[1.145s] Level 5:colcon.colcon_core.verb:set package 'duckie_vision_pkg' build argument 'ament_cmake_args' from command line to 'None'
[1.146s] Level 5:colcon.colcon_core.verb:set package 'duckie_vision_pkg' build argument 'catkin_cmake_args' from command line to 'None'
[1.146s] Level 5:colcon.colcon_core.verb:set package 'duckie_vision_pkg' build argument 'catkin_skip_building_tests' from command line to 'False'
[1.146s] DEBUG:colcon.colcon_core.verb:Building package 'duckie_vision_pkg' with the following arguments: {'ament_cmake_args': None, 'build_base': '/home/ubuntu/ros2_ws/build/duckie_vision_pkg', 'catkin_cmake_args': None, 'catkin_skip_building_tests': False, 'cmake_args': None, 'cmake_clean_cache': False, 'cmake_clean_first': False, 'cmake_force_configure': False, 'cmake_target': None, 'cmake_target_skip_unavailable': False, 'install_base': '/home/ubuntu/ros2_ws/install/duckie_vision_pkg', 'merge_install': False, 'path': '/home/ubuntu/ros2_ws/src/duckie_vision_pkg', 'symlink_install': False, 'test_result_base': None}
[1.146s] Level 5:colcon.colcon_core.verb:set package 'duckie_led_pkg' build argument 'cmake_args' from command line to 'None'
[1.146s] Level 5:colcon.colcon_core.verb:set package 'duckie_led_pkg' build argument 'cmake_target' from command line to 'None'
[1.146s] Level 5:colcon.colcon_core.verb:set package 'duckie_led_pkg' build argument 'cmake_target_skip_unavailable' from command line to 'False'
[1.146s] Level 5:colcon.colcon_core.verb:set package 'duckie_led_pkg' build argument 'cmake_clean_cache' from command line to 'False'
[1.146s] Level 5:colcon.colcon_core.verb:set package 'duckie_led_pkg' build argument 'cmake_clean_first' from command line to 'False'
[1.146s] Level 5:colcon.colcon_core.verb:set package 'duckie_led_pkg' build argument 'cmake_force_configure' from command line to 'False'
[1.146s] Level 5:colcon.colcon_core.verb:set package 'duckie_led_pkg' build argument 'ament_cmake_args' from command line to 'None'
[1.146s] Level 5:colcon.colcon_core.verb:set package 'duckie_led_pkg' build argument 'catkin_cmake_args' from command line to 'None'
[1.146s] Level 5:colcon.colcon_core.verb:set package 'duckie_led_pkg' build argument 'catkin_skip_building_tests' from command line to 'False'
[1.146s] DEBUG:colcon.colcon_core.verb:Building package 'duckie_led_pkg' with the following arguments: {'ament_cmake_args': None, 'build_base': '/home/ubuntu/ros2_ws/build/duckie_led_pkg', 'catkin_cmake_args': None, 'catkin_skip_building_tests': False, 'cmake_args': None, 'cmake_clean_cache': False, 'cmake_clean_first': False, 'cmake_force_configure': False, 'cmake_target': None, 'cmake_target_skip_unavailable': False, 'install_base': '/home/ubuntu/ros2_ws/install/duckie_led_pkg', 'merge_install': False, 'path': '/home/ubuntu/ros2_ws/src/duckie_led_pkg', 'symlink_install': False, 'test_result_base': None}
[1.147s] INFO:colcon.colcon_core.executor:Executing jobs using 'parallel' executor
[1.148s] DEBUG:colcon.colcon_parallel_executor.executor.parallel:run_until_complete
[1.149s] INFO:colcon.colcon_ros.task.ament_cmake.build:Building ROS package in '/home/ubuntu/ros2_ws/src/duckie_led_interfaces' with build type 'ament_cmake'
[1.149s] INFO:colcon.colcon_cmake.task.cmake.build:Building CMake package in '/home/ubuntu/ros2_ws/src/duckie_led_interfaces'
[1.157s] INFO:colcon.colcon_core.plugin_system:Skipping extension 'colcon_core.shell.bat': Not used on non-Windows systems
[1.158s] INFO:colcon.colcon_core.shell:Skip shell extension 'powershell' for command environment: Not usable outside of PowerShell
[1.158s] DEBUG:colcon.colcon_core.shell:Skip shell extension 'dsv' for command environment
[1.166s] INFO:colcon.colcon_ros.task.ament_python.build:Building ROS package in '/home/ubuntu/ros2_ws/src/duckie_vision_pkg' with build type 'ament_python'
[1.167s] Level 1:colcon.colcon_core.shell:create_environment_hook('duckie_vision_pkg', 'ament_prefix_path')
[1.168s] INFO:colcon.colcon_core.shell:Creating environment hook '/home/ubuntu/ros2_ws/install/duckie_vision_pkg/share/duckie_vision_pkg/hook/ament_prefix_path.ps1'
[1.170s] INFO:colcon.colcon_core.shell:Creating environment descriptor '/home/ubuntu/ros2_ws/install/duckie_vision_pkg/share/duckie_vision_pkg/hook/ament_prefix_path.dsv'
[1.172s] INFO:colcon.colcon_core.shell:Creating environment hook '/home/ubuntu/ros2_ws/install/duckie_vision_pkg/share/duckie_vision_pkg/hook/ament_prefix_path.sh'
[1.173s] INFO:colcon.colcon_core.shell:Skip shell extension 'powershell' for command environment: Not usable outside of PowerShell
[1.173s] DEBUG:colcon.colcon_core.shell:Skip shell extension 'dsv' for command environment
[1.193s] DEBUG:colcon.colcon_core.event_handler.log_command:Invoking command in '/home/ubuntu/ros2_ws/build/duckie_led_interfaces': CMAKE_PREFIX_PATH=${CMAKE_PREFIX_PATH}:/home/ubuntu/ros2_ws/install/duckie_vision_pkg:/home/ubuntu/ros2_ws/install/duckie_led_pkg:/opt/ros/humble /usr/bin/cmake --build /home/ubuntu/ros2_ws/build/duckie_led_interfaces -- -j16 -l16
[1.681s] INFO:colcon.colcon_core.task.python.build:Building Python package in '/home/ubuntu/ros2_ws/src/duckie_vision_pkg'
[1.682s] INFO:colcon.colcon_core.shell:Skip shell extension 'powershell' for command environment: Not usable outside of PowerShell
[1.682s] DEBUG:colcon.colcon_core.shell:Skip shell extension 'dsv' for command environment
[1.904s] DEBUG:colcon.colcon_core.event_handler.log_command:Invoked command in '/home/ubuntu/ros2_ws/build/duckie_led_interfaces' returned '0': CMAKE_PREFIX_PATH=${CMAKE_PREFIX_PATH}:/home/ubuntu/ros2_ws/install/duckie_vision_pkg:/home/ubuntu/ros2_ws/install/duckie_led_pkg:/opt/ros/humble /usr/bin/cmake --build /home/ubuntu/ros2_ws/build/duckie_led_interfaces -- -j16 -l16
[1.927s] DEBUG:colcon.colcon_core.event_handler.log_command:Invoking command in '/home/ubuntu/ros2_ws/build/duckie_led_interfaces': CMAKE_PREFIX_PATH=${CMAKE_PREFIX_PATH}:/home/ubuntu/ros2_ws/install/duckie_vision_pkg:/home/ubuntu/ros2_ws/install/duckie_led_pkg:/opt/ros/humble /usr/bin/cmake --install /home/ubuntu/ros2_ws/build/duckie_led_interfaces
[2.069s] Level 1:colcon.colcon_core.environment:create_environment_scripts_only(duckie_led_interfaces)
[2.070s] DEBUG:colcon.colcon_core.event_handler.log_command:Invoked command in '/home/ubuntu/ros2_ws/build/duckie_led_interfaces' returned '0': CMAKE_PREFIX_PATH=${CMAKE_PREFIX_PATH}:/home/ubuntu/ros2_ws/install/duckie_vision_pkg:/home/ubuntu/ros2_ws/install/duckie_led_pkg:/opt/ros/humble /usr/bin/cmake --install /home/ubuntu/ros2_ws/build/duckie_led_interfaces
[2.081s] Level 1:colcon.colcon_core.environment:checking '/home/ubuntu/ros2_ws/install/duckie_led_interfaces' for CMake module files
[2.082s] Level 1:colcon.colcon_core.environment:checking '/home/ubuntu/ros2_ws/install/duckie_led_interfaces' for CMake config files
[2.091s] Level 1:colcon.colcon_core.shell:create_environment_hook('duckie_led_interfaces', 'cmake_prefix_path')
[2.092s] INFO:colcon.colcon_core.shell:Creating environment hook '/home/ubuntu/ros2_ws/install/duckie_led_interfaces/share/duckie_led_interfaces/hook/cmake_prefix_path.ps1'
[2.095s] INFO:colcon.colcon_core.shell:Creating environment descriptor '/home/ubuntu/ros2_ws/install/duckie_led_interfaces/share/duckie_led_interfaces/hook/cmake_prefix_path.dsv'
[2.096s] INFO:colcon.colcon_core.shell:Creating environment hook '/home/ubuntu/ros2_ws/install/duckie_led_interfaces/share/duckie_led_interfaces/hook/cmake_prefix_path.sh'
[2.097s] Level 1:colcon.colcon_core.environment:checking '/home/ubuntu/ros2_ws/install/duckie_led_interfaces/lib'
[2.097s] Level 1:colcon.colcon_core.shell:create_environment_hook('duckie_led_interfaces', 'ld_library_path_lib')
[2.098s] INFO:colcon.colcon_core.shell:Creating environment hook '/home/ubuntu/ros2_ws/install/duckie_led_interfaces/share/duckie_led_interfaces/hook/ld_library_path_lib.ps1'
[2.098s] INFO:colcon.colcon_core.shell:Creating environment descriptor '/home/ubuntu/ros2_ws/install/duckie_led_interfaces/share/duckie_led_interfaces/hook/ld_library_path_lib.dsv'
[2.099s] INFO:colcon.colcon_core.shell:Creating environment hook '/home/ubuntu/ros2_ws/install/duckie_led_interfaces/share/duckie_led_interfaces/hook/ld_library_path_lib.sh'
[2.100s] Level 1:colcon.colcon_core.environment:checking '/home/ubuntu/ros2_ws/install/duckie_led_interfaces/bin'
[2.100s] Level 1:colcon.colcon_core.environment:checking '/home/ubuntu/ros2_ws/install/duckie_led_interfaces/lib/pkgconfig/duckie_led_interfaces.pc'
[2.101s] Level 1:colcon.colcon_core.environment:checking '/home/ubuntu/ros2_ws/install/duckie_led_interfaces/lib/python3.10/site-packages'
[2.101s] Level 1:colcon.colcon_core.environment:checking '/home/ubuntu/ros2_ws/install/duckie_led_interfaces/bin'
[2.102s] INFO:colcon.colcon_core.shell:Creating package script '/home/ubuntu/ros2_ws/install/duckie_led_interfaces/share/duckie_led_interfaces/package.ps1'
[2.105s] INFO:colcon.colcon_core.shell:Creating package descriptor '/home/ubuntu/ros2_ws/install/duckie_led_interfaces/share/duckie_led_interfaces/package.dsv'
[2.106s] INFO:colcon.colcon_core.shell:Creating package script '/home/ubuntu/ros2_ws/install/duckie_led_interfaces/share/duckie_led_interfaces/package.sh'
[2.107s] INFO:colcon.colcon_core.shell:Creating package script '/home/ubuntu/ros2_ws/install/duckie_led_interfaces/share/duckie_led_interfaces/package.bash'
[2.109s] INFO:colcon.colcon_core.shell:Creating package script '/home/ubuntu/ros2_ws/install/duckie_led_interfaces/share/duckie_led_interfaces/package.zsh'
[2.110s] Level 1:colcon.colcon_core.environment:create_file_with_runtime_dependencies(/home/ubuntu/ros2_ws/install/duckie_led_interfaces/share/colcon-core/packages/duckie_led_interfaces)
[2.111s] Level 1:colcon.colcon_core.environment:create_environment_scripts_only(duckie_led_interfaces)
[2.112s] Level 1:colcon.colcon_core.environment:checking '/home/ubuntu/ros2_ws/install/duckie_led_interfaces' for CMake module files
[2.113s] Level 1:colcon.colcon_core.environment:checking '/home/ubuntu/ros2_ws/install/duckie_led_interfaces' for CMake config files
[2.114s] Level 1:colcon.colcon_core.shell:create_environment_hook('duckie_led_interfaces', 'cmake_prefix_path')
[2.115s] INFO:colcon.colcon_core.shell:Creating environment hook '/home/ubuntu/ros2_ws/install/duckie_led_interfaces/share/duckie_led_interfaces/hook/cmake_prefix_path.ps1'
[2.116s] INFO:colcon.colcon_core.shell:Creating environment descriptor '/home/ubuntu/ros2_ws/install/duckie_led_interfaces/share/duckie_led_interfaces/hook/cmake_prefix_path.dsv'
[2.117s] INFO:colcon.colcon_core.shell:Creating environment hook '/home/ubuntu/ros2_ws/install/duckie_led_interfaces/share/duckie_led_interfaces/hook/cmake_prefix_path.sh'
[2.118s] Level 1:colcon.colcon_core.environment:checking '/home/ubuntu/ros2_ws/install/duckie_led_interfaces/lib'
[2.118s] Level 1:colcon.colcon_core.shell:create_environment_hook('duckie_led_interfaces', 'ld_library_path_lib')
[2.119s] INFO:colcon.colcon_core.shell:Creating environment hook '/home/ubuntu/ros2_ws/install/duckie_led_interfaces/share/duckie_led_interfaces/hook/ld_library_path_lib.ps1'
[2.120s] INFO:colcon.colcon_core.shell:Creating environment descriptor '/home/ubuntu/ros2_ws/install/duckie_led_interfaces/share/duckie_led_interfaces/hook/ld_library_path_lib.dsv'
[2.121s] INFO:colcon.colcon_core.shell:Creating environment hook '/home/ubuntu/ros2_ws/install/duckie_led_interfaces/share/duckie_led_interfaces/hook/ld_library_path_lib.sh'
[2.122s] Level 1:colcon.colcon_core.environment:checking '/home/ubuntu/ros2_ws/install/duckie_led_interfaces/bin'
[2.122s] Level 1:colcon.colcon_core.environment:checking '/home/ubuntu/ros2_ws/install/duckie_led_interfaces/lib/pkgconfig/duckie_led_interfaces.pc'
[2.122s] Level 1:colcon.colcon_core.environment:checking '/home/ubuntu/ros2_ws/install/duckie_led_interfaces/lib/python3.10/site-packages'
[2.122s] Level 1:colcon.colcon_core.environment:checking '/home/ubuntu/ros2_ws/install/duckie_led_interfaces/bin'
[2.123s] INFO:colcon.colcon_core.shell:Creating package script '/home/ubuntu/ros2_ws/install/duckie_led_interfaces/share/duckie_led_interfaces/package.ps1'
[2.123s] INFO:colcon.colcon_core.shell:Creating package descriptor '/home/ubuntu/ros2_ws/install/duckie_led_interfaces/share/duckie_led_interfaces/package.dsv'
[2.124s] INFO:colcon.colcon_core.shell:Creating package script '/home/ubuntu/ros2_ws/install/duckie_led_interfaces/share/duckie_led_interfaces/package.sh'
[2.125s] INFO:colcon.colcon_core.shell:Creating package script '/home/ubuntu/ros2_ws/install/duckie_led_interfaces/share/duckie_led_interfaces/package.bash'
[2.126s] INFO:colcon.colcon_core.shell:Creating package script '/home/ubuntu/ros2_ws/install/duckie_led_interfaces/share/duckie_led_interfaces/package.zsh'
[2.126s] Level 1:colcon.colcon_core.environment:create_file_with_runtime_dependencies(/home/ubuntu/ros2_ws/install/duckie_led_interfaces/share/colcon-core/packages/duckie_led_interfaces)
[2.127s] INFO:colcon.colcon_ros.task.ament_python.build:Building ROS package in '/home/ubuntu/ros2_ws/src/duckie_led_pkg' with build type 'ament_python'
[2.127s] Level 1:colcon.colcon_core.shell:create_environment_hook('duckie_led_pkg', 'ament_prefix_path')
[2.127s] INFO:colcon.colcon_core.shell:Creating environment hook '/home/ubuntu/ros2_ws/install/duckie_led_pkg/share/duckie_led_pkg/hook/ament_prefix_path.ps1'
[2.129s] INFO:colcon.colcon_core.shell:Creating environment descriptor '/home/ubuntu/ros2_ws/install/duckie_led_pkg/share/duckie_led_pkg/hook/ament_prefix_path.dsv'
[2.129s] INFO:colcon.colcon_core.shell:Creating environment hook '/home/ubuntu/ros2_ws/install/duckie_led_pkg/share/duckie_led_pkg/hook/ament_prefix_path.sh'
[2.130s] INFO:colcon.colcon_core.shell:Skip shell extension 'powershell' for command environment: Not usable outside of PowerShell
[2.130s] DEBUG:colcon.colcon_core.shell:Skip shell extension 'dsv' for command environment
[2.675s] INFO:colcon.colcon_core.task.python.build:Building Python package in '/home/ubuntu/ros2_ws/src/duckie_led_pkg'
[2.676s] INFO:colcon.colcon_core.shell:Skip shell extension 'powershell' for command environment: Not usable outside of PowerShell
[2.676s] DEBUG:colcon.colcon_core.shell:Skip shell extension 'dsv' for command environment
[2.689s] DEBUG:colcon.colcon_core.event_handler.log_command:Invoking command in '/home/ubuntu/ros2_ws/src/duckie_vision_pkg': PYTHONPATH=/home/ubuntu/ros2_ws/build/duckie_vision_pkg/prefix_override:/usr/lib/python3/dist-packages/colcon_core/task/python/colcon_distutils_commands:/home/ubuntu/ros2_ws/install/duckie_vision_pkg/lib/python3.10/site-packages:${PYTHONPATH} /usr/bin/python3 -W ignore:setup.py install is deprecated -W ignore:easy_install command is deprecated setup.py egg_info --egg-base ../../build/duckie_vision_pkg build --build-base /home/ubuntu/ros2_ws/build/duckie_vision_pkg/build install --record /home/ubuntu/ros2_ws/build/duckie_vision_pkg/install.log --single-version-externally-managed install_data
[3.179s] Level 1:colcon.colcon_core.environment:checking '/home/ubuntu/ros2_ws/install/duckie_vision_pkg' for CMake module files
[3.180s] DEBUG:colcon.colcon_core.event_handler.log_command:Invoked command in '/home/ubuntu/ros2_ws/src/duckie_vision_pkg' returned '0': PYTHONPATH=/home/ubuntu/ros2_ws/build/duckie_vision_pkg/prefix_override:/usr/lib/python3/dist-packages/colcon_core/task/python/colcon_distutils_commands:/home/ubuntu/ros2_ws/install/duckie_vision_pkg/lib/python3.10/site-packages:${PYTHONPATH} /usr/bin/python3 -W ignore:setup.py install is deprecated -W ignore:easy_install command is deprecated setup.py egg_info --egg-base ../../build/duckie_vision_pkg build --build-base /home/ubuntu/ros2_ws/build/duckie_vision_pkg/build install --record /home/ubuntu/ros2_ws/build/duckie_vision_pkg/install.log --single-version-externally-managed install_data
[3.181s] Level 1:colcon.colcon_core.environment:checking '/home/ubuntu/ros2_ws/install/duckie_vision_pkg' for CMake config files
[3.186s] Level 1:colcon.colcon_core.environment:checking '/home/ubuntu/ros2_ws/install/duckie_vision_pkg/lib'
[3.186s] Level 1:colcon.colcon_core.environment:checking '/home/ubuntu/ros2_ws/install/duckie_vision_pkg/bin'
[3.186s] Level 1:colcon.colcon_core.environment:checking '/home/ubuntu/ros2_ws/install/duckie_vision_pkg/lib/pkgconfig/duckie_vision_pkg.pc'
[3.186s] Level 1:colcon.colcon_core.environment:checking '/home/ubuntu/ros2_ws/install/duckie_vision_pkg/lib/python3.10/site-packages'
[3.186s] Level 1:colcon.colcon_core.shell:create_environment_hook('duckie_vision_pkg', 'pythonpath')
[3.187s] INFO:colcon.colcon_core.shell:Creating environment hook '/home/ubuntu/ros2_ws/install/duckie_vision_pkg/share/duckie_vision_pkg/hook/pythonpath.ps1'
[3.187s] INFO:colcon.colcon_core.shell:Creating environment descriptor '/home/ubuntu/ros2_ws/install/duckie_vision_pkg/share/duckie_vision_pkg/hook/pythonpath.dsv'
[3.188s] INFO:colcon.colcon_core.shell:Creating environment hook '/home/ubuntu/ros2_ws/install/duckie_vision_pkg/share/duckie_vision_pkg/hook/pythonpath.sh'
[3.189s] Level 1:colcon.colcon_core.environment:checking '/home/ubuntu/ros2_ws/install/duckie_vision_pkg/bin'
[3.189s] Level 1:colcon.colcon_core.environment:create_environment_scripts_only(duckie_vision_pkg)
[3.190s] INFO:colcon.colcon_core.shell:Creating package script '/home/ubuntu/ros2_ws/install/duckie_vision_pkg/share/duckie_vision_pkg/package.ps1'
[3.190s] INFO:colcon.colcon_core.shell:Creating package descriptor '/home/ubuntu/ros2_ws/install/duckie_vision_pkg/share/duckie_vision_pkg/package.dsv'
[3.191s] INFO:colcon.colcon_core.shell:Creating package script '/home/ubuntu/ros2_ws/install/duckie_vision_pkg/share/duckie_vision_pkg/package.sh'
[3.192s] INFO:colcon.colcon_core.shell:Creating package script '/home/ubuntu/ros2_ws/install/duckie_vision_pkg/share/duckie_vision_pkg/package.bash'
[3.193s] INFO:colcon.colcon_core.shell:Creating package script '/home/ubuntu/ros2_ws/install/duckie_vision_pkg/share/duckie_vision_pkg/package.zsh'
[3.193s] Level 1:colcon.colcon_core.environment:create_file_with_runtime_dependencies(/home/ubuntu/ros2_ws/install/duckie_vision_pkg/share/colcon-core/packages/duckie_vision_pkg)
[3.361s] DEBUG:colcon.colcon_core.event_handler.log_command:Invoking command in '/home/ubuntu/ros2_ws/src/duckie_led_pkg': PYTHONPATH=/home/ubuntu/ros2_ws/build/duckie_led_pkg/prefix_override:/usr/lib/python3/dist-packages/colcon_core/task/python/colcon_distutils_commands:/home/ubuntu/ros2_ws/install/duckie_led_pkg/lib/python3.10/site-packages:${PYTHONPATH} /usr/bin/python3 -W ignore:setup.py install is deprecated -W ignore:easy_install command is deprecated setup.py egg_info --egg-base ../../build/duckie_led_pkg build --build-base /home/ubuntu/ros2_ws/build/duckie_led_pkg/build install --record /home/ubuntu/ros2_ws/build/duckie_led_pkg/install.log --single-version-externally-managed install_data
[3.858s] Level 1:colcon.colcon_core.environment:checking '/home/ubuntu/ros2_ws/install/duckie_led_pkg' for CMake module files
[3.859s] DEBUG:colcon.colcon_core.event_handler.log_command:Invoked command in '/home/ubuntu/ros2_ws/src/duckie_led_pkg' returned '0': PYTHONPATH=/home/ubuntu/ros2_ws/build/duckie_led_pkg/prefix_override:/usr/lib/python3/dist-packages/colcon_core/task/python/colcon_distutils_commands:/home/ubuntu/ros2_ws/install/duckie_led_pkg/lib/python3.10/site-packages:${PYTHONPATH} /usr/bin/python3 -W ignore:setup.py install is deprecated -W ignore:easy_install command is deprecated setup.py egg_info --egg-base ../../build/duckie_led_pkg build --build-base /home/ubuntu/ros2_ws/build/duckie_led_pkg/build install --record /home/ubuntu/ros2_ws/build/duckie_led_pkg/install.log --single-version-externally-managed install_data
[3.861s] Level 1:colcon.colcon_core.environment:checking '/home/ubuntu/ros2_ws/install/duckie_led_pkg' for CMake config files
[3.867s] Level 1:colcon.colcon_core.environment:checking '/home/ubuntu/ros2_ws/install/duckie_led_pkg/lib'
[3.867s] Level 1:colcon.colcon_core.environment:checking '/home/ubuntu/ros2_ws/install/duckie_led_pkg/bin'
[3.867s] Level 1:colcon.colcon_core.environment:checking '/home/ubuntu/ros2_ws/install/duckie_led_pkg/lib/pkgconfig/duckie_led_pkg.pc'
[3.867s] Level 1:colcon.colcon_core.environment:checking '/home/ubuntu/ros2_ws/install/duckie_led_pkg/lib/python3.10/site-packages'
[3.867s] Level 1:colcon.colcon_core.shell:create_environment_hook('duckie_led_pkg', 'pythonpath')
[3.867s] INFO:colcon.colcon_core.shell:Creating environment hook '/home/ubuntu/ros2_ws/install/duckie_led_pkg/share/duckie_led_pkg/hook/pythonpath.ps1'
[3.868s] INFO:colcon.colcon_core.shell:Creating environment descriptor '/home/ubuntu/ros2_ws/install/duckie_led_pkg/share/duckie_led_pkg/hook/pythonpath.dsv'
[3.869s] INFO:colcon.colcon_core.shell:Creating environment hook '/home/ubuntu/ros2_ws/install/duckie_led_pkg/share/duckie_led_pkg/hook/pythonpath.sh'
[3.870s] Level 1:colcon.colcon_core.environment:checking '/home/ubuntu/ros2_ws/install/duckie_led_pkg/bin'
[3.870s] Level 1:colcon.colcon_core.environment:create_environment_scripts_only(duckie_led_pkg)
[3.870s] INFO:colcon.colcon_core.shell:Creating package script '/home/ubuntu/ros2_ws/install/duckie_led_pkg/share/duckie_led_pkg/package.ps1'
[3.871s] INFO:colcon.colcon_core.shell:Creating package descriptor '/home/ubuntu/ros2_ws/install/duckie_led_pkg/share/duckie_led_pkg/package.dsv'
[3.871s] INFO:colcon.colcon_core.shell:Creating package script '/home/ubuntu/ros2_ws/install/duckie_led_pkg/share/duckie_led_pkg/package.sh'
[3.872s] INFO:colcon.colcon_core.shell:Creating package script '/home/ubuntu/ros2_ws/install/duckie_led_pkg/share/duckie_led_pkg/package.bash'
[3.872s] INFO:colcon.colcon_core.shell:Creating package script '/home/ubuntu/ros2_ws/install/duckie_led_pkg/share/duckie_led_pkg/package.zsh'
[3.872s] Level 1:colcon.colcon_core.environment:create_file_with_runtime_dependencies(/home/ubuntu/ros2_ws/install/duckie_led_pkg/share/colcon-core/packages/duckie_led_pkg)
[3.873s] DEBUG:colcon.colcon_parallel_executor.executor.parallel:closing loop
[3.874s] DEBUG:colcon.colcon_parallel_executor.executor.parallel:loop closed
[3.874s] DEBUG:colcon.colcon_parallel_executor.executor.parallel:run_until_complete finished with '0'
[3.874s] DEBUG:colcon.colcon_core.event_reactor:joining thread
[3.945s] INFO:colcon.colcon_core.plugin_system:Skipping extension 'colcon_notification.desktop_notification.notify_send': Could not find 'notify-send'
[3.945s] INFO:colcon.colcon_core.plugin_system:Skipping extension 'colcon_notification.desktop_notification.terminal_notifier': Not used on non-Darwin systems
[3.946s] INFO:colcon.colcon_core.plugin_system:Skipping extension 'colcon_notification.desktop_notification.win32': Not used on non-Windows systems
[3.946s] INFO:colcon.colcon_notification.desktop_notification:Sending desktop notification using 'notify2'
[3.946s] DEBUG:colcon.colcon_notification.desktop_notification.notify2:Failed to initialize notify2: org.freedesktop.DBus.Error.FileNotFound: Failed to connect to socket /run/user/1000/bus: No such file or directory
[3.947s] DEBUG:colcon.colcon_core.event_reactor:joined thread
[3.947s] INFO:colcon.colcon_core.shell:Creating prefix script '/home/ubuntu/ros2_ws/install/local_setup.ps1'
[3.950s] INFO:colcon.colcon_core.shell:Creating prefix util module '/home/ubuntu/ros2_ws/install/_local_setup_util_ps1.py'
[3.954s] INFO:colcon.colcon_core.shell:Creating prefix chain script '/home/ubuntu/ros2_ws/install/setup.ps1'
[3.956s] INFO:colcon.colcon_core.shell:Creating prefix script '/home/ubuntu/ros2_ws/install/local_setup.sh'
[3.957s] INFO:colcon.colcon_core.shell:Creating prefix util module '/home/ubuntu/ros2_ws/install/_local_setup_util_sh.py'
[3.958s] INFO:colcon.colcon_core.shell:Creating prefix chain script '/home/ubuntu/ros2_ws/install/setup.sh'
[3.959s] INFO:colcon.colcon_core.shell:Creating prefix script '/home/ubuntu/ros2_ws/install/local_setup.bash'
[3.961s] INFO:colcon.colcon_core.shell:Creating prefix chain script '/home/ubuntu/ros2_ws/install/setup.bash'
[3.962s] INFO:colcon.colcon_core.shell:Creating prefix script '/home/ubuntu/ros2_ws/install/local_setup.zsh'
[3.963s] INFO:colcon.colcon_core.shell:Creating prefix chain script '/home/ubuntu/ros2_ws/install/setup.zsh'
