[0.047s] Invoking command in '/home/ubuntu/ros2_ws/build/duckie_led_interfaces': CMAKE_PREFIX_PATH=${CMAKE_PREFIX_PATH}:/home/ubuntu/ros2_ws/install/duckie_vision_pkg:/home/ubuntu/ros2_ws/install/duckie_led_pkg:/opt/ros/humble /usr/bin/cmake --build /home/ubuntu/ros2_ws/build/duckie_led_interfaces -- -j16 -l16
[0.221s] [35m[1mConsolidate compiler generated dependencies of target duckie_led_interfaces__rosidl_generator_c[0m
[0.234s] [  3%] Built target duckie_led_interfaces__cpp
[0.250s] [ 12%] Built target duckie_led_interfaces__rosidl_generator_c
[0.269s] [35m[1mConsolidate compiler generated dependencies of target duckie_led_interfaces__rosidl_typesupport_fastrtps_cpp[0m
[0.269s] [35m[1mConsolidate compiler generated dependencies of target duckie_led_interfaces__rosidl_typesupport_cpp[0m
[0.280s] [35m[1mConsolidate compiler generated dependencies of target duckie_led_interfaces__rosidl_typesupport_introspection_cpp[0m
[0.280s] [35m[1mConsolidate compiler generated dependencies of target duckie_led_interfaces__rosidl_typesupport_c[0m
[0.281s] [35m[1mConsolidate compiler generated dependencies of target duckie_led_interfaces__rosidl_typesupport_fastrtps_c[0m
[0.281s] [35m[1mConsolidate compiler generated dependencies of target duckie_led_interfaces__rosidl_typesupport_introspection_c[0m
[0.285s] [ 12%] Built target ament_cmake_python_copy_duckie_led_interfaces
[0.298s] [ 32%] Built target duckie_led_interfaces__rosidl_typesupport_cpp
[0.298s] [ 32%] Built target duckie_led_interfaces__rosidl_typesupport_fastrtps_cpp
[0.303s] [ 41%] Built target duckie_led_interfaces__rosidl_typesupport_c
[0.307s] [ 61%] Built target duckie_led_interfaces__rosidl_typesupport_introspection_cpp
[0.307s] [ 61%] Built target duckie_led_interfaces__rosidl_typesupport_introspection_c
[0.308s] [ 70%] Built target duckie_led_interfaces__rosidl_typesupport_fastrtps_c
[0.352s] [ 70%] Built target duckie_led_interfaces
[0.387s] [ 74%] Built target duckie_led_interfaces__py
[0.408s] [35m[1mConsolidate compiler generated dependencies of target duckie_led_interfaces__rosidl_generator_py[0m
[0.439s] [ 80%] Built target duckie_led_interfaces__rosidl_generator_py
[0.462s] [35m[1mConsolidate compiler generated dependencies of target duckie_led_interfaces__rosidl_typesupport_fastrtps_c__pyext[0m
[0.462s] [35m[1mConsolidate compiler generated dependencies of target duckie_led_interfaces__rosidl_typesupport_c__pyext[0m
[0.462s] [35m[1mConsolidate compiler generated dependencies of target duckie_led_interfaces__rosidl_typesupport_introspection_c__pyext[0m
[0.486s] [ 96%] Built target duckie_led_interfaces__rosidl_typesupport_c__pyext
[0.487s] [100%] Built target duckie_led_interfaces__rosidl_typesupport_introspection_c__pyext
[0.487s] [ 96%] Built target duckie_led_interfaces__rosidl_typesupport_fastrtps_c__pyext
[0.716s] running egg_info
[0.717s] writing duckie_led_interfaces.egg-info/PKG-INFO
[0.718s] writing dependency_links to duckie_led_interfaces.egg-info/dependency_links.txt
[0.719s] writing top-level names to duckie_led_interfaces.egg-info/top_level.txt
[0.724s] reading manifest file 'duckie_led_interfaces.egg-info/SOURCES.txt'
[0.726s] writing manifest file 'duckie_led_interfaces.egg-info/SOURCES.txt'
[0.771s] [100%] Built target ament_cmake_python_build_duckie_led_interfaces_egg
[0.790s] Invoked command in '/home/ubuntu/ros2_ws/build/duckie_led_interfaces' returned '0': CMAKE_PREFIX_PATH=${CMAKE_PREFIX_PATH}:/home/ubuntu/ros2_ws/install/duckie_vision_pkg:/home/ubuntu/ros2_ws/install/duckie_led_pkg:/opt/ros/humble /usr/bin/cmake --build /home/ubuntu/ros2_ws/build/duckie_led_interfaces -- -j16 -l16
[0.817s] Invoking command in '/home/ubuntu/ros2_ws/build/duckie_led_interfaces': CMAKE_PREFIX_PATH=${CMAKE_PREFIX_PATH}:/home/ubuntu/ros2_ws/install/duckie_vision_pkg:/home/ubuntu/ros2_ws/install/duckie_led_pkg:/opt/ros/humble /usr/bin/cmake --install /home/ubuntu/ros2_ws/build/duckie_led_interfaces
[0.834s] -- Install configuration: ""
[0.834s] -- Up-to-date: /home/ubuntu/ros2_ws/install/duckie_led_interfaces/share/ament_index/resource_index/rosidl_interfaces/duckie_led_interfaces
[0.835s] -- Up-to-date: /home/ubuntu/ros2_ws/install/duckie_led_interfaces/include/duckie_led_interfaces/duckie_led_interfaces
[0.835s] -- Up-to-date: /home/ubuntu/ros2_ws/install/duckie_led_interfaces/include/duckie_led_interfaces/duckie_led_interfaces/srv
[0.836s] -- Up-to-date: /home/ubuntu/ros2_ws/install/duckie_led_interfaces/include/duckie_led_interfaces/duckie_led_interfaces/srv/detail
[0.836s] -- Up-to-date: /home/ubuntu/ros2_ws/install/duckie_led_interfaces/include/duckie_led_interfaces/duckie_led_interfaces/srv/detail/led_color__functions.c
[0.836s] -- Up-to-date: /home/ubuntu/ros2_ws/install/duckie_led_interfaces/include/duckie_led_interfaces/duckie_led_interfaces/srv/detail/led_color__functions.h
[0.837s] -- Up-to-date: /home/ubuntu/ros2_ws/install/duckie_led_interfaces/include/duckie_led_interfaces/duckie_led_interfaces/srv/detail/led_color__struct.h
[0.837s] -- Up-to-date: /home/ubuntu/ros2_ws/install/duckie_led_interfaces/include/duckie_led_interfaces/duckie_led_interfaces/srv/detail/led_color__type_support.h
[0.837s] -- Up-to-date: /home/ubuntu/ros2_ws/install/duckie_led_interfaces/include/duckie_led_interfaces/duckie_led_interfaces/srv/led_color.h
[0.837s] -- Up-to-date: /home/ubuntu/ros2_ws/install/duckie_led_interfaces/include/duckie_led_interfaces/duckie_led_interfaces/msg
[0.837s] -- Up-to-date: /home/ubuntu/ros2_ws/install/duckie_led_interfaces/include/duckie_led_interfaces/duckie_led_interfaces/msg/rosidl_generator_c__visibility_control.h
[0.837s] -- Up-to-date: /home/ubuntu/ros2_ws/install/duckie_led_interfaces/share/duckie_led_interfaces/environment/library_path.sh
[0.837s] -- Up-to-date: /home/ubuntu/ros2_ws/install/duckie_led_interfaces/share/duckie_led_interfaces/environment/library_path.dsv
[0.838s] -- Up-to-date: /home/ubuntu/ros2_ws/install/duckie_led_interfaces/lib/libduckie_led_interfaces__rosidl_generator_c.so
[0.839s] -- Up-to-date: /home/ubuntu/ros2_ws/install/duckie_led_interfaces/include/duckie_led_interfaces/duckie_led_interfaces
[0.839s] -- Up-to-date: /home/ubuntu/ros2_ws/install/duckie_led_interfaces/include/duckie_led_interfaces/duckie_led_interfaces/srv
[0.840s] -- Up-to-date: /home/ubuntu/ros2_ws/install/duckie_led_interfaces/include/duckie_led_interfaces/duckie_led_interfaces/srv/detail
[0.840s] -- Up-to-date: /home/ubuntu/ros2_ws/install/duckie_led_interfaces/include/duckie_led_interfaces/duckie_led_interfaces/srv/detail/led_color__rosidl_typesupport_fastrtps_c.h
[0.841s] -- Up-to-date: /home/ubuntu/ros2_ws/install/duckie_led_interfaces/include/duckie_led_interfaces/duckie_led_interfaces/msg
[0.841s] -- Up-to-date: /home/ubuntu/ros2_ws/install/duckie_led_interfaces/include/duckie_led_interfaces/duckie_led_interfaces/msg/rosidl_typesupport_fastrtps_c__visibility_control.h
[0.841s] -- Up-to-date: /home/ubuntu/ros2_ws/install/duckie_led_interfaces/lib/libduckie_led_interfaces__rosidl_typesupport_fastrtps_c.so
[0.842s] -- Up-to-date: /home/ubuntu/ros2_ws/install/duckie_led_interfaces/include/duckie_led_interfaces/duckie_led_interfaces
[0.842s] -- Up-to-date: /home/ubuntu/ros2_ws/install/duckie_led_interfaces/include/duckie_led_interfaces/duckie_led_interfaces/srv
[0.843s] -- Up-to-date: /home/ubuntu/ros2_ws/install/duckie_led_interfaces/include/duckie_led_interfaces/duckie_led_interfaces/srv/detail
[0.843s] -- Up-to-date: /home/ubuntu/ros2_ws/install/duckie_led_interfaces/include/duckie_led_interfaces/duckie_led_interfaces/srv/detail/led_color__rosidl_typesupport_introspection_c.h
[0.843s] -- Up-to-date: /home/ubuntu/ros2_ws/install/duckie_led_interfaces/include/duckie_led_interfaces/duckie_led_interfaces/srv/detail/led_color__type_support.c
[0.843s] -- Up-to-date: /home/ubuntu/ros2_ws/install/duckie_led_interfaces/include/duckie_led_interfaces/duckie_led_interfaces/msg
[0.844s] -- Up-to-date: /home/ubuntu/ros2_ws/install/duckie_led_interfaces/include/duckie_led_interfaces/duckie_led_interfaces/msg/rosidl_typesupport_introspection_c__visibility_control.h
[0.845s] -- Up-to-date: /home/ubuntu/ros2_ws/install/duckie_led_interfaces/lib/libduckie_led_interfaces__rosidl_typesupport_introspection_c.so
[0.845s] -- Up-to-date: /home/ubuntu/ros2_ws/install/duckie_led_interfaces/lib/libduckie_led_interfaces__rosidl_typesupport_c.so
[0.845s] -- Up-to-date: /home/ubuntu/ros2_ws/install/duckie_led_interfaces/include/duckie_led_interfaces/duckie_led_interfaces
[0.846s] -- Up-to-date: /home/ubuntu/ros2_ws/install/duckie_led_interfaces/include/duckie_led_interfaces/duckie_led_interfaces/srv
[0.846s] -- Up-to-date: /home/ubuntu/ros2_ws/install/duckie_led_interfaces/include/duckie_led_interfaces/duckie_led_interfaces/srv/led_color.hpp
[0.846s] -- Up-to-date: /home/ubuntu/ros2_ws/install/duckie_led_interfaces/include/duckie_led_interfaces/duckie_led_interfaces/srv/detail
[0.847s] -- Up-to-date: /home/ubuntu/ros2_ws/install/duckie_led_interfaces/include/duckie_led_interfaces/duckie_led_interfaces/srv/detail/led_color__type_support.hpp
[0.847s] -- Up-to-date: /home/ubuntu/ros2_ws/install/duckie_led_interfaces/include/duckie_led_interfaces/duckie_led_interfaces/srv/detail/led_color__traits.hpp
[0.847s] -- Up-to-date: /home/ubuntu/ros2_ws/install/duckie_led_interfaces/include/duckie_led_interfaces/duckie_led_interfaces/srv/detail/led_color__struct.hpp
[0.848s] -- Up-to-date: /home/ubuntu/ros2_ws/install/duckie_led_interfaces/include/duckie_led_interfaces/duckie_led_interfaces/srv/detail/led_color__builder.hpp
[0.848s] -- Up-to-date: /home/ubuntu/ros2_ws/install/duckie_led_interfaces/include/duckie_led_interfaces/duckie_led_interfaces/msg
[0.848s] -- Up-to-date: /home/ubuntu/ros2_ws/install/duckie_led_interfaces/include/duckie_led_interfaces/duckie_led_interfaces/msg/rosidl_generator_cpp__visibility_control.hpp
[0.848s] -- Up-to-date: /home/ubuntu/ros2_ws/install/duckie_led_interfaces/include/duckie_led_interfaces/duckie_led_interfaces
[0.848s] -- Up-to-date: /home/ubuntu/ros2_ws/install/duckie_led_interfaces/include/duckie_led_interfaces/duckie_led_interfaces/srv
[0.848s] -- Up-to-date: /home/ubuntu/ros2_ws/install/duckie_led_interfaces/include/duckie_led_interfaces/duckie_led_interfaces/srv/detail
[0.849s] -- Up-to-date: /home/ubuntu/ros2_ws/install/duckie_led_interfaces/include/duckie_led_interfaces/duckie_led_interfaces/srv/detail/led_color__rosidl_typesupport_fastrtps_cpp.hpp
[0.849s] -- Up-to-date: /home/ubuntu/ros2_ws/install/duckie_led_interfaces/include/duckie_led_interfaces/duckie_led_interfaces/srv/detail/dds_fastrtps
[0.849s] -- Up-to-date: /home/ubuntu/ros2_ws/install/duckie_led_interfaces/include/duckie_led_interfaces/duckie_led_interfaces/msg
[0.850s] -- Up-to-date: /home/ubuntu/ros2_ws/install/duckie_led_interfaces/include/duckie_led_interfaces/duckie_led_interfaces/msg/rosidl_typesupport_fastrtps_cpp__visibility_control.h
[0.851s] -- Up-to-date: /home/ubuntu/ros2_ws/install/duckie_led_interfaces/lib/libduckie_led_interfaces__rosidl_typesupport_fastrtps_cpp.so
[0.851s] -- Up-to-date: /home/ubuntu/ros2_ws/install/duckie_led_interfaces/include/duckie_led_interfaces/duckie_led_interfaces
[0.851s] -- Up-to-date: /home/ubuntu/ros2_ws/install/duckie_led_interfaces/include/duckie_led_interfaces/duckie_led_interfaces/srv
[0.852s] -- Up-to-date: /home/ubuntu/ros2_ws/install/duckie_led_interfaces/include/duckie_led_interfaces/duckie_led_interfaces/srv/detail
[0.853s] -- Up-to-date: /home/ubuntu/ros2_ws/install/duckie_led_interfaces/include/duckie_led_interfaces/duckie_led_interfaces/srv/detail/led_color__type_support.cpp
[0.853s] -- Up-to-date: /home/ubuntu/ros2_ws/install/duckie_led_interfaces/include/duckie_led_interfaces/duckie_led_interfaces/srv/detail/led_color__rosidl_typesupport_introspection_cpp.hpp
[0.854s] -- Up-to-date: /home/ubuntu/ros2_ws/install/duckie_led_interfaces/lib/libduckie_led_interfaces__rosidl_typesupport_introspection_cpp.so
[0.855s] -- Up-to-date: /home/ubuntu/ros2_ws/install/duckie_led_interfaces/lib/libduckie_led_interfaces__rosidl_typesupport_cpp.so
[0.856s] -- Up-to-date: /home/ubuntu/ros2_ws/install/duckie_led_interfaces/share/duckie_led_interfaces/environment/pythonpath.sh
[0.856s] -- Up-to-date: /home/ubuntu/ros2_ws/install/duckie_led_interfaces/share/duckie_led_interfaces/environment/pythonpath.dsv
[0.856s] -- Up-to-date: /home/ubuntu/ros2_ws/install/duckie_led_interfaces/local/lib/python3.10/dist-packages/duckie_led_interfaces-0.0.0-py3.10.egg-info
[0.857s] -- Installing: /home/ubuntu/ros2_ws/install/duckie_led_interfaces/local/lib/python3.10/dist-packages/duckie_led_interfaces-0.0.0-py3.10.egg-info/PKG-INFO
[0.857s] -- Installing: /home/ubuntu/ros2_ws/install/duckie_led_interfaces/local/lib/python3.10/dist-packages/duckie_led_interfaces-0.0.0-py3.10.egg-info/top_level.txt
[0.857s] -- Installing: /home/ubuntu/ros2_ws/install/duckie_led_interfaces/local/lib/python3.10/dist-packages/duckie_led_interfaces-0.0.0-py3.10.egg-info/SOURCES.txt
[0.857s] -- Installing: /home/ubuntu/ros2_ws/install/duckie_led_interfaces/local/lib/python3.10/dist-packages/duckie_led_interfaces-0.0.0-py3.10.egg-info/dependency_links.txt
[0.858s] -- Up-to-date: /home/ubuntu/ros2_ws/install/duckie_led_interfaces/local/lib/python3.10/dist-packages/duckie_led_interfaces
[0.858s] -- Up-to-date: /home/ubuntu/ros2_ws/install/duckie_led_interfaces/local/lib/python3.10/dist-packages/duckie_led_interfaces/__init__.py
[0.858s] -- Up-to-date: /home/ubuntu/ros2_ws/install/duckie_led_interfaces/local/lib/python3.10/dist-packages/duckie_led_interfaces/srv
[0.859s] -- Up-to-date: /home/ubuntu/ros2_ws/install/duckie_led_interfaces/local/lib/python3.10/dist-packages/duckie_led_interfaces/srv/_led_color.py
[0.859s] -- Up-to-date: /home/ubuntu/ros2_ws/install/duckie_led_interfaces/local/lib/python3.10/dist-packages/duckie_led_interfaces/srv/__init__.py
[0.859s] -- Up-to-date: /home/ubuntu/ros2_ws/install/duckie_led_interfaces/local/lib/python3.10/dist-packages/duckie_led_interfaces/srv/_led_color_s.c
[0.859s] -- Up-to-date: /home/ubuntu/ros2_ws/install/duckie_led_interfaces/local/lib/python3.10/dist-packages/duckie_led_interfaces/duckie_led_interfaces_s__rosidl_typesupport_introspection_c.cpython-310-x86_64-linux-gnu.so
[0.859s] -- Up-to-date: /home/ubuntu/ros2_ws/install/duckie_led_interfaces/local/lib/python3.10/dist-packages/duckie_led_interfaces/_duckie_led_interfaces_s.ep.rosidl_typesupport_c.c
[0.859s] -- Up-to-date: /home/ubuntu/ros2_ws/install/duckie_led_interfaces/local/lib/python3.10/dist-packages/duckie_led_interfaces/duckie_led_interfaces_s__rosidl_typesupport_fastrtps_c.cpython-310-x86_64-linux-gnu.so
[0.859s] -- Up-to-date: /home/ubuntu/ros2_ws/install/duckie_led_interfaces/local/lib/python3.10/dist-packages/duckie_led_interfaces/_duckie_led_interfaces_s.ep.rosidl_typesupport_fastrtps_c.c
[0.860s] -- Up-to-date: /home/ubuntu/ros2_ws/install/duckie_led_interfaces/local/lib/python3.10/dist-packages/duckie_led_interfaces/libduckie_led_interfaces__rosidl_generator_py.so
[0.860s] -- Up-to-date: /home/ubuntu/ros2_ws/install/duckie_led_interfaces/local/lib/python3.10/dist-packages/duckie_led_interfaces/_duckie_led_interfaces_s.ep.rosidl_typesupport_introspection_c.c
[0.860s] -- Up-to-date: /home/ubuntu/ros2_ws/install/duckie_led_interfaces/local/lib/python3.10/dist-packages/duckie_led_interfaces/duckie_led_interfaces_s__rosidl_typesupport_c.cpython-310-x86_64-linux-gnu.so
[0.916s] Listing '/home/ubuntu/ros2_ws/install/duckie_led_interfaces/local/lib/python3.10/dist-packages/duckie_led_interfaces'...
[0.916s] Listing '/home/ubuntu/ros2_ws/install/duckie_led_interfaces/local/lib/python3.10/dist-packages/duckie_led_interfaces/srv'...
[0.923s] -- Up-to-date: /home/ubuntu/ros2_ws/install/duckie_led_interfaces/local/lib/python3.10/dist-packages/duckie_led_interfaces/duckie_led_interfaces_s__rosidl_typesupport_fastrtps_c.cpython-310-x86_64-linux-gnu.so
[0.925s] -- Up-to-date: /home/ubuntu/ros2_ws/install/duckie_led_interfaces/local/lib/python3.10/dist-packages/duckie_led_interfaces/duckie_led_interfaces_s__rosidl_typesupport_introspection_c.cpython-310-x86_64-linux-gnu.so
[0.925s] -- Up-to-date: /home/ubuntu/ros2_ws/install/duckie_led_interfaces/local/lib/python3.10/dist-packages/duckie_led_interfaces/duckie_led_interfaces_s__rosidl_typesupport_c.cpython-310-x86_64-linux-gnu.so
[0.926s] -- Up-to-date: /home/ubuntu/ros2_ws/install/duckie_led_interfaces/lib/libduckie_led_interfaces__rosidl_generator_py.so
[0.926s] -- Up-to-date: /home/ubuntu/ros2_ws/install/duckie_led_interfaces/share/duckie_led_interfaces/srv/LedColor.idl
[0.926s] -- Up-to-date: /home/ubuntu/ros2_ws/install/duckie_led_interfaces/share/duckie_led_interfaces/srv/LedColor.srv
[0.927s] -- Up-to-date: /home/ubuntu/ros2_ws/install/duckie_led_interfaces/share/duckie_led_interfaces/srv/LedColor_Request.msg
[0.927s] -- Up-to-date: /home/ubuntu/ros2_ws/install/duckie_led_interfaces/share/duckie_led_interfaces/srv/LedColor_Response.msg
[0.927s] -- Up-to-date: /home/ubuntu/ros2_ws/install/duckie_led_interfaces/share/ament_index/resource_index/package_run_dependencies/duckie_led_interfaces
[0.927s] -- Up-to-date: /home/ubuntu/ros2_ws/install/duckie_led_interfaces/share/ament_index/resource_index/parent_prefix_path/duckie_led_interfaces
[0.928s] -- Up-to-date: /home/ubuntu/ros2_ws/install/duckie_led_interfaces/share/duckie_led_interfaces/environment/ament_prefix_path.sh
[0.928s] -- Up-to-date: /home/ubuntu/ros2_ws/install/duckie_led_interfaces/share/duckie_led_interfaces/environment/ament_prefix_path.dsv
[0.928s] -- Up-to-date: /home/ubuntu/ros2_ws/install/duckie_led_interfaces/share/duckie_led_interfaces/environment/path.sh
[0.928s] -- Up-to-date: /home/ubuntu/ros2_ws/install/duckie_led_interfaces/share/duckie_led_interfaces/environment/path.dsv
[0.928s] -- Up-to-date: /home/ubuntu/ros2_ws/install/duckie_led_interfaces/share/duckie_led_interfaces/local_setup.bash
[0.928s] -- Up-to-date: /home/ubuntu/ros2_ws/install/duckie_led_interfaces/share/duckie_led_interfaces/local_setup.sh
[0.928s] -- Up-to-date: /home/ubuntu/ros2_ws/install/duckie_led_interfaces/share/duckie_led_interfaces/local_setup.zsh
[0.928s] -- Up-to-date: /home/ubuntu/ros2_ws/install/duckie_led_interfaces/share/duckie_led_interfaces/local_setup.dsv
[0.929s] -- Installing: /home/ubuntu/ros2_ws/install/duckie_led_interfaces/share/duckie_led_interfaces/package.dsv
[0.931s] -- Up-to-date: /home/ubuntu/ros2_ws/install/duckie_led_interfaces/share/ament_index/resource_index/packages/duckie_led_interfaces
[0.933s] -- Up-to-date: /home/ubuntu/ros2_ws/install/duckie_led_interfaces/share/duckie_led_interfaces/cmake/export_duckie_led_interfaces__rosidl_generator_cExport.cmake
[0.933s] -- Up-to-date: /home/ubuntu/ros2_ws/install/duckie_led_interfaces/share/duckie_led_interfaces/cmake/export_duckie_led_interfaces__rosidl_generator_cExport-noconfig.cmake
[0.934s] -- Up-to-date: /home/ubuntu/ros2_ws/install/duckie_led_interfaces/share/duckie_led_interfaces/cmake/export_duckie_led_interfaces__rosidl_typesupport_fastrtps_cExport.cmake
[0.934s] -- Up-to-date: /home/ubuntu/ros2_ws/install/duckie_led_interfaces/share/duckie_led_interfaces/cmake/export_duckie_led_interfaces__rosidl_typesupport_fastrtps_cExport-noconfig.cmake
[0.935s] -- Up-to-date: /home/ubuntu/ros2_ws/install/duckie_led_interfaces/share/duckie_led_interfaces/cmake/duckie_led_interfaces__rosidl_typesupport_introspection_cExport.cmake
[0.935s] -- Up-to-date: /home/ubuntu/ros2_ws/install/duckie_led_interfaces/share/duckie_led_interfaces/cmake/duckie_led_interfaces__rosidl_typesupport_introspection_cExport-noconfig.cmake
[0.936s] -- Up-to-date: /home/ubuntu/ros2_ws/install/duckie_led_interfaces/share/duckie_led_interfaces/cmake/duckie_led_interfaces__rosidl_typesupport_cExport.cmake
[0.936s] -- Up-to-date: /home/ubuntu/ros2_ws/install/duckie_led_interfaces/share/duckie_led_interfaces/cmake/duckie_led_interfaces__rosidl_typesupport_cExport-noconfig.cmake
[0.937s] -- Up-to-date: /home/ubuntu/ros2_ws/install/duckie_led_interfaces/share/duckie_led_interfaces/cmake/export_duckie_led_interfaces__rosidl_generator_cppExport.cmake
[0.938s] -- Up-to-date: /home/ubuntu/ros2_ws/install/duckie_led_interfaces/share/duckie_led_interfaces/cmake/export_duckie_led_interfaces__rosidl_typesupport_fastrtps_cppExport.cmake
[0.938s] -- Up-to-date: /home/ubuntu/ros2_ws/install/duckie_led_interfaces/share/duckie_led_interfaces/cmake/export_duckie_led_interfaces__rosidl_typesupport_fastrtps_cppExport-noconfig.cmake
[0.939s] -- Up-to-date: /home/ubuntu/ros2_ws/install/duckie_led_interfaces/share/duckie_led_interfaces/cmake/duckie_led_interfaces__rosidl_typesupport_introspection_cppExport.cmake
[0.940s] -- Up-to-date: /home/ubuntu/ros2_ws/install/duckie_led_interfaces/share/duckie_led_interfaces/cmake/duckie_led_interfaces__rosidl_typesupport_introspection_cppExport-noconfig.cmake
[0.940s] -- Up-to-date: /home/ubuntu/ros2_ws/install/duckie_led_interfaces/share/duckie_led_interfaces/cmake/duckie_led_interfaces__rosidl_typesupport_cppExport.cmake
[0.940s] -- Up-to-date: /home/ubuntu/ros2_ws/install/duckie_led_interfaces/share/duckie_led_interfaces/cmake/duckie_led_interfaces__rosidl_typesupport_cppExport-noconfig.cmake
[0.941s] -- Up-to-date: /home/ubuntu/ros2_ws/install/duckie_led_interfaces/share/duckie_led_interfaces/cmake/export_duckie_led_interfaces__rosidl_generator_pyExport.cmake
[0.942s] -- Up-to-date: /home/ubuntu/ros2_ws/install/duckie_led_interfaces/share/duckie_led_interfaces/cmake/export_duckie_led_interfaces__rosidl_generator_pyExport-noconfig.cmake
[0.942s] -- Up-to-date: /home/ubuntu/ros2_ws/install/duckie_led_interfaces/share/duckie_led_interfaces/cmake/rosidl_cmake-extras.cmake
[0.942s] -- Up-to-date: /home/ubuntu/ros2_ws/install/duckie_led_interfaces/share/duckie_led_interfaces/cmake/ament_cmake_export_include_directories-extras.cmake
[0.943s] -- Up-to-date: /home/ubuntu/ros2_ws/install/duckie_led_interfaces/share/duckie_led_interfaces/cmake/ament_cmake_export_libraries-extras.cmake
[0.943s] -- Up-to-date: /home/ubuntu/ros2_ws/install/duckie_led_interfaces/share/duckie_led_interfaces/cmake/ament_cmake_export_targets-extras.cmake
[0.943s] -- Up-to-date: /home/ubuntu/ros2_ws/install/duckie_led_interfaces/share/duckie_led_interfaces/cmake/rosidl_cmake_export_typesupport_targets-extras.cmake
[0.943s] -- Up-to-date: /home/ubuntu/ros2_ws/install/duckie_led_interfaces/share/duckie_led_interfaces/cmake/ament_cmake_export_dependencies-extras.cmake
[0.943s] -- Up-to-date: /home/ubuntu/ros2_ws/install/duckie_led_interfaces/share/duckie_led_interfaces/cmake/rosidl_cmake_export_typesupport_libraries-extras.cmake
[0.943s] -- Up-to-date: /home/ubuntu/ros2_ws/install/duckie_led_interfaces/share/duckie_led_interfaces/cmake/duckie_led_interfacesConfig.cmake
[0.943s] -- Up-to-date: /home/ubuntu/ros2_ws/install/duckie_led_interfaces/share/duckie_led_interfaces/cmake/duckie_led_interfacesConfig-version.cmake
[0.943s] -- Up-to-date: /home/ubuntu/ros2_ws/install/duckie_led_interfaces/share/duckie_led_interfaces/package.xml
[0.946s] Invoked command in '/home/ubuntu/ros2_ws/build/duckie_led_interfaces' returned '0': CMAKE_PREFIX_PATH=${CMAKE_PREFIX_PATH}:/home/ubuntu/ros2_ws/install/duckie_vision_pkg:/home/ubuntu/ros2_ws/install/duckie_led_pkg:/opt/ros/humble /usr/bin/cmake --install /home/ubuntu/ros2_ws/build/duckie_led_interfaces
