[1.225s] Invoking command in '/home/ubuntu/ros2_ws/src/duckie_led_pkg': PYTHONPATH=/home/ubuntu/ros2_ws/build/duckie_led_pkg/prefix_override:/usr/lib/python3/dist-packages/colcon_core/task/python/colcon_distutils_commands:/home/ubuntu/ros2_ws/install/duckie_led_pkg/lib/python3.10/site-packages:${PYTHONPATH} /usr/bin/python3 -W ignore:setup.py install is deprecated -W ignore:easy_install command is deprecated setup.py egg_info --egg-base ../../build/duckie_led_pkg build --build-base /home/ubuntu/ros2_ws/build/duckie_led_pkg/build install --record /home/ubuntu/ros2_ws/build/duckie_led_pkg/install.log --single-version-externally-managed install_data
[1.614s] running egg_info
[1.614s] writing ../../build/duckie_led_pkg/duckie_led_pkg.egg-info/PKG-INFO
[1.615s] writing dependency_links to ../../build/duckie_led_pkg/duckie_led_pkg.egg-info/dependency_links.txt
[1.615s] writing entry points to ../../build/duckie_led_pkg/duckie_led_pkg.egg-info/entry_points.txt
[1.616s] writing requirements to ../../build/duckie_led_pkg/duckie_led_pkg.egg-info/requires.txt
[1.616s] writing top-level names to ../../build/duckie_led_pkg/duckie_led_pkg.egg-info/top_level.txt
[1.627s] reading manifest file '../../build/duckie_led_pkg/duckie_led_pkg.egg-info/SOURCES.txt'
[1.629s] writing manifest file '../../build/duckie_led_pkg/duckie_led_pkg.egg-info/SOURCES.txt'
[1.629s] running build
[1.630s] running build_py
[1.630s] copying duckie_led_pkg/led_service.py -> /home/ubuntu/ros2_ws/build/duckie_led_pkg/build/lib/duckie_led_pkg
[1.632s] running install
[1.633s] running install_lib
[1.636s] copying /home/ubuntu/ros2_ws/build/duckie_led_pkg/build/lib/duckie_led_pkg/led_service.py -> /home/ubuntu/ros2_ws/install/duckie_led_pkg/lib/python3.10/site-packages/duckie_led_pkg
[1.638s] byte-compiling /home/ubuntu/ros2_ws/install/duckie_led_pkg/lib/python3.10/site-packages/duckie_led_pkg/led_service.py to led_service.cpython-310.pyc
[1.641s] running install_data
[1.641s]   File "/home/ubuntu/ros2_ws/install/duckie_led_pkg/lib/python3.10/site-packages/duckie_led_pkg/led_service.py", line 19
[1.642s]     self.get_logger().info('Ready)
[1.642s]                            ^
[1.642s] SyntaxError: unterminated string literal (detected at line 19)
[1.642s] 
[1.643s] running install_egg_info
[1.648s] removing '/home/ubuntu/ros2_ws/install/duckie_led_pkg/lib/python3.10/site-packages/duckie_led_pkg-0.0.0-py3.10.egg-info' (and everything under it)
[1.649s] Copying ../../build/duckie_led_pkg/duckie_led_pkg.egg-info to /home/ubuntu/ros2_ws/install/duckie_led_pkg/lib/python3.10/site-packages/duckie_led_pkg-0.0.0-py3.10.egg-info
[1.651s] running install_scripts
[1.680s] Installing led_service script to /home/ubuntu/ros2_ws/install/duckie_led_pkg/lib/duckie_led_pkg
[1.681s] writing list of installed files to '/home/ubuntu/ros2_ws/build/duckie_led_pkg/install.log'
[1.729s] Invoked command in '/home/ubuntu/ros2_ws/src/duckie_led_pkg' returned '0': PYTHONPATH=/home/ubuntu/ros2_ws/build/duckie_led_pkg/prefix_override:/usr/lib/python3/dist-packages/colcon_core/task/python/colcon_distutils_commands:/home/ubuntu/ros2_ws/install/duckie_led_pkg/lib/python3.10/site-packages:${PYTHONPATH} /usr/bin/python3 -W ignore:setup.py install is deprecated -W ignore:easy_install command is deprecated setup.py egg_info --egg-base ../../build/duckie_led_pkg build --build-base /home/ubuntu/ros2_ws/build/duckie_led_pkg/build install --record /home/ubuntu/ros2_ws/build/duckie_led_pkg/install.log --single-version-externally-managed install_data
