[0.027s] Invoking command in '/home/ubuntu/ros2_ws/build/duckie_led_interfaces': CMAKE_PREFIX_PATH=/opt/ros/humble /usr/bin/cmake --build /home/ubuntu/ros2_ws/build/duckie_led_interfaces -- -j16 -l16
[0.111s] [  3%] Built target duckie_led_interfaces__cpp
[0.115s] [ 12%] Built target duckie_led_interfaces__rosidl_generator_c
[0.129s] [ 12%] Built target ament_cmake_python_copy_duckie_led_interfaces
[0.156s] [ 48%] Built target duckie_led_interfaces__rosidl_typesupport_fastrtps_cpp
[0.156s] [ 48%] Built target duckie_led_interfaces__rosidl_typesupport_c
[0.156s] [ 48%] Built target duckie_led_interfaces__rosidl_typesupport_introspection_cpp
[0.157s] [ 51%] Built target duckie_led_interfaces__rosidl_typesupport_cpp
[0.157s] [ 61%] Built target duckie_led_interfaces__rosidl_typesupport_introspection_c
[0.162s] [ 70%] Built target duckie_led_interfaces__rosidl_typesupport_fastrtps_c
[0.192s] [ 70%] Built target duckie_led_interfaces
[0.222s] [ 74%] Built target duckie_led_interfaces__py
[0.258s] [ 80%] Built target duckie_led_interfaces__rosidl_generator_py
[0.298s] [ 93%] Built target duckie_led_interfaces__rosidl_typesupport_c__pyext
[0.298s] [ 93%] Built target duckie_led_interfaces__rosidl_typesupport_introspection_c__pyext
[0.298s] [100%] Built target duckie_led_interfaces__rosidl_typesupport_fastrtps_c__pyext
[0.547s] running egg_info
[0.548s] writing duckie_led_interfaces.egg-info/PKG-INFO
[0.548s] writing dependency_links to duckie_led_interfaces.egg-info/dependency_links.txt
[0.548s] writing top-level names to duckie_led_interfaces.egg-info/top_level.txt
[0.552s] reading manifest file 'duckie_led_interfaces.egg-info/SOURCES.txt'
[0.553s] writing manifest file 'duckie_led_interfaces.egg-info/SOURCES.txt'
[0.603s] [100%] Built target ament_cmake_python_build_duckie_led_interfaces_egg
[0.622s] Invoked command in '/home/ubuntu/ros2_ws/build/duckie_led_interfaces' returned '0': CMAKE_PREFIX_PATH=/opt/ros/humble /usr/bin/cmake --build /home/ubuntu/ros2_ws/build/duckie_led_interfaces -- -j16 -l16
[0.640s] Invoking command in '/home/ubuntu/ros2_ws/build/duckie_led_interfaces': CMAKE_PREFIX_PATH=/opt/ros/humble /usr/bin/cmake --install /home/ubuntu/ros2_ws/build/duckie_led_interfaces
[0.652s] -- Install configuration: ""
[0.652s] -- Up-to-date: /home/ubuntu/ros2_ws/install/duckie_led_interfaces/share/ament_index/resource_index/rosidl_interfaces/duckie_led_interfaces
[0.652s] -- Up-to-date: /home/ubuntu/ros2_ws/install/duckie_led_interfaces/include/duckie_led_interfaces/duckie_led_interfaces
[0.653s] -- Up-to-date: /home/ubuntu/ros2_ws/install/duckie_led_interfaces/include/duckie_led_interfaces/duckie_led_interfaces/srv
[0.653s] -- Up-to-date: /home/ubuntu/ros2_ws/install/duckie_led_interfaces/include/duckie_led_interfaces/duckie_led_interfaces/srv/detail
[0.653s] -- Up-to-date: /home/ubuntu/ros2_ws/install/duckie_led_interfaces/include/duckie_led_interfaces/duckie_led_interfaces/srv/detail/led_color__functions.c
[0.653s] -- Up-to-date: /home/ubuntu/ros2_ws/install/duckie_led_interfaces/include/duckie_led_interfaces/duckie_led_interfaces/srv/detail/led_color__functions.h
[0.654s] -- Up-to-date: /home/ubuntu/ros2_ws/install/duckie_led_interfaces/include/duckie_led_interfaces/duckie_led_interfaces/srv/detail/led_color__struct.h
[0.654s] -- Up-to-date: /home/ubuntu/ros2_ws/install/duckie_led_interfaces/include/duckie_led_interfaces/duckie_led_interfaces/srv/detail/led_color__type_support.h
[0.654s] -- Up-to-date: /home/ubuntu/ros2_ws/install/duckie_led_interfaces/include/duckie_led_interfaces/duckie_led_interfaces/srv/led_color.h
[0.654s] -- Up-to-date: /home/ubuntu/ros2_ws/install/duckie_led_interfaces/include/duckie_led_interfaces/duckie_led_interfaces/msg
[0.655s] -- Up-to-date: /home/ubuntu/ros2_ws/install/duckie_led_interfaces/include/duckie_led_interfaces/duckie_led_interfaces/msg/rosidl_generator_c__visibility_control.h
[0.655s] -- Up-to-date: /home/ubuntu/ros2_ws/install/duckie_led_interfaces/share/duckie_led_interfaces/environment/library_path.sh
[0.655s] -- Up-to-date: /home/ubuntu/ros2_ws/install/duckie_led_interfaces/share/duckie_led_interfaces/environment/library_path.dsv
[0.656s] -- Up-to-date: /home/ubuntu/ros2_ws/install/duckie_led_interfaces/lib/libduckie_led_interfaces__rosidl_generator_c.so
[0.656s] -- Up-to-date: /home/ubuntu/ros2_ws/install/duckie_led_interfaces/include/duckie_led_interfaces/duckie_led_interfaces
[0.656s] -- Up-to-date: /home/ubuntu/ros2_ws/install/duckie_led_interfaces/include/duckie_led_interfaces/duckie_led_interfaces/srv
[0.656s] -- Up-to-date: /home/ubuntu/ros2_ws/install/duckie_led_interfaces/include/duckie_led_interfaces/duckie_led_interfaces/srv/detail
[0.656s] -- Up-to-date: /home/ubuntu/ros2_ws/install/duckie_led_interfaces/include/duckie_led_interfaces/duckie_led_interfaces/srv/detail/led_color__rosidl_typesupport_fastrtps_c.h
[0.656s] -- Up-to-date: /home/ubuntu/ros2_ws/install/duckie_led_interfaces/include/duckie_led_interfaces/duckie_led_interfaces/msg
[0.657s] -- Up-to-date: /home/ubuntu/ros2_ws/install/duckie_led_interfaces/include/duckie_led_interfaces/duckie_led_interfaces/msg/rosidl_typesupport_fastrtps_c__visibility_control.h
[0.657s] -- Up-to-date: /home/ubuntu/ros2_ws/install/duckie_led_interfaces/lib/libduckie_led_interfaces__rosidl_typesupport_fastrtps_c.so
[0.657s] -- Up-to-date: /home/ubuntu/ros2_ws/install/duckie_led_interfaces/include/duckie_led_interfaces/duckie_led_interfaces
[0.658s] -- Up-to-date: /home/ubuntu/ros2_ws/install/duckie_led_interfaces/include/duckie_led_interfaces/duckie_led_interfaces/srv
[0.658s] -- Up-to-date: /home/ubuntu/ros2_ws/install/duckie_led_interfaces/include/duckie_led_interfaces/duckie_led_interfaces/srv/detail
[0.658s] -- Up-to-date: /home/ubuntu/ros2_ws/install/duckie_led_interfaces/include/duckie_led_interfaces/duckie_led_interfaces/srv/detail/led_color__rosidl_typesupport_introspection_c.h
[0.658s] -- Up-to-date: /home/ubuntu/ros2_ws/install/duckie_led_interfaces/include/duckie_led_interfaces/duckie_led_interfaces/srv/detail/led_color__type_support.c
[0.659s] -- Up-to-date: /home/ubuntu/ros2_ws/install/duckie_led_interfaces/include/duckie_led_interfaces/duckie_led_interfaces/msg
[0.659s] -- Up-to-date: /home/ubuntu/ros2_ws/install/duckie_led_interfaces/include/duckie_led_interfaces/duckie_led_interfaces/msg/rosidl_typesupport_introspection_c__visibility_control.h
[0.659s] -- Up-to-date: /home/ubuntu/ros2_ws/install/duckie_led_interfaces/lib/libduckie_led_interfaces__rosidl_typesupport_introspection_c.so
[0.659s] -- Up-to-date: /home/ubuntu/ros2_ws/install/duckie_led_interfaces/lib/libduckie_led_interfaces__rosidl_typesupport_c.so
[0.660s] -- Up-to-date: /home/ubuntu/ros2_ws/install/duckie_led_interfaces/include/duckie_led_interfaces/duckie_led_interfaces
[0.660s] -- Up-to-date: /home/ubuntu/ros2_ws/install/duckie_led_interfaces/include/duckie_led_interfaces/duckie_led_interfaces/srv
[0.660s] -- Up-to-date: /home/ubuntu/ros2_ws/install/duckie_led_interfaces/include/duckie_led_interfaces/duckie_led_interfaces/srv/led_color.hpp
[0.660s] -- Up-to-date: /home/ubuntu/ros2_ws/install/duckie_led_interfaces/include/duckie_led_interfaces/duckie_led_interfaces/srv/detail
[0.660s] -- Up-to-date: /home/ubuntu/ros2_ws/install/duckie_led_interfaces/include/duckie_led_interfaces/duckie_led_interfaces/srv/detail/led_color__type_support.hpp
[0.660s] -- Up-to-date: /home/ubuntu/ros2_ws/install/duckie_led_interfaces/include/duckie_led_interfaces/duckie_led_interfaces/srv/detail/led_color__traits.hpp
[0.660s] -- Up-to-date: /home/ubuntu/ros2_ws/install/duckie_led_interfaces/include/duckie_led_interfaces/duckie_led_interfaces/srv/detail/led_color__struct.hpp
[0.660s] -- Up-to-date: /home/ubuntu/ros2_ws/install/duckie_led_interfaces/include/duckie_led_interfaces/duckie_led_interfaces/srv/detail/led_color__builder.hpp
[0.660s] -- Up-to-date: /home/ubuntu/ros2_ws/install/duckie_led_interfaces/include/duckie_led_interfaces/duckie_led_interfaces/msg
[0.660s] -- Up-to-date: /home/ubuntu/ros2_ws/install/duckie_led_interfaces/include/duckie_led_interfaces/duckie_led_interfaces/msg/rosidl_generator_cpp__visibility_control.hpp
[0.660s] -- Up-to-date: /home/ubuntu/ros2_ws/install/duckie_led_interfaces/include/duckie_led_interfaces/duckie_led_interfaces
[0.661s] -- Up-to-date: /home/ubuntu/ros2_ws/install/duckie_led_interfaces/include/duckie_led_interfaces/duckie_led_interfaces/srv
[0.661s] -- Up-to-date: /home/ubuntu/ros2_ws/install/duckie_led_interfaces/include/duckie_led_interfaces/duckie_led_interfaces/srv/detail
[0.661s] -- Up-to-date: /home/ubuntu/ros2_ws/install/duckie_led_interfaces/include/duckie_led_interfaces/duckie_led_interfaces/srv/detail/led_color__rosidl_typesupport_fastrtps_cpp.hpp
[0.661s] -- Up-to-date: /home/ubuntu/ros2_ws/install/duckie_led_interfaces/include/duckie_led_interfaces/duckie_led_interfaces/srv/detail/dds_fastrtps
[0.661s] -- Up-to-date: /home/ubuntu/ros2_ws/install/duckie_led_interfaces/include/duckie_led_interfaces/duckie_led_interfaces/msg
[0.661s] -- Up-to-date: /home/ubuntu/ros2_ws/install/duckie_led_interfaces/include/duckie_led_interfaces/duckie_led_interfaces/msg/rosidl_typesupport_fastrtps_cpp__visibility_control.h
[0.661s] -- Up-to-date: /home/ubuntu/ros2_ws/install/duckie_led_interfaces/lib/libduckie_led_interfaces__rosidl_typesupport_fastrtps_cpp.so
[0.661s] -- Up-to-date: /home/ubuntu/ros2_ws/install/duckie_led_interfaces/include/duckie_led_interfaces/duckie_led_interfaces
[0.661s] -- Up-to-date: /home/ubuntu/ros2_ws/install/duckie_led_interfaces/include/duckie_led_interfaces/duckie_led_interfaces/srv
[0.661s] -- Up-to-date: /home/ubuntu/ros2_ws/install/duckie_led_interfaces/include/duckie_led_interfaces/duckie_led_interfaces/srv/detail
[0.661s] -- Up-to-date: /home/ubuntu/ros2_ws/install/duckie_led_interfaces/include/duckie_led_interfaces/duckie_led_interfaces/srv/detail/led_color__type_support.cpp
[0.661s] -- Up-to-date: /home/ubuntu/ros2_ws/install/duckie_led_interfaces/include/duckie_led_interfaces/duckie_led_interfaces/srv/detail/led_color__rosidl_typesupport_introspection_cpp.hpp
[0.661s] -- Up-to-date: /home/ubuntu/ros2_ws/install/duckie_led_interfaces/lib/libduckie_led_interfaces__rosidl_typesupport_introspection_cpp.so
[0.662s] -- Up-to-date: /home/ubuntu/ros2_ws/install/duckie_led_interfaces/lib/libduckie_led_interfaces__rosidl_typesupport_cpp.so
[0.662s] -- Up-to-date: /home/ubuntu/ros2_ws/install/duckie_led_interfaces/share/duckie_led_interfaces/environment/pythonpath.sh
[0.662s] -- Up-to-date: /home/ubuntu/ros2_ws/install/duckie_led_interfaces/share/duckie_led_interfaces/environment/pythonpath.dsv
[0.662s] -- Up-to-date: /home/ubuntu/ros2_ws/install/duckie_led_interfaces/local/lib/python3.10/dist-packages/duckie_led_interfaces-0.0.0-py3.10.egg-info
[0.662s] -- Installing: /home/ubuntu/ros2_ws/install/duckie_led_interfaces/local/lib/python3.10/dist-packages/duckie_led_interfaces-0.0.0-py3.10.egg-info/PKG-INFO
[0.662s] -- Installing: /home/ubuntu/ros2_ws/install/duckie_led_interfaces/local/lib/python3.10/dist-packages/duckie_led_interfaces-0.0.0-py3.10.egg-info/top_level.txt
[0.662s] -- Installing: /home/ubuntu/ros2_ws/install/duckie_led_interfaces/local/lib/python3.10/dist-packages/duckie_led_interfaces-0.0.0-py3.10.egg-info/SOURCES.txt
[0.662s] -- Installing: /home/ubuntu/ros2_ws/install/duckie_led_interfaces/local/lib/python3.10/dist-packages/duckie_led_interfaces-0.0.0-py3.10.egg-info/dependency_links.txt
[0.662s] -- Up-to-date: /home/ubuntu/ros2_ws/install/duckie_led_interfaces/local/lib/python3.10/dist-packages/duckie_led_interfaces
[0.662s] -- Up-to-date: /home/ubuntu/ros2_ws/install/duckie_led_interfaces/local/lib/python3.10/dist-packages/duckie_led_interfaces/__init__.py
[0.662s] -- Up-to-date: /home/ubuntu/ros2_ws/install/duckie_led_interfaces/local/lib/python3.10/dist-packages/duckie_led_interfaces/srv
[0.662s] -- Up-to-date: /home/ubuntu/ros2_ws/install/duckie_led_interfaces/local/lib/python3.10/dist-packages/duckie_led_interfaces/srv/_led_color.py
[0.662s] -- Up-to-date: /home/ubuntu/ros2_ws/install/duckie_led_interfaces/local/lib/python3.10/dist-packages/duckie_led_interfaces/srv/__init__.py
[0.663s] -- Up-to-date: /home/ubuntu/ros2_ws/install/duckie_led_interfaces/local/lib/python3.10/dist-packages/duckie_led_interfaces/srv/_led_color_s.c
[0.663s] -- Up-to-date: /home/ubuntu/ros2_ws/install/duckie_led_interfaces/local/lib/python3.10/dist-packages/duckie_led_interfaces/duckie_led_interfaces_s__rosidl_typesupport_introspection_c.cpython-310-x86_64-linux-gnu.so
[0.663s] -- Up-to-date: /home/ubuntu/ros2_ws/install/duckie_led_interfaces/local/lib/python3.10/dist-packages/duckie_led_interfaces/_duckie_led_interfaces_s.ep.rosidl_typesupport_c.c
[0.663s] -- Up-to-date: /home/ubuntu/ros2_ws/install/duckie_led_interfaces/local/lib/python3.10/dist-packages/duckie_led_interfaces/duckie_led_interfaces_s__rosidl_typesupport_fastrtps_c.cpython-310-x86_64-linux-gnu.so
[0.663s] -- Up-to-date: /home/ubuntu/ros2_ws/install/duckie_led_interfaces/local/lib/python3.10/dist-packages/duckie_led_interfaces/_duckie_led_interfaces_s.ep.rosidl_typesupport_fastrtps_c.c
[0.663s] -- Up-to-date: /home/ubuntu/ros2_ws/install/duckie_led_interfaces/local/lib/python3.10/dist-packages/duckie_led_interfaces/libduckie_led_interfaces__rosidl_generator_py.so
[0.663s] -- Up-to-date: /home/ubuntu/ros2_ws/install/duckie_led_interfaces/local/lib/python3.10/dist-packages/duckie_led_interfaces/_duckie_led_interfaces_s.ep.rosidl_typesupport_introspection_c.c
[0.663s] -- Up-to-date: /home/ubuntu/ros2_ws/install/duckie_led_interfaces/local/lib/python3.10/dist-packages/duckie_led_interfaces/duckie_led_interfaces_s__rosidl_typesupport_c.cpython-310-x86_64-linux-gnu.so
[0.710s] Listing '/home/ubuntu/ros2_ws/install/duckie_led_interfaces/local/lib/python3.10/dist-packages/duckie_led_interfaces'...
[0.710s] Listing '/home/ubuntu/ros2_ws/install/duckie_led_interfaces/local/lib/python3.10/dist-packages/duckie_led_interfaces/srv'...
[0.716s] -- Up-to-date: /home/ubuntu/ros2_ws/install/duckie_led_interfaces/local/lib/python3.10/dist-packages/duckie_led_interfaces/duckie_led_interfaces_s__rosidl_typesupport_fastrtps_c.cpython-310-x86_64-linux-gnu.so
[0.716s] -- Up-to-date: /home/ubuntu/ros2_ws/install/duckie_led_interfaces/local/lib/python3.10/dist-packages/duckie_led_interfaces/duckie_led_interfaces_s__rosidl_typesupport_introspection_c.cpython-310-x86_64-linux-gnu.so
[0.716s] -- Up-to-date: /home/ubuntu/ros2_ws/install/duckie_led_interfaces/local/lib/python3.10/dist-packages/duckie_led_interfaces/duckie_led_interfaces_s__rosidl_typesupport_c.cpython-310-x86_64-linux-gnu.so
[0.717s] -- Up-to-date: /home/ubuntu/ros2_ws/install/duckie_led_interfaces/lib/libduckie_led_interfaces__rosidl_generator_py.so
[0.717s] -- Up-to-date: /home/ubuntu/ros2_ws/install/duckie_led_interfaces/share/duckie_led_interfaces/srv/LedColor.idl
[0.717s] -- Up-to-date: /home/ubuntu/ros2_ws/install/duckie_led_interfaces/share/duckie_led_interfaces/srv/LedColor.srv
[0.718s] -- Up-to-date: /home/ubuntu/ros2_ws/install/duckie_led_interfaces/share/duckie_led_interfaces/srv/LedColor_Request.msg
[0.718s] -- Up-to-date: /home/ubuntu/ros2_ws/install/duckie_led_interfaces/share/duckie_led_interfaces/srv/LedColor_Response.msg
[0.718s] -- Up-to-date: /home/ubuntu/ros2_ws/install/duckie_led_interfaces/share/ament_index/resource_index/package_run_dependencies/duckie_led_interfaces
[0.718s] -- Up-to-date: /home/ubuntu/ros2_ws/install/duckie_led_interfaces/share/ament_index/resource_index/parent_prefix_path/duckie_led_interfaces
[0.718s] -- Up-to-date: /home/ubuntu/ros2_ws/install/duckie_led_interfaces/share/duckie_led_interfaces/environment/ament_prefix_path.sh
[0.718s] -- Up-to-date: /home/ubuntu/ros2_ws/install/duckie_led_interfaces/share/duckie_led_interfaces/environment/ament_prefix_path.dsv
[0.719s] -- Up-to-date: /home/ubuntu/ros2_ws/install/duckie_led_interfaces/share/duckie_led_interfaces/environment/path.sh
[0.719s] -- Up-to-date: /home/ubuntu/ros2_ws/install/duckie_led_interfaces/share/duckie_led_interfaces/environment/path.dsv
[0.719s] -- Up-to-date: /home/ubuntu/ros2_ws/install/duckie_led_interfaces/share/duckie_led_interfaces/local_setup.bash
[0.719s] -- Up-to-date: /home/ubuntu/ros2_ws/install/duckie_led_interfaces/share/duckie_led_interfaces/local_setup.sh
[0.720s] -- Up-to-date: /home/ubuntu/ros2_ws/install/duckie_led_interfaces/share/duckie_led_interfaces/local_setup.zsh
[0.720s] -- Up-to-date: /home/ubuntu/ros2_ws/install/duckie_led_interfaces/share/duckie_led_interfaces/local_setup.dsv
[0.720s] -- Installing: /home/ubuntu/ros2_ws/install/duckie_led_interfaces/share/duckie_led_interfaces/package.dsv
[0.720s] -- Up-to-date: /home/ubuntu/ros2_ws/install/duckie_led_interfaces/share/ament_index/resource_index/packages/duckie_led_interfaces
[0.721s] -- Up-to-date: /home/ubuntu/ros2_ws/install/duckie_led_interfaces/share/duckie_led_interfaces/cmake/export_duckie_led_interfaces__rosidl_generator_cExport.cmake
[0.721s] -- Up-to-date: /home/ubuntu/ros2_ws/install/duckie_led_interfaces/share/duckie_led_interfaces/cmake/export_duckie_led_interfaces__rosidl_generator_cExport-noconfig.cmake
[0.721s] -- Up-to-date: /home/ubuntu/ros2_ws/install/duckie_led_interfaces/share/duckie_led_interfaces/cmake/export_duckie_led_interfaces__rosidl_typesupport_fastrtps_cExport.cmake
[0.722s] -- Up-to-date: /home/ubuntu/ros2_ws/install/duckie_led_interfaces/share/duckie_led_interfaces/cmake/export_duckie_led_interfaces__rosidl_typesupport_fastrtps_cExport-noconfig.cmake
[0.722s] -- Up-to-date: /home/ubuntu/ros2_ws/install/duckie_led_interfaces/share/duckie_led_interfaces/cmake/duckie_led_interfaces__rosidl_typesupport_introspection_cExport.cmake
[0.722s] -- Up-to-date: /home/ubuntu/ros2_ws/install/duckie_led_interfaces/share/duckie_led_interfaces/cmake/duckie_led_interfaces__rosidl_typesupport_introspection_cExport-noconfig.cmake
[0.722s] -- Up-to-date: /home/ubuntu/ros2_ws/install/duckie_led_interfaces/share/duckie_led_interfaces/cmake/duckie_led_interfaces__rosidl_typesupport_cExport.cmake
[0.723s] -- Up-to-date: /home/ubuntu/ros2_ws/install/duckie_led_interfaces/share/duckie_led_interfaces/cmake/duckie_led_interfaces__rosidl_typesupport_cExport-noconfig.cmake
[0.723s] -- Up-to-date: /home/ubuntu/ros2_ws/install/duckie_led_interfaces/share/duckie_led_interfaces/cmake/export_duckie_led_interfaces__rosidl_generator_cppExport.cmake
[0.723s] -- Up-to-date: /home/ubuntu/ros2_ws/install/duckie_led_interfaces/share/duckie_led_interfaces/cmake/export_duckie_led_interfaces__rosidl_typesupport_fastrtps_cppExport.cmake
[0.723s] -- Up-to-date: /home/ubuntu/ros2_ws/install/duckie_led_interfaces/share/duckie_led_interfaces/cmake/export_duckie_led_interfaces__rosidl_typesupport_fastrtps_cppExport-noconfig.cmake
[0.723s] -- Up-to-date: /home/ubuntu/ros2_ws/install/duckie_led_interfaces/share/duckie_led_interfaces/cmake/duckie_led_interfaces__rosidl_typesupport_introspection_cppExport.cmake
[0.723s] -- Up-to-date: /home/ubuntu/ros2_ws/install/duckie_led_interfaces/share/duckie_led_interfaces/cmake/duckie_led_interfaces__rosidl_typesupport_introspection_cppExport-noconfig.cmake
[0.723s] -- Up-to-date: /home/ubuntu/ros2_ws/install/duckie_led_interfaces/share/duckie_led_interfaces/cmake/duckie_led_interfaces__rosidl_typesupport_cppExport.cmake
[0.724s] -- Up-to-date: /home/ubuntu/ros2_ws/install/duckie_led_interfaces/share/duckie_led_interfaces/cmake/duckie_led_interfaces__rosidl_typesupport_cppExport-noconfig.cmake
[0.724s] -- Up-to-date: /home/ubuntu/ros2_ws/install/duckie_led_interfaces/share/duckie_led_interfaces/cmake/export_duckie_led_interfaces__rosidl_generator_pyExport.cmake
[0.724s] -- Up-to-date: /home/ubuntu/ros2_ws/install/duckie_led_interfaces/share/duckie_led_interfaces/cmake/export_duckie_led_interfaces__rosidl_generator_pyExport-noconfig.cmake
[0.724s] -- Up-to-date: /home/ubuntu/ros2_ws/install/duckie_led_interfaces/share/duckie_led_interfaces/cmake/rosidl_cmake-extras.cmake
[0.724s] -- Up-to-date: /home/ubuntu/ros2_ws/install/duckie_led_interfaces/share/duckie_led_interfaces/cmake/ament_cmake_export_include_directories-extras.cmake
[0.724s] -- Up-to-date: /home/ubuntu/ros2_ws/install/duckie_led_interfaces/share/duckie_led_interfaces/cmake/ament_cmake_export_libraries-extras.cmake
[0.724s] -- Up-to-date: /home/ubuntu/ros2_ws/install/duckie_led_interfaces/share/duckie_led_interfaces/cmake/ament_cmake_export_targets-extras.cmake
[0.724s] -- Up-to-date: /home/ubuntu/ros2_ws/install/duckie_led_interfaces/share/duckie_led_interfaces/cmake/rosidl_cmake_export_typesupport_targets-extras.cmake
[0.724s] -- Up-to-date: /home/ubuntu/ros2_ws/install/duckie_led_interfaces/share/duckie_led_interfaces/cmake/ament_cmake_export_dependencies-extras.cmake
[0.724s] -- Up-to-date: /home/ubuntu/ros2_ws/install/duckie_led_interfaces/share/duckie_led_interfaces/cmake/rosidl_cmake_export_typesupport_libraries-extras.cmake
[0.724s] -- Up-to-date: /home/ubuntu/ros2_ws/install/duckie_led_interfaces/share/duckie_led_interfaces/cmake/duckie_led_interfacesConfig.cmake
[0.724s] -- Up-to-date: /home/ubuntu/ros2_ws/install/duckie_led_interfaces/share/duckie_led_interfaces/cmake/duckie_led_interfacesConfig-version.cmake
[0.725s] -- Up-to-date: /home/ubuntu/ros2_ws/install/duckie_led_interfaces/share/duckie_led_interfaces/package.xml
[0.729s] Invoked command in '/home/ubuntu/ros2_ws/build/duckie_led_interfaces' returned '0': CMAKE_PREFIX_PATH=/opt/ros/humble /usr/bin/cmake --install /home/ubuntu/ros2_ws/build/duckie_led_interfaces
