[1.845s] Invoking command in '/home/ubuntu/ros2_ws/src/duckie_vision_pkg': PYTHONPATH=/home/ubuntu/ros2_ws/build/duckie_vision_pkg/prefix_override:/usr/lib/python3/dist-packages/colcon_core/task/python/colcon_distutils_commands:/home/ubuntu/ros2_ws/install/duckie_vision_pkg/lib/python3.10/site-packages:${PYTHONPATH} /usr/bin/python3 -W ignore:setup.py install is deprecated -W ignore:easy_install command is deprecated setup.py egg_info --egg-base ../../build/duckie_vision_pkg build --build-base /home/ubuntu/ros2_ws/build/duckie_vision_pkg/build install --record /home/ubuntu/ros2_ws/build/duckie_vision_pkg/install.log --single-version-externally-managed install_data
[2.242s] running egg_info
[2.244s] creating ../../build/duckie_vision_pkg/duckie_vision_pkg.egg-info
[2.245s] writing ../../build/duckie_vision_pkg/duckie_vision_pkg.egg-info/PKG-INFO
[2.245s] writing dependency_links to ../../build/duckie_vision_pkg/duckie_vision_pkg.egg-info/dependency_links.txt
[2.245s] writing entry points to ../../build/duckie_vision_pkg/duckie_vision_pkg.egg-info/entry_points.txt
[2.246s] writing requirements to ../../build/duckie_vision_pkg/duckie_vision_pkg.egg-info/requires.txt
[2.246s] writing top-level names to ../../build/duckie_vision_pkg/duckie_vision_pkg.egg-info/top_level.txt
[2.247s] writing manifest file '../../build/duckie_vision_pkg/duckie_vision_pkg.egg-info/SOURCES.txt'
[2.253s] reading manifest file '../../build/duckie_vision_pkg/duckie_vision_pkg.egg-info/SOURCES.txt'
[2.254s] writing manifest file '../../build/duckie_vision_pkg/duckie_vision_pkg.egg-info/SOURCES.txt'
[2.254s] running build
[2.254s] running build_py
[2.255s] creating /home/ubuntu/ros2_ws/build/duckie_vision_pkg/build
[2.255s] creating /home/ubuntu/ros2_ws/build/duckie_vision_pkg/build/lib
[2.255s] creating /home/ubuntu/ros2_ws/build/duckie_vision_pkg/build/lib/duckie_vision_pkg
[2.256s] copying duckie_vision_pkg/vision_controller.py -> /home/ubuntu/ros2_ws/build/duckie_vision_pkg/build/lib/duckie_vision_pkg
[2.256s] copying duckie_vision_pkg/__init__.py -> /home/ubuntu/ros2_ws/build/duckie_vision_pkg/build/lib/duckie_vision_pkg
[2.257s] running install
[2.257s] running install_lib
[2.258s] creating /home/ubuntu/ros2_ws/install/duckie_vision_pkg/lib/python3.10/site-packages/duckie_vision_pkg
[2.258s] copying /home/ubuntu/ros2_ws/build/duckie_vision_pkg/build/lib/duckie_vision_pkg/vision_controller.py -> /home/ubuntu/ros2_ws/install/duckie_vision_pkg/lib/python3.10/site-packages/duckie_vision_pkg
[2.259s] copying /home/ubuntu/ros2_ws/build/duckie_vision_pkg/build/lib/duckie_vision_pkg/__init__.py -> /home/ubuntu/ros2_ws/install/duckie_vision_pkg/lib/python3.10/site-packages/duckie_vision_pkg
[2.260s] byte-compiling /home/ubuntu/ros2_ws/install/duckie_vision_pkg/lib/python3.10/site-packages/duckie_vision_pkg/vision_controller.py to vision_controller.cpython-310.pyc
[2.262s] byte-compiling /home/ubuntu/ros2_ws/install/duckie_vision_pkg/lib/python3.10/site-packages/duckie_vision_pkg/__init__.py to __init__.cpython-310.pyc
[2.262s] running install_data
[2.262s] creating /home/ubuntu/ros2_ws/install/duckie_vision_pkg/share/ament_index
[2.263s] creating /home/ubuntu/ros2_ws/install/duckie_vision_pkg/share/ament_index/resource_index
[2.263s] creating /home/ubuntu/ros2_ws/install/duckie_vision_pkg/share/ament_index/resource_index/packages
[2.263s] copying resource/duckie_vision_pkg -> /home/ubuntu/ros2_ws/install/duckie_vision_pkg/share/ament_index/resource_index/packages
[2.264s] copying package.xml -> /home/ubuntu/ros2_ws/install/duckie_vision_pkg/share/duckie_vision_pkg
[2.264s] running install_egg_info
[2.268s] Copying ../../build/duckie_vision_pkg/duckie_vision_pkg.egg-info to /home/ubuntu/ros2_ws/install/duckie_vision_pkg/lib/python3.10/site-packages/duckie_vision_pkg-0.0.0-py3.10.egg-info
[2.270s] running install_scripts
[2.303s] Installing vision_controller script to /home/ubuntu/ros2_ws/install/duckie_vision_pkg/lib/duckie_vision_pkg
[2.304s] writing list of installed files to '/home/ubuntu/ros2_ws/build/duckie_vision_pkg/install.log'
[2.395s] Invoked command in '/home/ubuntu/ros2_ws/src/duckie_vision_pkg' returned '0': PYTHONPATH=/home/ubuntu/ros2_ws/build/duckie_vision_pkg/prefix_override:/usr/lib/python3/dist-packages/colcon_core/task/python/colcon_distutils_commands:/home/ubuntu/ros2_ws/install/duckie_vision_pkg/lib/python3.10/site-packages:${PYTHONPATH} /usr/bin/python3 -W ignore:setup.py install is deprecated -W ignore:easy_install command is deprecated setup.py egg_info --egg-base ../../build/duckie_vision_pkg build --build-base /home/ubuntu/ros2_ws/build/duckie_vision_pkg/build install --record /home/ubuntu/ros2_ws/build/duckie_vision_pkg/install.log --single-version-externally-managed install_data
